RUN	com.gatling.tests.ISROWebPageSimulation	isrowebpagesimulation	1738306616467	Performance test of the ISRO Webpage	3.6.1
USER	ISROWebPageSimulation	START	1738306623570
USER	ISROWebPageSimulation	START	1738306623570
USER	ISROWebPageSimulation	START	1738306623570
USER	ISROWebPageSimulation	START	1738306623570
USER	ISROWebPageSimulation	START	1738306623570
USER	ISROWebPageSimulation	START	1738306623570
USER	ISROWebPageSimulation	START	1738306623570
USER	ISROWebPageSimulation	START	1738306623570
USER	ISROWebPageSimulation	START	1738306623570
USER	ISROWebPageSimulation	START	1738306623570
USER	ISROWebPageSimulation	START	1738306623570
REQUEST		request_0	1738306623626	1738306623763	OK	 
REQUEST		request_0	1738306623626	1738306623774	OK	 
REQUEST		request_0	1738306623626	1738306623763	OK	 
REQUEST		request_0	1738306623626	1738306623773	OK	 
REQUEST		request_0	1738306623626	1738306623761	OK	 
REQUEST		request_0	1738306623625	1738306623808	OK	 
REQUEST		request_0	1738306623625	1738306623818	OK	 
REQUEST		request_0	1738306623625	1738306623822	OK	 
REQUEST		request_0	1738306623626	1738306623844	OK	 
REQUEST		request_0	1738306623625	1738306623855	OK	 
REQUEST		request_0	1738306623625	1738306623861	OK	 
USER	ISROWebPageSimulation	START	1738306624059
REQUEST		favicon.png.webp	1738306624070	1738306624101	OK	 
REQUEST		favicon.png.webp	1738306624075	1738306624102	OK	 
REQUEST		favicon.png.webp	1738306624070	1738306624101	OK	 
REQUEST		favicon.png.webp	1738306624070	1738306624110	OK	 
REQUEST		favicon.png.webp	1738306624076	1738306624113	OK	 
REQUEST		favicon.png.webp	1738306624077	1738306624115	OK	 
REQUEST		favicon.png.webp	1738306624070	1738306624118	OK	 
REQUEST		favicon.png.webp	1738306624076	1738306624119	OK	 
REQUEST		favicon.png.webp	1738306624070	1738306624123	OK	 
REQUEST		favicon.png.webp	1738306624097	1738306624128	OK	 
REQUEST		favicon.png.webp	1738306624100	1738306624132	OK	 
REQUEST		IRoC-U_2025high.png.webp	1738306624103	1738306624144	OK	 
REQUEST		IRoC-U_2025high.png.webp	1738306624108	1738306624148	OK	 
REQUEST		IRoC-U_2025high.png.webp	1738306624110	1738306624152	OK	 
REQUEST		IRoC-U_2025high.png.webp	1738306624119	1738306624168	OK	 
REQUEST		IRoC-U_2025high.png.webp	1738306624118	1738306624168	OK	 
REQUEST		IRoC-U_2025high.png.webp	1738306624120	1738306624170	OK	 
REQUEST		IRoC-U_2025high.png.webp	1738306624119	1738306624174	OK	 
REQUEST		IRoC-U_2025high.png.webp	1738306624130	1738306624175	OK	 
REQUEST		request_0	1738306624060	1738306624182	OK	 
REQUEST		IRoC-U_2025high.png.webp	1738306624134	1738306624186	OK	 
REQUEST		contact.jpg.webp	1738306624093	1738306624193	OK	 
REQUEST		IRoC-U_2025high.png.webp	1738306624132	1738306624197	OK	 
REQUEST		IRoC-U_2025high.png.webp	1738306624133	1738306624198	OK	 
REQUEST		contact.jpg.webp	1738306624076	1738306624200	OK	 
REQUEST		glex2025high.png.webp	1738306624153	1738306624201	OK	 
REQUEST		contact.jpg.webp	1738306624097	1738306624203	OK	 
REQUEST		start2025_030125.png.webp	1738306624102	1738306624204	OK	 
REQUEST		vcd15cbe7772f49c399c6a5babf22c1241717689176015	1738306624053	1738306624215	OK	 
REQUEST		glex2025high.png.webp	1738306624145	1738306624215	OK	 
REQUEST		vcd15cbe7772f49c399c6a5babf22c1241717689176015	1738306624066	1738306624219	OK	 
REQUEST		start2025_030125.png.webp	1738306624094	1738306624221	OK	 
REQUEST		askanexpert.png.webp	1738306624093	1738306624221	OK	 
REQUEST		feedback.jpg.webp	1738306624094	1738306624223	OK	 
REQUEST		glex2025high.png.webp	1738306624149	1738306624223	OK	 
REQUEST		feedback.jpg.webp	1738306624094	1738306624229	OK	 
REQUEST		askanexpert.png.webp	1738306624097	1738306624230	OK	 
REQUEST		vcd15cbe7772f49c399c6a5babf22c1241717689176015	1738306624063	1738306624232	OK	 
REQUEST		feedback.jpg.webp	1738306624091	1738306624232	OK	 
REQUEST		glex2025high.png.webp	1738306624169	1738306624238	OK	 
REQUEST		glex2025high.png.webp	1738306624169	1738306624238	OK	 
REQUEST		glex2025high.png.webp	1738306624173	1738306624243	OK	 
REQUEST		askanexpert.png.webp	1738306624094	1738306624244	OK	 
REQUEST		vcd15cbe7772f49c399c6a5babf22c1241717689176015	1738306624059	1738306624245	OK	 
REQUEST		vcd15cbe7772f49c399c6a5babf22c1241717689176015	1738306624059	1738306624246	OK	 
REQUEST		feedback.jpg.webp	1738306624102	1738306624247	OK	 
REQUEST		askanexpert.png.webp	1738306624101	1738306624247	OK	 
REQUEST		contact.jpg.webp	1738306624098	1738306624249	OK	 
REQUEST		vcd15cbe7772f49c399c6a5babf22c1241717689176015	1738306624062	1738306624254	OK	 
REQUEST		glex2025high.png.webp	1738306624176	1738306624255	OK	 
REQUEST		askanexpert.png.webp	1738306624090	1738306624254	OK	 
REQUEST		glex2025high.png.webp	1738306624175	1738306624258	OK	 
REQUEST		contact.jpg.webp	1738306624093	1738306624262	OK	 
REQUEST		askanexpert.png.webp	1738306624094	1738306624262	OK	 
REQUEST		megascience.png.webp	1738306624204	1738306624283	OK	 
REQUEST		feedback.jpg.webp	1738306624100	1738306624284	OK	 
REQUEST		megascience.png.webp	1738306624202	1738306624285	OK	 
REQUEST		askanexpert.png.webp	1738306624094	1738306624287	OK	 
REQUEST		vcd15cbe7772f49c399c6a5babf22c1241717689176015	1738306624053	1738306624287	OK	 
REQUEST		megascience.png.webp	1738306624196	1738306624287	OK	 
REQUEST		start2025_030125.png.webp	1738306624094	1738306624288	OK	 
REQUEST		spaceday130824_high.png.webp	1738306624206	1738306624289	OK	 
REQUEST		megascience.png.webp	1738306624201	1738306624290	OK	 
REQUEST		feedback.jpg.webp	1738306624104	1738306624291	OK	 
REQUEST		vcd15cbe7772f49c399c6a5babf22c1241717689176015	1738306624060	1738306624292	OK	 
REQUEST		start2025_030125.png.webp	1738306624103	1738306624294	OK	 
REQUEST		contact.jpg.webp	1738306624076	1738306624295	OK	 
REQUEST		glex2025high.png.webp	1738306624198	1738306624296	OK	 
REQUEST		glex2025high.png.webp	1738306624192	1738306624300	OK	 
REQUEST		favicon.png.webp	1738306624194	1738306624305	OK	 
REQUEST		glex2025high.png.webp	1738306624199	1738306624305	OK	 
REQUEST		askanexpert.png.webp	1738306624080	1738306624305	OK	 
REQUEST		askanexpert.png.webp	1738306624098	1738306624306	OK	 
REQUEST		start2025_030125.png.webp	1738306624100	1738306624308	OK	 
REQUEST		start2025_030125.png.webp	1738306624092	1738306624310	OK	 
REQUEST		feedback.jpg.webp	1738306624093	1738306624310	OK	 
REQUEST		contact.jpg.webp	1738306624079	1738306624311	OK	 
REQUEST		vcd15cbe7772f49c399c6a5babf22c1241717689176015	1738306624070	1738306624313	OK	 
REQUEST		contact.jpg.webp	1738306624080	1738306624314	OK	 
REQUEST		feedback.jpg.webp	1738306624099	1738306624314	OK	 
REQUEST		feedback.jpg.webp	1738306624102	1738306624316	OK	 
REQUEST		start2025_030125.png.webp	1738306624112	1738306624317	OK	 
REQUEST		contact.jpg.webp	1738306624092	1738306624317	OK	 
REQUEST		start2025_030125.png.webp	1738306624095	1738306624318	OK	 
REQUEST		askanexpert.png.webp	1738306624101	1738306624321	OK	 
REQUEST		contact.jpg.webp	1738306624076	1738306624321	OK	 
REQUEST		feedback.jpg.webp	1738306624100	1738306624321	OK	 
REQUEST		vcd15cbe7772f49c399c6a5babf22c1241717689176015	1738306624065	1738306624326	OK	 
REQUEST		start2025_030125.png.webp	1738306624100	1738306624326	OK	 
REQUEST		spaceday130824_high.png.webp	1738306624222	1738306624328	OK	 
REQUEST		spaceday130824_high.png.webp	1738306624216	1738306624329	OK	 
REQUEST		spaceday130824_high.png.webp	1738306624225	1738306624330	OK	 
REQUEST		Respond_Basket_2024_Highlights.png.webp	1738306624103	1738306624333	OK	 
REQUEST		vcd15cbe7772f49c399c6a5babf22c1241717689176015	1738306624062	1738306624335	OK	 
REQUEST		start2025_030125.png.webp	1738306624109	1738306624334	OK	 
REQUEST		megascience.png.webp	1738306624222	1738306624338	OK	 
REQUEST		inspace_high010824.png.webp	1738306624224	1738306624337	OK	 
REQUEST		megascience.png.webp	1738306624233	1738306624339	OK	 
REQUEST		megascience.png.webp	1738306624239	1738306624341	OK	 
REQUEST		inspace_high010824.png.webp	1738306624230	1738306624341	OK	 
REQUEST		geoportals300724_high.png.webp	1738306624239	1738306624343	OK	 
REQUEST		feedback.jpg.webp	1738306624111	1738306624344	OK	 
REQUEST		inspace_high010824.png.webp	1738306624244	1738306624345	OK	 
REQUEST		Respond_Basket_2024_Highlights.png.webp	1738306624113	1738306624345	OK	 
REQUEST		Respond_Basket_2024_Highlights.png.webp	1738306624109	1738306624348	OK	 
REQUEST		askanexpert.png.webp	1738306624110	1738306624349	OK	 
REQUEST		interscienceworkshop.png.webp	1738306624263	1738306624350	OK	 
REQUEST		Respond_Basket_2024_Highlights.png.webp	1738306624094	1738306624351	OK	 
REQUEST		spaceday130824_high.png.webp	1738306624231	1738306624351	OK	 
REQUEST		geoportals300724_high.png.webp	1738306624245	1738306624352	OK	 
REQUEST		spaceday130824_high.png.webp	1738306624249	1738306624352	OK	 
REQUEST		inspace_high010824.png.webp	1738306624259	1738306624353	OK	 
REQUEST		megascience.png.webp	1738306624256	1738306624354	OK	 
REQUEST		spaceday130824_high.png.webp	1738306624257	1738306624357	OK	 
REQUEST		megascience.png.webp	1738306624248	1738306624361	OK	 
REQUEST		spaceday130824_high.png.webp	1738306624250	1738306624363	OK	 
REQUEST		inspace_high010824.png.webp	1738306624263	1738306624364	OK	 
REQUEST		Respond_Basket_2024_Highlights.png.webp	1738306624095	1738306624366	OK	 
REQUEST		Respond_Basket_2024_Highlights.png.webp	1738306624096	1738306624375	OK	 
REQUEST		interscienceworkshop.png.webp	1738306624288	1738306624377	OK	 
REQUEST		interscienceworkshop.png.webp	1738306624290	1738306624377	OK	 
REQUEST		NSPD290724_high.png.webp	1738306624290	1738306624379	OK	 
REQUEST		Respond_Basket_2024_Highlights.png.webp	1738306624102	1738306624380	OK	 
REQUEST		geoportals300724_high.png.webp	1738306624287	1738306624382	OK	 
REQUEST		geoportals300724_high.png.webp	1738306624284	1738306624382	OK	 
REQUEST		Respond_Basket_2024_Highlights.png.webp	1738306624104	1738306624384	OK	 
REQUEST		megascience.png.webp	1738306624297	1738306624384	OK	 
REQUEST		contact.jpg.webp	1738306624102	1738306624385	OK	 
REQUEST		inspace_high010824.png.webp	1738306624296	1738306624386	OK	 
REQUEST		geoportals300724_high.png.webp	1738306624311	1738306624386	OK	 
REQUEST		inspace_high010824.png.webp	1738306624292	1738306624390	OK	 
REQUEST		start2025_030125.png.webp	1738306624113	1738306624390	OK	 
REQUEST		IRoC-U_2025high.png.webp	1738306624305	1738306624390	OK	 
REQUEST		geoportals300724_high.png.webp	1738306624301	1738306624391	OK	 
REQUEST		spaceday130824_high.png.webp	1738306624306	1738306624393	OK	 
REQUEST		interscienceworkshop.png.webp	1738306624309	1738306624397	OK	 
REQUEST		megascience.png.webp	1738306624305	1738306624396	OK	 
REQUEST		NSPD290724_high.png.webp	1738306624320	1738306624397	OK	 
REQUEST		inspace_high010824.png.webp	1738306624311	1738306624396	OK	 
REQUEST		NSPD290724_high.png.webp	1738306624315	1738306624399	OK	 
REQUEST		geoportals300724_high.png.webp	1738306624306	1738306624400	OK	 
REQUEST		geoportals300724_high.png.webp	1738306624311	1738306624402	OK	 
REQUEST		interscienceworkshop.png.webp	1738306624314	1738306624404	OK	 
REQUEST		NSPD290724_high.png.webp	1738306624331	1738306624405	OK	 
REQUEST		nspd_high.jpg.webp	1738306624329	1738306624405	OK	 
REQUEST		interscienceworkshop.png.webp	1738306624318	1738306624406	OK	 
REQUEST		nspd_high.jpg.webp	1738306624330	1738306624406	OK	 
REQUEST		igrasp.png.webp	1738306624334	1738306624407	OK	 
REQUEST		NSPD290724_high.png.webp	1738306624346	1738306624408	OK	 
REQUEST		stem.png.webp	1738306624344	1738306624410	OK	 
REQUEST		interscienceworkshop.png.webp	1738306624318	1738306624410	OK	 
REQUEST		NSPD290724_high.png.webp	1738306624339	1738306624410	OK	 
REQUEST		interscienceworkshop.png.webp	1738306624327	1738306624411	OK	 
REQUEST		geoportals300724_high.png.webp	1738306624322	1738306624412	OK	 
REQUEST		interscienceworkshop.png.webp	1738306624336	1738306624413	OK	 
REQUEST		interscienceworkshop.png.webp	1738306624321	1738306624414	OK	 
REQUEST		igrasp.png.webp	1738306624339	1738306624415	OK	 
REQUEST		igrasp.png.webp	1738306624342	1738306624415	OK	 
REQUEST		igrasp.png.webp	1738306624352	1738306624417	OK	 
REQUEST		NSPD290724_high.png.webp	1738306624341	1738306624418	OK	 
REQUEST		nspd_high.jpg.webp	1738306624354	1738306624418	OK	 
REQUEST		feedback.jpg.webp	1738306624196	1738306624419	OK	 
REQUEST		igrasp.png.webp	1738306624358	1738306624420	OK	 
REQUEST		nspd_high.jpg.webp	1738306624348	1738306624420	OK	 
REQUEST		nspd_high.jpg.webp	1738306624338	1738306624421	OK	 
REQUEST		stem.png.webp	1738306624352	1738306624421	OK	 
REQUEST		igrasp.png.webp	1738306624353	1738306624421	OK	 
REQUEST		vcd15cbe7772f49c399c6a5babf22c1241717689176015	1738306624193	1738306624421	OK	 
REQUEST		igrasp.png.webp	1738306624352	1738306624422	OK	 
REQUEST		NSPD290724_high.png.webp	1738306624355	1738306624422	OK	 
REQUEST		Respond_Basket_2024_Highlights.png.webp	1738306624119	1738306624423	OK	 
REQUEST		askanexpert.png.webp	1738306624196	1738306624424	OK	 
REQUEST		nspd_high.jpg.webp	1738306624361	1738306624425	OK	 
REQUEST		stem.png.webp	1738306624365	1738306624425	OK	 
REQUEST		nspd_high.jpg.webp	1738306624346	1738306624425	OK	 
REQUEST		spark.png.webp	1738306624350	1738306624426	OK	 
REQUEST		spaceday130824_high.png.webp	1738306624345	1738306624426	OK	 
REQUEST		inspace_high010824.png.webp	1738306624350	1738306624429	OK	 
REQUEST		igrasp.png.webp	1738306624364	1738306624430	OK	 
REQUEST		mosdac.jpg.webp	1738306624376	1738306624432	OK	 
REQUEST		spark.png.webp	1738306624376	1738306624432	OK	 
REQUEST		nspd_high.jpg.webp	1738306624321	1738306624431	OK	 
REQUEST		contact.jpg.webp	1738306624196	1738306624432	OK	 
REQUEST		NSPD290724_high.png.webp	1738306624317	1738306624434	OK	 
REQUEST		start2025_030125.png.webp	1738306624196	1738306624434	OK	 
REQUEST		stem.png.webp	1738306624382	1738306624435	OK	 
REQUEST		nspd_high.jpg.webp	1738306624381	1738306624436	OK	 
REQUEST		NSPD290724_high.png.webp	1738306624386	1738306624436	OK	 
REQUEST		spark.png.webp	1738306624385	1738306624437	OK	 
REQUEST		spark.png.webp	1738306624383	1738306624439	OK	 
REQUEST		issdc.png.webp	1738306624380	1738306624441	OK	 
REQUEST		mosdac.jpg.webp	1738306624383	1738306624441	OK	 
REQUEST		interscienceworkshop.png.webp	1738306624390	1738306624441	OK	 
REQUEST		Respond_Basket_2024_Highlights.png.webp	1738306624110	1738306624442	OK	 
REQUEST		glex2025high.png.webp	1738306624391	1738306624443	OK	 
REQUEST		stem.png.webp	1738306624387	1738306624443	OK	 
REQUEST		stem.png.webp	1738306624403	1738306624443	OK	 
REQUEST		geoportals300724_high.png.webp	1738306624389	1738306624443	OK	 
REQUEST		nspd_high.jpg.webp	1738306624394	1738306624444	OK	 
REQUEST		stem.png.webp	1738306624378	1738306624443	OK	 
REQUEST		igrasp.png.webp	1738306624389	1738306624445	OK	 
REQUEST		mosdac.jpg.webp	1738306624414	1738306624446	OK	 
REQUEST		NSPD290724_high.png.webp	1738306624399	1738306624445	OK	 
REQUEST		mosdac.jpg.webp	1738306624397	1738306624447	OK	 
REQUEST		bhuvan.png.webp	1738306624414	1738306624447	OK	 
REQUEST		spark.png.webp	1738306624414	1738306624448	OK	 
REQUEST		issdc.png.webp	1738306624398	1738306624449	OK	 
REQUEST		igrasp.png.webp	1738306624404	1738306624449	OK	 
REQUEST		mosdac.jpg.webp	1738306624409	1738306624449	OK	 
REQUEST		spark.png.webp	1738306624409	1738306624450	OK	 
REQUEST		issdc.png.webp	1738306624402	1738306624450	OK	 
REQUEST		bhoonidhi.png.webp	1738306624407	1738306624450	OK	 
REQUEST		stem.png.webp	1738306624401	1738306624451	OK	 
REQUEST		bhoonidhi.png.webp	1738306624409	1738306624451	OK	 
REQUEST		spark.png.webp	1738306624405	1738306624452	OK	 
REQUEST		vedas.png.webp	1738306624422	1738306624453	OK	 
REQUEST		igrasp.png.webp	1738306624427	1738306624453	OK	 
REQUEST		spark.png.webp	1738306624401	1738306624447	OK	 
REQUEST		spark.png.webp	1738306624412	1738306624452	OK	 
REQUEST		stem.png.webp	1738306624390	1738306624454	OK	 
REQUEST		issdc.png.webp	1738306624419	1738306624454	OK	 
REQUEST		stem.png.webp	1738306624413	1738306624454	OK	 
REQUEST		issdc.png.webp	1738306624421	1738306624455	OK	 
REQUEST		issdc.png.webp	1738306624409	1738306624456	OK	 
REQUEST		vedas.png.webp	1738306624422	1738306624456	OK	 
REQUEST		mosdac.jpg.webp	1738306624415	1738306624457	OK	 
REQUEST		Respond_Basket_2024_Highlights.png.webp	1738306624199	1738306624458	OK	 
REQUEST		nspd_high.jpg.webp	1738306624424	1738306624458	OK	 
REQUEST		bhoonidhi.png.webp	1738306624423	1738306624459	OK	 
REQUEST		vedas.png.webp	1738306624436	1738306624459	OK	 
REQUEST		isro1.png.webp	1738306624427	1738306624459	OK	 
REQUEST		bhuvan.png.webp	1738306624425	1738306624459	OK	 
REQUEST		spaceday130824_high.png.webp	1738306624425	1738306624460	OK	 
REQUEST		mosdac.jpg.webp	1738306624437	1738306624461	OK	 
REQUEST		isro1.png.webp	1738306624438	1738306624461	OK	 
REQUEST		mosdac.jpg.webp	1738306624407	1738306624462	OK	 
REQUEST		spark.png.webp	1738306624414	1738306624462	OK	 
REQUEST		issdc.png.webp	1738306624433	1738306624462	OK	 
REQUEST		stem.png.webp	1738306624430	1738306624462	OK	 
REQUEST		spadex_rec.png.webp	1738306624433	1738306624463	OK	 
REQUEST		bhoonidhi.png.webp	1738306624422	1738306624463	OK	 
REQUEST		issdc.png.webp	1738306624436	1738306624464	OK	 
REQUEST		isro1.png.webp	1738306624433	1738306624464	OK	 
REQUEST		bhoonidhi.png.webp	1738306624421	1738306624466	OK	 
REQUEST		bhuvan.png.webp	1738306624440	1738306624468	OK	 
REQUEST		spark.png.webp	1738306624442	1738306624468	OK	 
REQUEST		bhoonidhi.png.webp	1738306624435	1738306624470	OK	 
REQUEST		mosdac.jpg.webp	1738306624423	1738306624469	OK	 
REQUEST		pslv_c59_rec.png.webp	1738306624441	1738306624471	OK	 
REQUEST		issdc.png.webp	1738306624422	1738306624473	OK	 
REQUEST		bhoonidhi.png.webp	1738306624418	1738306624473	OK	 
REQUEST		bhuvan.png.webp	1738306624431	1738306624474	OK	 
REQUEST		megascience.png.webp	1738306624420	1738306624473	OK	 
REQUEST		bhuvan.png.webp	1738306624420	1738306624475	OK	 
REQUEST		bhoonidhi.png.webp	1738306624425	1738306624476	OK	 
REQUEST		geoportals300724_high.png.webp	1738306624436	1738306624476	OK	 
REQUEST		issdc.png.webp	1738306624442	1738306624476	OK	 
REQUEST		bhuvan.png.webp	1738306624425	1738306624477	OK	 
REQUEST		bhuvan.png.webp	1738306624444	1738306624479	OK	 
REQUEST		mosdac.jpg.webp	1738306624444	1738306624479	OK	 
REQUEST		spadex_rec.png.webp	1738306624448	1738306624482	OK	 
REQUEST		mosdac.jpg.webp	1738306624419	1738306624483	OK	 
REQUEST		isro1.png.webp	1738306624455	1738306624483	OK	 
REQUEST		bhoonidhi.png.webp	1738306624444	1738306624483	OK	 
REQUEST		vedas.png.webp	1738306624455	1738306624485	OK	 
REQUEST		issdc.png.webp	1738306624447	1738306624486	OK	 
REQUEST		vedas.png.webp	1738306624454	1738306624487	OK	 
REQUEST		vedas.png.webp	1738306624453	1738306624487	OK	 
REQUEST		isro1.png.webp	1738306624452	1738306624489	OK	 
REQUEST		vedas.png.webp	1738306624450	1738306624490	OK	 
REQUEST		spadex_rec.png.webp	1738306624442	1738306624490	OK	 
REQUEST		bhoonidhi.png.webp	1738306624453	1738306624490	OK	 
REQUEST		sslvd3_rec160824.png.webp	1738306624448	1738306624492	OK	 
REQUEST		inspace_high010824.png.webp	1738306624432	1738306624492	OK	 
REQUEST		spadex_rec.png.webp	1738306624457	1738306624493	OK	 
REQUEST		interscienceworkshop.png.webp	1738306624444	1738306624494	OK	 
REQUEST		pslv_c59_rec.png.webp	1738306624450	1738306624495	OK	 
REQUEST		PRL-new_small.jpg.webp	1738306624457	1738306624495	OK	 
REQUEST		isro1.png.webp	1738306624456	1738306624496	OK	 
REQUEST		spadex_rec.png.webp	1738306624457	1738306624498	OK	 
REQUEST		nesac_small.png.webp	1738306624460	1738306624499	OK	 
REQUEST		bhoonidhi.png.webp	1738306624446	1738306624499	OK	 
REQUEST		isro1.png.webp	1738306624460	1738306624499	OK	 
REQUEST		inspace_high010824.png.webp	1738306624286	1738306624500	OK	 
REQUEST		sslvd3_rec160824.png.webp	1738306624450	1738306624500	OK	 
REQUEST		vedas.png.webp	1738306624446	1738306624503	OK	 
REQUEST		narl_small.jpg.webp	1738306624465	1738306624506	OK	 
REQUEST		PRL-new_small.jpg.webp	1738306624463	1738306624506	OK	 
REQUEST		bhuvan.png.webp	1738306624459	1738306624509	OK	 
REQUEST		bhuvan.png.webp	1738306624449	1738306624512	OK	 
REQUEST		spadex_rec.png.webp	1738306624461	1738306624513	OK	 
REQUEST		pslv_c59_rec.png.webp	1738306624464	1738306624513	OK	 
REQUEST		spadex_rec.png.webp	1738306624463	1738306624520	OK	 
REQUEST		sslvd3_rec160824.png.webp	1738306624459	1738306624520	OK	 
REQUEST		isro1.png.webp	1738306624465	1738306624521	OK	 
REQUEST		iist_small.png.webp	1738306624463	1738306624521	OK	 
REQUEST		pslv_c59_rec.png.webp	1738306624466	1738306624521	OK	 
REQUEST		vedas.png.webp	1738306624463	1738306624522	OK	 
REQUEST		pslv_c59_rec.png.webp	1738306624469	1738306624527	OK	 
REQUEST		spadex_rec.png.webp	1738306624463	1738306624528	OK	 
REQUEST		nspd_high.jpg.webp	1738306624461	1738306624529	OK	 
REQUEST		sslvd3_rec160824.png.webp	1738306624470	1738306624529	OK	 
REQUEST		vedas.png.webp	1738306624445	1738306624531	OK	 
REQUEST		isroHQs.jpg.webp	1738306624472	1738306624534	OK	 
REQUEST		PRL-new_small.jpg.webp	1738306624451	1738306624537	OK	 
REQUEST		bhuvan.png.webp	1738306624451	1738306624537	OK	 
REQUEST		pslv_c59_rec.png.webp	1738306624462	1738306624539	OK	 
REQUEST		pslv_c59_rec.png.webp	1738306624449	1738306624540	OK	 
REQUEST		bhuvan.png.webp	1738306624443	1738306624541	OK	 
REQUEST		isro1.png.webp	1738306624470	1738306624542	OK	 
REQUEST		isro1.png.webp	1738306624459	1738306624543	OK	 
REQUEST		spadex_rec.png.webp	1738306624463	1738306624543	OK	 
REQUEST		NSPD290724_high.png.webp	1738306624458	1738306624544	OK	 
REQUEST		vedas.png.webp	1738306624456	1738306624545	OK	 
REQUEST		Respond_Basket_2024_Highlights.png.webp	1738306624093	1738306624545	OK	 
REQUEST		narl_small.jpg.webp	1738306624453	1738306624545	OK	 
REQUEST		spadex_rec.png.webp	1738306624471	1738306624547	OK	 
REQUEST		sslvd3_rec160824.png.webp	1738306624483	1738306624549	OK	 
REQUEST		pslv_c59_rec.png.webp	1738306624477	1738306624553	OK	 
REQUEST		narl_small.jpg.webp	1738306624483	1738306624555	OK	 
REQUEST		iist_small.png.webp	1738306624485	1738306624555	OK	 
REQUEST		isro1.png.webp	1738306624458	1738306624557	OK	 
REQUEST		sslvd3_rec160824.png.webp	1738306624481	1738306624558	OK	 
REQUEST		sslvd3_rec160824.png.webp	1738306624483	1738306624559	OK	 
USER	ISROWebPageSimulation	START	1738306624563
REQUEST		spadex_rec.png.webp	1738306624480	1738306624565	OK	 
REQUEST		PRL-new_small.jpg.webp	1738306624486	1738306624566	OK	 
REQUEST		nesac_small.png.webp	1738306624491	1738306624566	OK	 
REQUEST		VSSC.jpg.webp	1738306624492	1738306624567	OK	 
REQUEST		narl_small.jpg.webp	1738306624493	1738306624568	OK	 
REQUEST		pslv_c59_rec.png.webp	1738306624490	1738306624572	OK	 
REQUEST		sslvd3_rec160824.png.webp	1738306624491	1738306624573	OK	 
REQUEST		PRL-new_small.jpg.webp	1738306624491	1738306624575	OK	 
REQUEST		narl_small.jpg.webp	1738306624474	1738306624580	OK	 
REQUEST		pslv_c59_rec.png.webp	1738306624488	1738306624580	OK	 
REQUEST		nesac_small.png.webp	1738306624475	1738306624580	OK	 
REQUEST		narl_small.jpg.webp	1738306624496	1738306624580	OK	 
REQUEST		igrasp.png.webp	1738306624474	1738306624581	OK	 
REQUEST		nesac_small.png.webp	1738306624478	1738306624582	OK	 
REQUEST		PRL-new_small.jpg.webp	1738306624490	1738306624583	OK	 
REQUEST		sslvd3_rec160824.png.webp	1738306624474	1738306624583	OK	 
REQUEST		isroHQs.jpg.webp	1738306624496	1738306624585	OK	 
REQUEST		mosdac.jpg.webp	1738306624494	1738306624585	OK	 
REQUEST		pslv_c59_rec.png.webp	1738306624474	1738306624588	OK	 
REQUEST		stem.png.webp	1738306624477	1738306624589	OK	 
REQUEST		isroHQs.jpg.webp	1738306624495	1738306624589	OK	 
REQUEST		iist_small.png.webp	1738306624498	1738306624595	OK	 
REQUEST		PRL-new_small.jpg.webp	1738306624501	1738306624596	OK	 
REQUEST		sslvd3_rec160824.png.webp	1738306624499	1738306624597	OK	 
REQUEST		narl_small.jpg.webp	1738306624499	1738306624597	OK	 
REQUEST		spark.png.webp	1738306624493	1738306624596	OK	 
REQUEST		VSSC.jpg.webp	1738306624502	1738306624599	OK	 
REQUEST		iist_small.png.webp	1738306624490	1738306624600	OK	 
REQUEST		nesac_small.png.webp	1738306624513	1738306624603	OK	 
REQUEST		nesac_small.png.webp	1738306624504	1738306624605	OK	 
REQUEST		PRL-new_small.jpg.webp	1738306624511	1738306624605	OK	 
REQUEST		VSSC.jpg.webp	1738306624506	1738306624606	OK	 
REQUEST		PRL-new_small.jpg.webp	1738306624476	1738306624607	OK	 
REQUEST		LPSC.jpg.webp	1738306624500	1738306624607	OK	 
REQUEST		LPSC.jpg.webp	1738306624506	1738306624605	OK	 
REQUEST		sslvd3_rec160824.png.webp	1738306624513	1738306624610	OK	 
REQUEST		nesac_small.png.webp	1738306624529	1738306624610	OK	 
REQUEST		iist_small.png.webp	1738306624530	1738306624612	OK	 
REQUEST		PRL-new_small.jpg.webp	1738306624521	1738306624613	OK	 
REQUEST		issdc.png.webp	1738306624529	1738306624613	OK	 
REQUEST		LPSC.jpg.webp	1738306624521	1738306624613	OK	 
REQUEST		narl_small.jpg.webp	1738306624522	1738306624614	OK	 
REQUEST		nesac_small.png.webp	1738306624512	1738306624614	OK	 
REQUEST		iist_small.png.webp	1738306624524	1738306624614	OK	 
REQUEST		isroHQs.jpg.webp	1738306624539	1738306624618	OK	 
REQUEST		iist_small.png.webp	1738306624529	1738306624618	OK	 
REQUEST		SHAR.jpg.webp	1738306624521	1738306624621	OK	 
REQUEST		PRL-new_small.jpg.webp	1738306624541	1738306624624	OK	 
REQUEST		SHAR.jpg.webp	1738306624541	1738306624624	OK	 
REQUEST		sac.jpg.webp	1738306624537	1738306624625	OK	 
REQUEST		narl_small.jpg.webp	1738306624538	1738306624625	OK	 
REQUEST		narl_small.jpg.webp	1738306624522	1738306624627	OK	 
REQUEST		ursc.jpg.webp	1738306624534	1738306624627	OK	 
REQUEST		nesac_small.png.webp	1738306624543	1738306624627	OK	 
REQUEST		bhoonidhi.png.webp	1738306624545	1738306624627	OK	 
REQUEST		iist_small.png.webp	1738306624544	1738306624628	OK	 
REQUEST		isroHQs.jpg.webp	1738306624546	1738306624630	OK	 
REQUEST		nrsc.jpg.webp	1738306624546	1738306624632	OK	 
REQUEST		isroHQs.jpg.webp	1738306624533	1738306624634	OK	 
REQUEST		nesac_small.png.webp	1738306624547	1738306624634	OK	 
REQUEST		VSSC.jpg.webp	1738306624544	1738306624635	OK	 
REQUEST		isroHQs.jpg.webp	1738306624549	1738306624640	OK	 
REQUEST		isroHQs.jpg.webp	1738306624554	1738306624643	OK	 
REQUEST		SHAR.jpg.webp	1738306624555	1738306624644	OK	 
REQUEST		narl_small.jpg.webp	1738306624545	1738306624644	OK	 
REQUEST		VSSC.jpg.webp	1738306624555	1738306624644	OK	 
REQUEST		VSSC.jpg.webp	1738306624559	1738306624650	OK	 
REQUEST		VSSC.jpg.webp	1738306624560	1738306624651	OK	 
REQUEST		nesac_small.png.webp	1738306624557	1738306624651	OK	 
REQUEST		iist_small.png.webp	1738306624565	1738306624653	OK	 
REQUEST		HSFC.png.webp	1738306624568	1738306624654	OK	 
REQUEST		LPSC.jpg.webp	1738306624572	1738306624655	OK	 
REQUEST		LPSC.jpg.webp	1738306624566	1738306624655	OK	 
REQUEST		isroHQs.jpg.webp	1738306624572	1738306624657	OK	 
REQUEST		VSSC.jpg.webp	1738306624573	1738306624659	OK	 
REQUEST		VSSC.jpg.webp	1738306624566	1738306624664	OK	 
REQUEST		LPSC.jpg.webp	1738306624581	1738306624665	OK	 
REQUEST		ursc.jpg.webp	1738306624581	1738306624667	OK	 
REQUEST		sac.jpg.webp	1738306624583	1738306624668	OK	 
REQUEST		SHAR.jpg.webp	1738306624583	1738306624668	OK	 
REQUEST		bhuvan.png.webp	1738306624581	1738306624669	OK	 
REQUEST		sac.jpg.webp	1738306624585	1738306624669	OK	 
REQUEST		spaceday130824_high.png.webp	1738306624285	1738306624669	OK	 
REQUEST		vedas.png.webp	1738306624585	1738306624670	OK	 
REQUEST		ursc.jpg.webp	1738306624580	1738306624671	OK	 
REQUEST		SHAR.jpg.webp	1738306624583	1738306624671	OK	 
REQUEST		SHAR.jpg.webp	1738306624577	1738306624671	OK	 
REQUEST		iist_small.png.webp	1738306624580	1738306624672	OK	 
REQUEST		iist_small.png.webp	1738306624588	1738306624672	OK	 
REQUEST		isro1.png.webp	1738306624589	1738306624673	OK	 
REQUEST		ursc.jpg.webp	1738306624596	1738306624673	OK	 
REQUEST		LPSC.jpg.webp	1738306624597	1738306624674	OK	 
REQUEST		isroHQs.jpg.webp	1738306624597	1738306624677	OK	 
REQUEST		LPSC.jpg.webp	1738306624597	1738306624678	OK	 
REQUEST		nrsc.jpg.webp	1738306624589	1738306624678	OK	 
REQUEST		spadex_rec.png.webp	1738306624598	1738306624682	OK	 
REQUEST		HSFC.png.webp	1738306624601	1738306624683	OK	 
REQUEST		IPRC.jpg.webp	1738306624608	1738306624684	OK	 
REQUEST		LPSC.jpg.webp	1738306624605	1738306624686	OK	 
REQUEST		SHAR.jpg.webp	1738306624604	1738306624687	OK	 
REQUEST		HSFC.png.webp	1738306624607	1738306624690	OK	 
REQUEST		ursc.jpg.webp	1738306624605	1738306624690	OK	 
REQUEST		sac.jpg.webp	1738306624608	1738306624691	OK	 
REQUEST		IPRC.jpg.webp	1738306624614	1738306624692	OK	 
REQUEST		isroHQs.jpg.webp	1738306624610	1738306624693	OK	 
REQUEST		IPRC.jpg.webp	1738306624608	1738306624694	OK	 
REQUEST		ursc.jpg.webp	1738306624612	1738306624695	OK	 
REQUEST		SHAR.jpg.webp	1738306624611	1738306624696	OK	 
REQUEST		SHAR.jpg.webp	1738306624615	1738306624704	OK	 
REQUEST		ursc.jpg.webp	1738306624615	1738306624704	OK	 
REQUEST		sac.jpg.webp	1738306624616	1738306624706	OK	 
REQUEST		VSSC.jpg.webp	1738306624613	1738306624705	OK	 
REQUEST		pslv_c59_rec.png.webp	1738306624613	1738306624709	OK	 
REQUEST		nrsc.jpg.webp	1738306624619	1738306624718	OK	 
REQUEST		istrac.jpg.webp	1738306624626	1738306624718	OK	 
REQUEST		IISU.jpg.webp	1738306624624	1738306624718	OK	 
REQUEST		nrsc.jpg.webp	1738306624599	1738306624719	OK	 
REQUEST		LEOS.png.webp	1738306624634	1738306624720	OK	 
REQUEST		sac.jpg.webp	1738306624627	1738306624720	OK	 
REQUEST		ursc.jpg.webp	1738306624619	1738306624722	OK	 
REQUEST		nrsc.jpg.webp	1738306624635	1738306624722	OK	 
REQUEST		sslvd3_rec160824.png.webp	1738306624627	1738306624722	OK	 
REQUEST		sac.jpg.webp	1738306624629	1738306624723	OK	 
REQUEST		ursc.jpg.webp	1738306624628	1738306624723	OK	 
REQUEST		MCF.png.webp	1738306624627	1738306624724	OK	 
REQUEST		LPSC.jpg.webp	1738306624626	1738306624725	OK	 
REQUEST		nrsc.jpg.webp	1738306624633	1738306624727	OK	 
REQUEST		HSFC.png.webp	1738306624636	1738306624730	OK	 
REQUEST		nrsc.jpg.webp	1738306624644	1738306624731	OK	 
REQUEST		sac.jpg.webp	1738306624640	1738306624733	OK	 
REQUEST		LPSC.jpg.webp	1738306624645	1738306624734	OK	 
REQUEST		HSFC.png.webp	1738306624652	1738306624738	OK	 
REQUEST		IISU.jpg.webp	1738306624644	1738306624739	OK	 
REQUEST		IPRC.jpg.webp	1738306624656	1738306624739	OK	 
REQUEST		sac.jpg.webp	1738306624653	1738306624740	OK	 
REQUEST		SHAR.jpg.webp	1738306624652	1738306624741	OK	 
REQUEST		HSFC.png.webp	1738306624651	1738306624742	OK	 
REQUEST		IIRS.png.webp	1738306624654	1738306624744	OK	 
REQUEST		istrac.jpg.webp	1738306624667	1738306624746	OK	 
REQUEST		IPRC.jpg.webp	1738306624656	1738306624746	OK	 
REQUEST		IISU.jpg.webp	1738306624669	1738306624748	OK	 
REQUEST		IPRC.jpg.webp	1738306624666	1738306624749	OK	 
REQUEST		nrsc.jpg.webp	1738306624665	1738306624751	OK	 
REQUEST		HSFC.png.webp	1738306624660	1738306624751	OK	 
REQUEST		MCF.png.webp	1738306624669	1738306624753	OK	 
REQUEST		nrsc.jpg.webp	1738306624658	1738306624755	OK	 
REQUEST		istrac.jpg.webp	1738306624670	1738306624757	OK	 
REQUEST		ursc.jpg.webp	1738306624673	1738306624758	OK	 
REQUEST		nesac_small.png.webp	1738306624674	1738306624759	OK	 
REQUEST		PRL-new_small.jpg.webp	1738306624669	1738306624759	OK	 
REQUEST		MCF.png.webp	1738306624671	1738306624759	OK	 
REQUEST		sac.jpg.webp	1738306624672	1738306624766	OK	 
REQUEST		narl_small.jpg.webp	1738306624670	1738306624766	OK	 
REQUEST		IPRC.jpg.webp	1738306624675	1738306624766	OK	 
REQUEST		LEOS.png.webp	1738306624679	1738306624768	OK	 
REQUEST		istrac.jpg.webp	1738306624674	1738306624766	OK	 
REQUEST		IIRS.png.webp	1738306624685	1738306624770	OK	 
REQUEST		IPRC.jpg.webp	1738306624687	1738306624770	OK	 
REQUEST		IPRC.jpg.webp	1738306624687	1738306624772	OK	 
REQUEST		LEOS.png.webp	1738306624684	1738306624772	OK	 
REQUEST		MCF.png.webp	1738306624691	1738306624773	OK	 
REQUEST		istrac.jpg.webp	1738306624691	1738306624775	OK	 
REQUEST		inspace_large.jpg.webp	1738306624694	1738306624781	OK	 
REQUEST		IIRS.png.webp	1738306624691	1738306624785	OK	 
REQUEST		IISU.jpg.webp	1738306624696	1738306624785	OK	 
REQUEST		sac.jpg.webp	1738306624693	1738306624788	OK	 
REQUEST		istrac.jpg.webp	1738306624697	1738306624788	OK	 
REQUEST		geoportals300724_high.png.webp	1738306624294	1738306624789	OK	 
REQUEST		istrac.jpg.webp	1738306624705	1738306624790	OK	 
REQUEST		LEOS.png.webp	1738306624718	1738306624793	OK	 
REQUEST		isroHQs.jpg.webp	1738306624710	1738306624794	OK	 
REQUEST		menu_2.jpg.webp	1738306624720	1738306624795	OK	 
REQUEST		inspace_large.jpg.webp	1738306624719	1738306624797	OK	 
REQUEST		IISU.jpg.webp	1738306624707	1738306624800	OK	 
REQUEST		MCF.png.webp	1738306624721	1738306624807	OK	 
REQUEST		IPRC.jpg.webp	1738306624726	1738306624807	OK	 
REQUEST		HSFC.png.webp	1738306624645	1738306624807	OK	 
REQUEST		MCF.png.webp	1738306624723	1738306624807	OK	 
REQUEST		VSSC.jpg.webp	1738306624723	1738306624813	OK	 
REQUEST		NSIL_large.jpg.webp	1738306624718	1738306624813	OK	 
REQUEST		MCF.png.webp	1738306624706	1738306624814	OK	 
REQUEST		HSFC.png.webp	1738306624708	1738306624814	OK	 
REQUEST		IISU.jpg.webp	1738306624722	1738306624815	OK	 
REQUEST		IIRS.png.webp	1738306624731	1738306624815	OK	 
REQUEST		LEOS.png.webp	1738306624723	1738306624816	OK	 
REQUEST		LEOS.png.webp	1738306624731	1738306624818	OK	 
REQUEST		IIRS.png.webp	1738306624739	1738306624820	OK	 
REQUEST		NSIL_large.jpg.webp	1738306624719	1738306624825	OK	 
REQUEST		NSIL_large.jpg.webp	1738306624739	1738306624828	OK	 
REQUEST		LEOS.png.webp	1738306624728	1738306624829	OK	 
REQUEST		MCF.png.webp	1738306624740	1738306624830	OK	 
REQUEST		menu_set.jpg.webp	1738306624724	1738306624832	OK	 
REQUEST		istrac.jpg.webp	1738306624723	1738306624832	OK	 
REQUEST		nrsc.jpg.webp	1738306624735	1738306624833	OK	 
REQUEST		istrac.jpg.webp	1738306624734	1738306624835	OK	 
REQUEST		menu_2.jpg.webp	1738306624746	1738306624835	OK	 
REQUEST		IIRS.png.webp	1738306624739	1738306624835	OK	 
REQUEST		MCF.png.webp	1738306624752	1738306624839	OK	 
REQUEST		inspace_large.jpg.webp	1738306624742	1738306624843	OK	 
REQUEST		inspace_large.jpg.webp	1738306624748	1738306624844	OK	 
REQUEST		IIRS.png.webp	1738306624746	1738306624852	OK	 
REQUEST		ursc.jpg.webp	1738306624670	1738306624852	OK	 
REQUEST		menu_set.jpg.webp	1738306624753	1738306624855	OK	 
REQUEST		iist_small.png.webp	1738306624682	1738306624855	OK	 
REQUEST		LEOS.png.webp	1738306624752	1738306624856	OK	 
REQUEST		HSFC.png.webp	1738306624741	1738306624859	OK	 
REQUEST		LPSC.jpg.webp	1738306624759	1738306624860	OK	 
REQUEST		IPRC.jpg.webp	1738306624758	1738306624860	OK	 
REQUEST		IISU.jpg.webp	1738306624671	1738306624862	OK	 
REQUEST		menu_2.jpg.webp	1738306624758	1738306624862	OK	 
REQUEST		inspace_large.jpg.webp	1738306624693	1738306624862	OK	 
REQUEST		inspace_large.jpg.webp	1738306624767	1738306624862	OK	 
REQUEST		SHAR.jpg.webp	1738306624760	1738306624864	OK	 
REQUEST		menu_img.jpg.webp	1738306624773	1738306624864	OK	 
REQUEST		menu_img.jpg.webp	1738306624782	1738306624869	OK	 
REQUEST		menu_2.jpg.webp	1738306624788	1738306624876	OK	 
REQUEST		NSIL_large.jpg.webp	1738306624769	1738306624876	OK	 
REQUEST		NSIL_large.jpg.webp	1738306624791	1738306624887	OK	 
REQUEST		IISU.jpg.webp	1738306624788	1738306624888	OK	 
REQUEST		istrac.jpg.webp	1738306624808	1738306624892	OK	 
REQUEST		menu_new.jpg.webp	1738306624795	1738306624892	OK	 
REQUEST		menu_set.jpg.webp	1738306624794	1738306624894	OK	 
REQUEST		menu_1.jpg.webp	1738306624808	1738306624897	OK	 
REQUEST		sac.jpg.webp	1738306624795	1738306624897	OK	 
REQUEST		menu_2.jpg.webp	1738306624807	1738306624897	OK	 
REQUEST		menu_new.jpg.webp	1738306624797	1738306624897	OK	 
REQUEST		menu_set.jpg.webp	1738306624808	1738306624897	OK	 
REQUEST		menu_img.jpg.webp	1738306624816	1738306624899	OK	 
REQUEST		nrsc.jpg.webp	1738306624816	1738306624901	OK	 
REQUEST		menu_1.jpg.webp	1738306624815	1738306624901	OK	 
REQUEST		menu_1.jpg.webp	1738306624821	1738306624902	OK	 
REQUEST		menu_edit.jpg.webp	1738306624814	1738306624902	OK	 
REQUEST		menu_set.jpg.webp	1738306624819	1738306624903	OK	 
REQUEST		MCF.png.webp	1738306624814	1738306624908	OK	 
REQUEST		NSIL_large.jpg.webp	1738306624800	1738306624908	OK	 
REQUEST		menu_edit.jpg.webp	1738306624826	1738306624909	OK	 
REQUEST		menu_2.jpg.webp	1738306624814	1738306624909	OK	 
REQUEST		inspace_large.jpg.webp	1738306624815	1738306624913	OK	 
REQUEST		menu_set.jpg.webp	1738306624829	1738306624914	OK	 
REQUEST		istrac.jpg.webp	1738306624833	1738306624916	OK	 
REQUEST		IIRS.png.webp	1738306624789	1738306624916	OK	 
REQUEST		menu_edit.jpg.webp	1738306624835	1738306624916	OK	 
REQUEST		menu_2.jpg.webp	1738306624831	1738306624916	OK	 
REQUEST		menu_new.jpg.webp	1738306624830	1738306624917	OK	 
REQUEST		request_13	1738306624833	1738306624916	OK	 
REQUEST		menu_set.jpg.webp	1738306624833	1738306624921	OK	 
REQUEST		menu_1.jpg.webp	1738306624835	1738306624921	OK	 
REQUEST		inspace_large.jpg.webp	1738306624750	1738306624921	OK	 
REQUEST		menu_2.jpg.webp	1738306624840	1738306624921	OK	 
REQUEST		request_13	1738306624856	1738306624925	OK	 
REQUEST		HSFC.png.webp	1738306624855	1738306624930	OK	 
REQUEST		request_35	1738306624865	1738306624930	OK	 
REQUEST		menu_new.jpg.webp	1738306624863	1738306624930	OK	 
REQUEST		LEOS.png.webp	1738306624861	1738306624931	OK	 
REQUEST		request_13	1738306624863	1738306624931	OK	 
REQUEST		menu_img.jpg.webp	1738306624845	1738306624931	OK	 
REQUEST		IPRC.jpg.webp	1738306624861	1738306624932	OK	 
REQUEST		menu_new.jpg.webp	1738306624853	1738306624933	OK	 
REQUEST		IISU.jpg.webp	1738306624864	1738306624935	OK	 
REQUEST		menu_img.jpg.webp	1738306624843	1738306624936	OK	 
REQUEST		menu_1.jpg.webp	1738306624857	1738306624936	OK	 
REQUEST		menu_1.jpg.webp	1738306624768	1738306624937	OK	 
REQUEST		MCF.png.webp	1738306624859	1738306624937	OK	 
REQUEST		request_35	1738306624864	1738306624938	OK	 
REQUEST		menu_edit.jpg.webp	1738306624876	1738306624957	OK	 
REQUEST		NSIL_large.jpg.webp	1738306624835	1738306624958	OK	 
REQUEST		NSIL_large.jpg.webp	1738306624785	1738306624959	OK	 
REQUEST		inspace_high010824.png.webp	1738306624289	1738306624960	OK	 
REQUEST		LEOS.png.webp	1738306624853	1738306624962	OK	 
REQUEST		request_41	1738306624926	1738306624962	OK	 
REQUEST		request_27	1738306624870	1738306624963	OK	 
REQUEST		menu_img.jpg.webp	1738306624863	1738306624963	OK	 
REQUEST		menu_edit.jpg.webp	1738306624876	1738306624963	OK	 
REQUEST		request_39	1738306624917	1738306624963	OK	 
REQUEST		istrac.jpg.webp	1738306624897	1738306624964	OK	 
REQUEST		menu_img.jpg.webp	1738306624908	1738306624967	OK	 
REQUEST		inspace_large.jpg.webp	1738306624918	1738306624968	OK	 
REQUEST		menu_new.jpg.webp	1738306624917	1738306624968	OK	 
REQUEST		request_32	1738306624900	1738306624969	OK	 
REQUEST		request_38	1738306624901	1738306624970	OK	 
REQUEST		request_13	1738306624898	1738306624971	OK	 
REQUEST		request_36	1738306624898	1738306624972	OK	 
REQUEST		request_39	1738306624910	1738306624973	OK	 
REQUEST		request_39	1738306624902	1738306624974	OK	 
REQUEST		request_37	1738306624916	1738306624974	OK	 
REQUEST		menu_new.jpg.webp	1738306624887	1738306624974	OK	 
REQUEST		request_33	1738306624898	1738306624975	OK	 
REQUEST		request_13	1738306624902	1738306624975	OK	 
REQUEST		menu_2.jpg.webp	1738306624773	1738306624975	OK	 
REQUEST		request_35	1738306624894	1738306624974	OK	 
REQUEST		request_31	1738306624904	1738306624976	OK	 
REQUEST		menu_1.jpg.webp	1738306624744	1738306624976	OK	 
REQUEST		request_37	1738306624921	1738306624977	OK	 
REQUEST		menu_new.jpg.webp	1738306624910	1738306624978	OK	 
REQUEST		request_13	1738306624921	1738306624979	OK	 
REQUEST		MCF.png.webp	1738306624901	1738306624980	OK	 
REQUEST		menu_edit.jpg.webp	1738306624915	1738306624980	OK	 
REQUEST		request_13	1738306624895	1738306624982	OK	 
REQUEST		LEOS.png.webp	1738306624930	1738306624982	OK	 
REQUEST		inspace_large.jpg.webp	1738306624935	1738306624983	OK	 
REQUEST		request_42	1738306624937	1738306624984	OK	 
REQUEST		menu_edit.jpg.webp	1738306624921	1738306624984	OK	 
REQUEST		request_41	1738306624918	1738306624985	OK	 
REQUEST		IISU.jpg.webp	1738306624622	1738306624985	OK	 
REQUEST		inspace_large.jpg.webp	1738306624908	1738306624985	OK	 
REQUEST		request_38	1738306624932	1738306624986	OK	 
REQUEST		IISU.jpg.webp	1738306624766	1738306624986	OK	 
REQUEST		request_41	1738306624957	1738306624986	OK	 
REQUEST		request_44	1738306624962	1738306624987	OK	 
REQUEST		menu_set.jpg.webp	1738306624914	1738306624987	OK	 
REQUEST		SHAR.jpg.webp	1738306624635	1738306624987	OK	 
REQUEST		request_39	1738306624933	1738306624987	OK	 
REQUEST		menu_img.jpg.webp	1738306624921	1738306624987	OK	 
REQUEST		IIRS.png.webp	1738306624932	1738306624987	OK	 
REQUEST		menu_set.jpg.webp	1738306624960	1738306624989	OK	 
REQUEST		HSFC.png.webp	1738306624678	1738306624989	OK	 
REQUEST		request_13	1738306624958	1738306624990	OK	 
REQUEST		NSIL_large.jpg.webp	1738306624775	1738306624993	OK	 
REQUEST		request_44	1738306624973	1738306624994	OK	 
REQUEST		NSIL_large.jpg.webp	1738306624964	1738306624994	OK	 
REQUEST		request_27	1738306624964	1738306624994	OK	 
REQUEST		request_42	1738306624959	1738306624994	OK	 
REQUEST		menu_2.jpg.webp	1738306624959	1738306624994	OK	 
REQUEST		request_44	1738306624970	1738306624994	OK	 
REQUEST		request_45	1738306624971	1738306624994	OK	 
REQUEST		request_43	1738306624972	1738306624994	OK	 
REQUEST		request_43	1738306624970	1738306624994	OK	 
REQUEST		inspace_large.jpg.webp	1738306624771	1738306624995	OK	 
REQUEST		request_30	1738306624968	1738306624995	OK	 
REQUEST		request_42	1738306624973	1738306624997	OK	 
REQUEST		request_40	1738306624976	1738306624998	OK	 
REQUEST		nrsc.jpg.webp	1738306624677	1738306624998	OK	 
REQUEST		LEOS.png.webp	1738306624773	1738306624999	OK	 
REQUEST		VSSC.jpg.webp	1738306624624	1738306624999	OK	 
REQUEST		request_44	1738306624976	1738306624999	OK	 
REQUEST		request_45	1738306624976	1738306624999	OK	 
REQUEST		menu_1.jpg.webp	1738306624916	1738306625000	OK	 
REQUEST		request_42	1738306624975	1738306625000	OK	 
REQUEST		request_43	1738306624976	1738306625001	OK	 
REQUEST		menu_1.jpg.webp	1738306624969	1738306625000	OK	 
REQUEST		request_45	1738306624973	1738306625003	OK	 
REQUEST		request_32	1738306624979	1738306625003	OK	 
REQUEST		request_41	1738306624976	1738306625003	OK	 
REQUEST		request_42	1738306624977	1738306625003	OK	 
REQUEST		IIRS.png.webp	1738306624755	1738306625003	OK	 
REQUEST		request_43	1738306624974	1738306625006	OK	 
REQUEST		menu_set.jpg.webp	1738306624982	1738306625007	OK	 
REQUEST		request_38	1738306624974	1738306625008	OK	 
REQUEST		request_41	1738306624974	1738306625008	OK	 
REQUEST		menu_1.jpg.webp	1738306624983	1738306625009	OK	 
REQUEST		request_39	1738306624988	1738306625009	OK	 
REQUEST		menu_2.jpg.webp	1738306624985	1738306625009	OK	 
REQUEST		request_44	1738306624985	1738306625009	OK	 
REQUEST		request_31	1738306624984	1738306625010	OK	 
REQUEST		menu_2.jpg.webp	1738306624980	1738306625010	OK	 
REQUEST		menu_edit.jpg.webp	1738306624987	1738306625012	OK	 
REQUEST		menu_1.jpg.webp	1738306624987	1738306625012	OK	 
REQUEST		menu_img.jpg.webp	1738306624988	1738306625012	OK	 
REQUEST		request_41	1738306624990	1738306625013	OK	 
REQUEST		request_39	1738306624974	1738306625014	OK	 
REQUEST		request_45	1738306624986	1738306625013	OK	 
REQUEST		request_43	1738306624996	1738306625019	OK	 
REQUEST		menu_new.jpg.webp	1738306624994	1738306625019	OK	 
REQUEST		request_43	1738306624998	1738306625019	OK	 
REQUEST		request_42	1738306624995	1738306625020	OK	 
REQUEST		menu_new.jpg.webp	1738306624981	1738306625020	OK	 
REQUEST		request_39	1738306624980	1738306625020	OK	 
REQUEST		request_42	1738306624993	1738306625021	OK	 
REQUEST		request_41	1738306624992	1738306625021	OK	 
REQUEST		request_43	1738306624994	1738306625021	OK	 
REQUEST		request_45	1738306624994	1738306625022	OK	 
REQUEST		request_38	1738306625001	1738306625022	OK	 
REQUEST		menu_new.jpg.webp	1738306624994	1738306625022	OK	 
REQUEST		request_44	1738306625004	1738306625024	OK	 
REQUEST		request_45	1738306625004	1738306625024	OK	 
REQUEST		request_44	1738306625003	1738306625024	OK	 
REQUEST		menu_img.jpg.webp	1738306624998	1738306625024	OK	 
REQUEST		request_13	1738306624988	1738306625023	OK	 
REQUEST		menu_edit.jpg.webp	1738306625007	1738306625025	OK	 
REQUEST		request_34	1738306624990	1738306625025	OK	 
REQUEST		request_35	1738306624999	1738306625026	OK	 
REQUEST		request_44	1738306625003	1738306625027	OK	 
REQUEST		menu_img.jpg.webp	1738306624989	1738306625029	OK	 
REQUEST		request_22	1738306625010	1738306625030	OK	 
REQUEST		menu_new.jpg.webp	1738306625009	1738306625031	OK	 
REQUEST		request_13	1738306625009	1738306625031	OK	 
REQUEST		request_13	1738306625001	1738306625030	OK	 
REQUEST		request_45	1738306625009	1738306625038	OK	 
REQUEST		request_38	1738306625013	1738306625038	OK	 
REQUEST		menu_1.jpg.webp	1738306624770	1738306625038	OK	 
REQUEST		menu_edit.jpg.webp	1738306625012	1738306625038	OK	 
REQUEST		request_39	1738306625020	1738306625041	OK	 
REQUEST		request_45	1738306625020	1738306625041	OK	 
REQUEST		menu_edit.jpg.webp	1738306624999	1738306625040	OK	 
REQUEST		request_41	1738306625025	1738306625043	OK	 
REQUEST		request_39	1738306625014	1738306625043	OK	 
REQUEST		request_42	1738306625023	1738306625044	OK	 
REQUEST		request_41	1738306625022	1738306625044	OK	 
REQUEST		request_43	1738306625025	1738306625045	OK	 
USER	ISROWebPageSimulation	START	1738306625059
REQUEST		request_13	1738306625027	1738306625087	OK	 
REQUEST		request_45	1738306625041	1738306625087	OK	 
REQUEST		request_44	1738306625025	1738306625088	OK	 
REQUEST		request_44	1738306625038	1738306625088	OK	 
REQUEST		request_43	1738306625031	1738306625088	OK	 
REQUEST		request_30	1738306625028	1738306625090	OK	 
REQUEST		request_30	1738306625031	1738306625092	OK	 
REQUEST		request_42	1738306625031	1738306625093	OK	 
REQUEST		request_32	1738306625038	1738306625093	OK	 
REQUEST		request_45	1738306625026	1738306625094	OK	 
REQUEST		request_41	1738306625042	1738306625095	OK	 
REQUEST		request_39	1738306625032	1738306625095	OK	 
REQUEST		request_32	1738306625029	1738306625096	OK	 
REQUEST		NSIL_large.jpg.webp	1738306624931	1738306625101	OK	 
REQUEST		IISU.jpg.webp	1738306624671	1738306625109	OK	 
REQUEST		IIRS.png.webp	1738306624893	1738306625109	OK	 
REQUEST		request_36	1738306625088	1738306625110	OK	 
REQUEST		request_42	1738306625094	1738306625111	OK	 
REQUEST		request_45	1738306625097	1738306625112	OK	 
REQUEST		request_43	1738306625095	1738306625113	OK	 
REQUEST		request_39	1738306625093	1738306625113	OK	 
REQUEST		request_44	1738306625096	1738306625113	OK	 
REQUEST		request_41	1738306625093	1738306625114	OK	 
REQUEST		IIRS.png.webp	1738306624888	1738306625114	OK	 
REQUEST		menu_set.jpg.webp	1738306624986	1738306625116	OK	 
REQUEST		request_43	1738306625110	1738306625126	OK	 
REQUEST		request_42	1738306625109	1738306625126	OK	 
REQUEST		request_45	1738306625114	1738306625135	OK	 
REQUEST		request_44	1738306625113	1738306625137	OK	 
REQUEST		request_0	1738306625060	1738306625151	OK	 
REQUEST		menu_img.jpg.webp	1738306624785	1738306625168	OK	 
REQUEST		favicon.png.webp	1738306625155	1738306625171	OK	 
REQUEST		ursc.jpg.webp	1738306624766	1738306625173	OK	 
REQUEST		IRoC-U_2025high.png.webp	1738306625172	1738306625194	OK	 
REQUEST		vcd15cbe7772f49c399c6a5babf22c1241717689176015	1738306625155	1738306625196	OK	 
REQUEST		menu_edit.jpg.webp	1738306624897	1738306625205	OK	 
REQUEST		Respond_Basket_2024_Highlights.png.webp	1738306625155	1738306625223	OK	 
REQUEST		askanexpert.png.webp	1738306625155	1738306625224	OK	 
REQUEST		contact.jpg.webp	1738306625155	1738306625225	OK	 
REQUEST		glex2025high.png.webp	1738306625194	1738306625226	OK	 
REQUEST		start2025_030125.png.webp	1738306625155	1738306625227	OK	 
REQUEST		feedback.jpg.webp	1738306625155	1738306625229	OK	 
REQUEST		request_39	1738306624931	1738306625240	OK	 
REQUEST		megascience.png.webp	1738306625223	1738306625240	OK	 
REQUEST		request_41	1738306624930	1738306625241	OK	 
REQUEST		NSIL_large.jpg.webp	1738306624972	1738306625245	OK	 
REQUEST		request_43	1738306624938	1738306625245	OK	 
REQUEST		request_42	1738306624931	1738306625247	OK	 
REQUEST		spaceday130824_high.png.webp	1738306625225	1738306625248	OK	 
REQUEST		inspace_high010824.png.webp	1738306625226	1738306625250	OK	 
REQUEST		NSPD290724_high.png.webp	1738306625230	1738306625252	OK	 
REQUEST		geoportals300724_high.png.webp	1738306625227	1738306625254	OK	 
REQUEST		interscienceworkshop.png.webp	1738306625228	1738306625255	OK	 
REQUEST		nspd_high.jpg.webp	1738306625240	1738306625262	OK	 
REQUEST		igrasp.png.webp	1738306625249	1738306625272	OK	 
REQUEST		spark.png.webp	1738306625253	1738306625274	OK	 
REQUEST		issdc.png.webp	1738306625255	1738306625278	OK	 
REQUEST		stem.png.webp	1738306625250	1738306625279	OK	 
REQUEST		mosdac.jpg.webp	1738306625254	1738306625281	OK	 
REQUEST		bhoonidhi.png.webp	1738306625262	1738306625287	OK	 
REQUEST		vedas.png.webp	1738306625274	1738306625293	OK	 
REQUEST		isro1.png.webp	1738306625278	1738306625296	OK	 
REQUEST		bhuvan.png.webp	1738306625273	1738306625297	OK	 
REQUEST		request_0	1738306624563	1738306625298	OK	 
REQUEST		spadex_rec.png.webp	1738306625279	1738306625304	OK	 
REQUEST		pslv_c59_rec.png.webp	1738306625282	1738306625308	OK	 
REQUEST		sslvd3_rec160824.png.webp	1738306625288	1738306625311	OK	 
REQUEST		PRL-new_small.jpg.webp	1738306625293	1738306625314	OK	 
REQUEST		favicon.png.webp	1738306625304	1738306625322	OK	 
REQUEST		nesac_small.png.webp	1738306625297	1738306625322	OK	 
REQUEST		iist_small.png.webp	1738306625304	1738306625324	OK	 
REQUEST		narl_small.jpg.webp	1738306625296	1738306625330	OK	 
REQUEST		isroHQs.jpg.webp	1738306625308	1738306625331	OK	 
REQUEST		SHAR.jpg.webp	1738306625322	1738306625349	OK	 
REQUEST		LPSC.jpg.webp	1738306625320	1738306625355	OK	 
REQUEST		ursc.jpg.webp	1738306625324	1738306625355	OK	 
REQUEST		IRoC-U_2025high.png.webp	1738306625322	1738306625355	OK	 
REQUEST		sac.jpg.webp	1738306625331	1738306625358	OK	 
REQUEST		VSSC.jpg.webp	1738306625311	1738306625359	OK	 
REQUEST		menu_set.jpg.webp	1738306624760	1738306625361	OK	 
REQUEST		nrsc.jpg.webp	1738306625331	1738306625361	OK	 
REQUEST		start2025_030125.png.webp	1738306625310	1738306625369	OK	 
REQUEST		askanexpert.png.webp	1738306625306	1738306625371	OK	 
REQUEST		HSFC.png.webp	1738306625350	1738306625374	OK	 
REQUEST		glex2025high.png.webp	1738306625355	1738306625380	OK	 
REQUEST		IISU.jpg.webp	1738306625356	1738306625382	OK	 
REQUEST		MCF.png.webp	1738306625359	1738306625384	OK	 
REQUEST		IPRC.jpg.webp	1738306625355	1738306625385	OK	 
REQUEST		istrac.jpg.webp	1738306625358	1738306625386	OK	 
REQUEST		vcd15cbe7772f49c399c6a5babf22c1241717689176015	1738306625304	1738306625387	OK	 
REQUEST		LEOS.png.webp	1738306625362	1738306625390	OK	 
REQUEST		contact.jpg.webp	1738306625304	1738306625393	OK	 
REQUEST		IIRS.png.webp	1738306625374	1738306625394	OK	 
REQUEST		megascience.png.webp	1738306625370	1738306625394	OK	 
REQUEST		spaceday130824_high.png.webp	1738306625375	1738306625400	OK	 
REQUEST		inspace_high010824.png.webp	1738306625380	1738306625404	OK	 
REQUEST		menu_2.jpg.webp	1738306625385	1738306625414	OK	 
REQUEST		inspace_large.jpg.webp	1738306625382	1738306625415	OK	 
REQUEST		feedback.jpg.webp	1738306625307	1738306625415	OK	 
REQUEST		NSIL_large.jpg.webp	1738306625384	1738306625415	OK	 
REQUEST		menu_set.jpg.webp	1738306625386	1738306625416	OK	 
REQUEST		menu_1.jpg.webp	1738306625391	1738306625417	OK	 
REQUEST		interscienceworkshop.png.webp	1738306625394	1738306625420	OK	 
REQUEST		Respond_Basket_2024_Highlights.png.webp	1738306625310	1738306625421	OK	 
REQUEST		NSPD290724_high.png.webp	1738306625400	1738306625423	OK	 
REQUEST		menu_img.jpg.webp	1738306625394	1738306625424	OK	 
REQUEST		geoportals300724_high.png.webp	1738306625394	1738306625424	OK	 
REQUEST		nspd_high.jpg.webp	1738306625404	1738306625426	OK	 
REQUEST		menu_edit.jpg.webp	1738306625415	1738306625434	OK	 
REQUEST		menu_new.jpg.webp	1738306625414	1738306625435	OK	 
REQUEST		stem.png.webp	1738306625421	1738306625437	OK	 
REQUEST		request_35	1738306625417	1738306625437	OK	 
REQUEST		igrasp.png.webp	1738306625415	1738306625438	OK	 
REQUEST		request_37	1738306625418	1738306625440	OK	 
REQUEST		spark.png.webp	1738306625422	1738306625440	OK	 
REQUEST		request_13	1738306625416	1738306625441	OK	 
REQUEST		request_38	1738306625424	1738306625441	OK	 
REQUEST		issdc.png.webp	1738306625425	1738306625442	OK	 
REQUEST		mosdac.jpg.webp	1738306625423	1738306625443	OK	 
REQUEST		bhoonidhi.png.webp	1738306625427	1738306625445	OK	 
REQUEST		request_39	1738306625434	1738306625451	OK	 
REQUEST		request_41	1738306625436	1738306625456	OK	 
REQUEST		request_44	1738306625441	1738306625463	OK	 
REQUEST		bhuvan.png.webp	1738306625437	1738306625467	OK	 
REQUEST		pslv_c59_rec.png.webp	1738306625444	1738306625470	OK	 
REQUEST		isro1.png.webp	1738306625441	1738306625471	OK	 
REQUEST		request_43	1738306625440	1738306625471	OK	 
REQUEST		sslvd3_rec160824.png.webp	1738306625447	1738306625471	OK	 
REQUEST		vedas.png.webp	1738306625438	1738306625472	OK	 
REQUEST		request_42	1738306625437	1738306625474	OK	 
REQUEST		request_45	1738306625441	1738306625476	OK	 
REQUEST		spadex_rec.png.webp	1738306625442	1738306625478	OK	 
REQUEST		PRL-new_small.jpg.webp	1738306625467	1738306625486	OK	 
REQUEST		nesac_small.png.webp	1738306625471	1738306625487	OK	 
REQUEST		narl_small.jpg.webp	1738306625470	1738306625488	OK	 
REQUEST		iist_small.png.webp	1738306625472	1738306625489	OK	 
REQUEST		isroHQs.jpg.webp	1738306625472	1738306625494	OK	 
REQUEST		VSSC.jpg.webp	1738306625479	1738306625499	OK	 
REQUEST		LPSC.jpg.webp	1738306625486	1738306625502	OK	 
REQUEST		SHAR.jpg.webp	1738306625487	1738306625505	OK	 
REQUEST		ursc.jpg.webp	1738306625488	1738306625507	OK	 
REQUEST		sac.jpg.webp	1738306625489	1738306625514	OK	 
REQUEST		nrsc.jpg.webp	1738306625494	1738306625520	OK	 
REQUEST		HSFC.png.webp	1738306625499	1738306625521	OK	 
REQUEST		IPRC.jpg.webp	1738306625503	1738306625522	OK	 
REQUEST		IISU.jpg.webp	1738306625506	1738306625525	OK	 
REQUEST		istrac.jpg.webp	1738306625507	1738306625527	OK	 
REQUEST		LEOS.png.webp	1738306625521	1738306625542	OK	 
REQUEST		MCF.png.webp	1738306625519	1738306625543	OK	 
REQUEST		IIRS.png.webp	1738306625521	1738306625549	OK	 
REQUEST		menu_2.jpg.webp	1738306625527	1738306625556	OK	 
REQUEST		inspace_large.jpg.webp	1738306625524	1738306625560	OK	 
USER	ISROWebPageSimulation	START	1738306625560
REQUEST		NSIL_large.jpg.webp	1738306625525	1738306625562	OK	 
REQUEST		menu_set.jpg.webp	1738306625542	1738306625563	OK	 
REQUEST		menu_img.jpg.webp	1738306625549	1738306625581	OK	 
REQUEST		request_35	1738306625564	1738306625582	OK	 
REQUEST		request_13	1738306625563	1738306625583	OK	 
REQUEST		menu_1.jpg.webp	1738306625543	1738306625584	OK	 
REQUEST		menu_edit.jpg.webp	1738306625562	1738306625585	OK	 
REQUEST		menu_new.jpg.webp	1738306625556	1738306625586	OK	 
REQUEST		request_38	1738306625582	1738306625603	OK	 
REQUEST		request_42	1738306625586	1738306625604	OK	 
REQUEST		request_39	1738306625583	1738306625605	OK	 
REQUEST		request_41	1738306625585	1738306625605	OK	 
REQUEST		request_40	1738306625584	1738306625606	OK	 
REQUEST		request_43	1738306625587	1738306625607	OK	 
REQUEST		request_0	1738306625560	1738306625621	OK	 
REQUEST		request_45	1738306625604	1738306625626	OK	 
REQUEST		request_44	1738306625604	1738306625629	OK	 
REQUEST		favicon.png.webp	1738306625635	1738306625673	OK	 
REQUEST		contact.jpg.webp	1738306625636	1738306625693	OK	 
REQUEST		feedback.jpg.webp	1738306625637	1738306625693	OK	 
REQUEST		IRoC-U_2025high.png.webp	1738306625673	1738306625706	OK	 
REQUEST		start2025_030125.png.webp	1738306625637	1738306625707	OK	 
REQUEST		glex2025high.png.webp	1738306625693	1738306625718	OK	 
REQUEST		vcd15cbe7772f49c399c6a5babf22c1241717689176015	1738306625623	1738306625719	OK	 
REQUEST		megascience.png.webp	1738306625694	1738306625719	OK	 
REQUEST		askanexpert.png.webp	1738306625636	1738306625720	OK	 
REQUEST		inspace_high010824.png.webp	1738306625707	1738306625727	OK	 
REQUEST		Respond_Basket_2024_Highlights.png.webp	1738306625637	1738306625736	OK	 
REQUEST		spaceday130824_high.png.webp	1738306625706	1738306625738	OK	 
REQUEST		NSPD290724_high.png.webp	1738306625720	1738306625740	OK	 
REQUEST		interscienceworkshop.png.webp	1738306625720	1738306625744	OK	 
REQUEST		geoportals300724_high.png.webp	1738306625718	1738306625745	OK	 
REQUEST		nspd_high.jpg.webp	1738306625728	1738306625748	OK	 
REQUEST		igrasp.png.webp	1738306625738	1738306625757	OK	 
REQUEST		stem.png.webp	1738306625739	1738306625758	OK	 
REQUEST		spark.png.webp	1738306625741	1738306625759	OK	 
REQUEST		mosdac.jpg.webp	1738306625744	1738306625764	OK	 
REQUEST		issdc.png.webp	1738306625745	1738306625765	OK	 
REQUEST		bhoonidhi.png.webp	1738306625748	1738306625770	OK	 
REQUEST		bhuvan.png.webp	1738306625757	1738306625775	OK	 
REQUEST		vedas.png.webp	1738306625759	1738306625783	OK	 
REQUEST		spadex_rec.png.webp	1738306625764	1738306625788	OK	 
REQUEST		isro1.png.webp	1738306625759	1738306625790	OK	 
REQUEST		sslvd3_rec160824.png.webp	1738306625770	1738306625791	OK	 
REQUEST		PRL-new_small.jpg.webp	1738306625776	1738306625801	OK	 
REQUEST		pslv_c59_rec.png.webp	1738306625765	1738306625801	OK	 
REQUEST		narl_small.jpg.webp	1738306625783	1738306625818	OK	 
REQUEST		isroHQs.jpg.webp	1738306625791	1738306625819	OK	 
REQUEST		iist_small.png.webp	1738306625791	1738306625821	OK	 
REQUEST		nesac_small.png.webp	1738306625789	1738306625823	OK	 
REQUEST		LPSC.jpg.webp	1738306625801	1738306625827	OK	 
REQUEST		VSSC.jpg.webp	1738306625801	1738306625836	OK	 
REQUEST		SHAR.jpg.webp	1738306625818	1738306625837	OK	 
REQUEST		ursc.jpg.webp	1738306625820	1738306625847	OK	 
REQUEST		nrsc.jpg.webp	1738306625824	1738306625850	OK	 
REQUEST		sac.jpg.webp	1738306625822	1738306625850	OK	 
REQUEST		HSFC.png.webp	1738306625828	1738306625851	OK	 
REQUEST		IISU.jpg.webp	1738306625838	1738306625863	OK	 
REQUEST		IPRC.jpg.webp	1738306625836	1738306625864	OK	 
REQUEST		istrac.jpg.webp	1738306625847	1738306625868	OK	 
REQUEST		MCF.png.webp	1738306625850	1738306625882	OK	 
REQUEST		IIRS.png.webp	1738306625852	1738306625883	OK	 
REQUEST		inspace_large.jpg.webp	1738306625863	1738306625893	OK	 
REQUEST		NSIL_large.jpg.webp	1738306625864	1738306625894	OK	 
REQUEST		LEOS.png.webp	1738306625850	1738306625894	OK	 
REQUEST		menu_2.jpg.webp	1738306625869	1738306625894	OK	 
REQUEST		menu_set.jpg.webp	1738306625882	1738306625905	OK	 
REQUEST		menu_1.jpg.webp	1738306625883	1738306625907	OK	 
REQUEST		menu_edit.jpg.webp	1738306625894	1738306625912	OK	 
REQUEST		menu_new.jpg.webp	1738306625894	1738306625915	OK	 
REQUEST		menu_img.jpg.webp	1738306625893	1738306625916	OK	 
REQUEST		request_13	1738306625895	1738306625916	OK	 
REQUEST		request_38	1738306625912	1738306625929	OK	 
REQUEST		request_42	1738306625916	1738306625935	OK	 
REQUEST		request_39	1738306625915	1738306625936	OK	 
REQUEST		request_37	1738306625908	1738306625937	OK	 
REQUEST		request_41	1738306625916	1738306625938	OK	 
REQUEST		request_35	1738306625906	1738306625939	OK	 
REQUEST		request_43	1738306625929	1738306625944	OK	 
REQUEST		request_44	1738306625935	1738306625954	OK	 
REQUEST		request_45	1738306625936	1738306625954	OK	 
USER	ISROWebPageSimulation	START	1738306626059
REQUEST		request_0	1738306626060	1738306626145	OK	 
REQUEST		favicon.png.webp	1738306626147	1738306626177	OK	 
REQUEST		IRoC-U_2025high.png.webp	1738306626177	1738306626204	OK	 
REQUEST		askanexpert.png.webp	1738306626148	1738306626215	OK	 
REQUEST		feedback.jpg.webp	1738306626148	1738306626215	OK	 
REQUEST		glex2025high.png.webp	1738306626204	1738306626226	OK	 
REQUEST		vcd15cbe7772f49c399c6a5babf22c1241717689176015	1738306626147	1738306626232	OK	 
REQUEST		contact.jpg.webp	1738306626148	1738306626232	OK	 
REQUEST		Respond_Basket_2024_Highlights.png.webp	1738306626148	1738306626242	OK	 
REQUEST		start2025_030125.png.webp	1738306626148	1738306626242	OK	 
REQUEST		megascience.png.webp	1738306626215	1738306626242	OK	 
REQUEST		spaceday130824_high.png.webp	1738306626215	1738306626247	OK	 
REQUEST		inspace_high010824.png.webp	1738306626226	1738306626248	OK	 
REQUEST		geoportals300724_high.png.webp	1738306626232	1738306626257	OK	 
REQUEST		interscienceworkshop.png.webp	1738306626242	1738306626260	OK	 
REQUEST		NSPD290724_high.png.webp	1738306626242	1738306626264	OK	 
REQUEST		nspd_high.jpg.webp	1738306626243	1738306626265	OK	 
REQUEST		stem.png.webp	1738306626249	1738306626268	OK	 
REQUEST		igrasp.png.webp	1738306626248	1738306626270	OK	 
REQUEST		spark.png.webp	1738306626257	1738306626274	OK	 
REQUEST		mosdac.jpg.webp	1738306626260	1738306626285	OK	 
REQUEST		bhoonidhi.png.webp	1738306626265	1738306626286	OK	 
REQUEST		issdc.png.webp	1738306626264	1738306626286	OK	 
REQUEST		bhuvan.png.webp	1738306626268	1738306626291	OK	 
REQUEST		vedas.png.webp	1738306626270	1738306626293	OK	 
REQUEST		isro1.png.webp	1738306626274	1738306626294	OK	 
REQUEST		sslvd3_rec160824.png.webp	1738306626286	1738306626304	OK	 
REQUEST		spadex_rec.png.webp	1738306626285	1738306626311	OK	 
REQUEST		pslv_c59_rec.png.webp	1738306626286	1738306626311	OK	 
REQUEST		PRL-new_small.jpg.webp	1738306626291	1738306626312	OK	 
REQUEST		nesac_small.png.webp	1738306626294	1738306626326	OK	 
REQUEST		narl_small.jpg.webp	1738306626293	1738306626328	OK	 
REQUEST		iist_small.png.webp	1738306626304	1738306626340	OK	 
REQUEST		VSSC.jpg.webp	1738306626312	1738306626346	OK	 
REQUEST		isroHQs.jpg.webp	1738306626311	1738306626346	OK	 
REQUEST		LPSC.jpg.webp	1738306626312	1738306626347	OK	 
REQUEST		SHAR.jpg.webp	1738306626326	1738306626349	OK	 
REQUEST		ursc.jpg.webp	1738306626328	1738306626350	OK	 
REQUEST		sac.jpg.webp	1738306626340	1738306626360	OK	 
REQUEST		IPRC.jpg.webp	1738306626347	1738306626393	OK	 
REQUEST		HSFC.png.webp	1738306626346	1738306626394	OK	 
REQUEST		istrac.jpg.webp	1738306626350	1738306626394	OK	 
REQUEST		nrsc.jpg.webp	1738306626346	1738306626397	OK	 
REQUEST		MCF.png.webp	1738306626360	1738306626398	OK	 
REQUEST		IISU.jpg.webp	1738306626349	1738306626400	OK	 
REQUEST		LEOS.png.webp	1738306626393	1738306626417	OK	 
REQUEST		menu_2.jpg.webp	1738306626398	1738306626418	OK	 
REQUEST		IIRS.png.webp	1738306626394	1738306626421	OK	 
REQUEST		inspace_large.jpg.webp	1738306626395	1738306626429	OK	 
REQUEST		NSIL_large.jpg.webp	1738306626397	1738306626433	OK	 
REQUEST		menu_set.jpg.webp	1738306626400	1738306626434	OK	 
REQUEST		menu_img.jpg.webp	1738306626419	1738306626441	OK	 
REQUEST		menu_new.jpg.webp	1738306626421	1738306626443	OK	 
REQUEST		menu_1.jpg.webp	1738306626417	1738306626449	OK	 
REQUEST		menu_edit.jpg.webp	1738306626429	1738306626451	OK	 
REQUEST		request_38	1738306626441	1738306626457	OK	 
REQUEST		request_13	1738306626434	1738306626461	OK	 
REQUEST		request_39	1738306626443	1738306626462	OK	 
REQUEST		request_35	1738306626434	1738306626465	OK	 
REQUEST		request_40	1738306626450	1738306626469	OK	 
REQUEST		request_41	1738306626451	1738306626471	OK	 
REQUEST		request_42	1738306626457	1738306626478	OK	 
REQUEST		request_44	1738306626462	1738306626480	OK	 
REQUEST		request_43	1738306626461	1738306626487	OK	 
REQUEST		request_45	1738306626465	1738306626490	OK	 
USER	ISROWebPageSimulation	START	1738306626560
REQUEST		request_0	1738306626560	1738306626612	OK	 
REQUEST		favicon.png.webp	1738306626614	1738306626633	OK	 
REQUEST		IRoC-U_2025high.png.webp	1738306626633	1738306626663	OK	 
REQUEST		feedback.jpg.webp	1738306626614	1738306626680	OK	 
REQUEST		glex2025high.png.webp	1738306626664	1738306626689	OK	 
REQUEST		contact.jpg.webp	1738306626614	1738306626697	OK	 
REQUEST		askanexpert.png.webp	1738306626614	1738306626698	OK	 
REQUEST		start2025_030125.png.webp	1738306626614	1738306626699	OK	 
REQUEST		vcd15cbe7772f49c399c6a5babf22c1241717689176015	1738306626614	1738306626701	OK	 
REQUEST		megascience.png.webp	1738306626680	1738306626703	OK	 
REQUEST		spaceday130824_high.png.webp	1738306626690	1738306626708	OK	 
REQUEST		Respond_Basket_2024_Highlights.png.webp	1738306626614	1738306626709	OK	 
REQUEST		geoportals300724_high.png.webp	1738306626698	1738306626720	OK	 
REQUEST		interscienceworkshop.png.webp	1738306626699	1738306626727	OK	 
REQUEST		inspace_high010824.png.webp	1738306626697	1738306626728	OK	 
REQUEST		igrasp.png.webp	1738306626709	1738306626730	OK	 
REQUEST		NSPD290724_high.png.webp	1738306626703	1738306626730	OK	 
REQUEST		nspd_high.jpg.webp	1738306626708	1738306626731	OK	 
REQUEST		issdc.png.webp	1738306626730	1738306626750	OK	 
REQUEST		stem.png.webp	1738306626720	1738306626750	OK	 
REQUEST		bhuvan.png.webp	1738306626731	1738306626751	OK	 
REQUEST		mosdac.jpg.webp	1738306626728	1738306626755	OK	 
REQUEST		spark.png.webp	1738306626728	1738306626756	OK	 
REQUEST		bhoonidhi.png.webp	1738306626731	1738306626757	OK	 
REQUEST		isro1.png.webp	1738306626750	1738306626770	OK	 
REQUEST		pslv_c59_rec.png.webp	1738306626755	1738306626786	OK	 
REQUEST		sslvd3_rec160824.png.webp	1738306626756	1738306626787	OK	 
REQUEST		PRL-new_small.jpg.webp	1738306626757	1738306626788	OK	 
REQUEST		spadex_rec.png.webp	1738306626752	1738306626792	OK	 
REQUEST		vedas.png.webp	1738306626750	1738306626792	OK	 
REQUEST		narl_small.jpg.webp	1738306626770	1738306626793	OK	 
REQUEST		nesac_small.png.webp	1738306626786	1738306626806	OK	 
REQUEST		iist_small.png.webp	1738306626787	1738306626807	OK	 
REQUEST		isroHQs.jpg.webp	1738306626788	1738306626810	OK	 
REQUEST		LPSC.jpg.webp	1738306626792	1738306626811	OK	 
REQUEST		VSSC.jpg.webp	1738306626792	1738306626814	OK	 
REQUEST		SHAR.jpg.webp	1738306626793	1738306626816	OK	 
REQUEST		HSFC.png.webp	1738306626812	1738306626840	OK	 
REQUEST		IPRC.jpg.webp	1738306626814	1738306626841	OK	 
REQUEST		ursc.jpg.webp	1738306626806	1738306626841	OK	 
REQUEST		IISU.jpg.webp	1738306626816	1738306626842	OK	 
REQUEST		nrsc.jpg.webp	1738306626810	1738306626846	OK	 
REQUEST		sac.jpg.webp	1738306626807	1738306626846	OK	 
REQUEST		istrac.jpg.webp	1738306626840	1738306626866	OK	 
REQUEST		NSIL_large.jpg.webp	1738306626847	1738306626873	OK	 
REQUEST		LEOS.png.webp	1738306626841	1738306626874	OK	 
REQUEST		MCF.png.webp	1738306626841	1738306626878	OK	 
REQUEST		inspace_large.jpg.webp	1738306626846	1738306626879	OK	 
REQUEST		IIRS.png.webp	1738306626842	1738306626879	OK	 
REQUEST		menu_set.jpg.webp	1738306626873	1738306626893	OK	 
REQUEST		menu_2.jpg.webp	1738306626866	1738306626894	OK	 
REQUEST		menu_1.jpg.webp	1738306626874	1738306626906	OK	 
REQUEST		menu_img.jpg.webp	1738306626878	1738306626906	OK	 
REQUEST		menu_new.jpg.webp	1738306626879	1738306626907	OK	 
REQUEST		menu_edit.jpg.webp	1738306626880	1738306626908	OK	 
REQUEST		request_13	1738306626893	1738306626914	OK	 
REQUEST		request_35	1738306626897	1738306626921	OK	 
REQUEST		request_37	1738306626906	1738306626922	OK	 
REQUEST		request_41	1738306626908	1738306626927	OK	 
REQUEST		request_38	1738306626906	1738306626928	OK	 
REQUEST		request_39	1738306626907	1738306626939	OK	 
REQUEST		request_43	1738306626921	1738306626943	OK	 
REQUEST		request_42	1738306626915	1738306626944	OK	 
REQUEST		request_45	1738306626927	1738306626945	OK	 
REQUEST		request_44	1738306626922	1738306626954	OK	 
REQUEST		request_47	1738306627009	1738306627024	OK	 
REQUEST		request_47	1738306627014	1738306627035	OK	 
REQUEST		request_48	1738306627026	1738306627046	OK	 
REQUEST		request_47	1738306627038	1738306627052	OK	 
REQUEST		request_48	1738306627036	1738306627055	OK	 
USER	ISROWebPageSimulation	START	1738306627059
REQUEST		request_48	1738306627053	1738306627069	OK	 
REQUEST		request_47	1738306627095	1738306627116	OK	 
REQUEST		request_0	1738306627059	1738306627116	OK	 
REQUEST		request_47	1738306627109	1738306627128	OK	 
REQUEST		favicon.png.webp	1738306627117	1738306627132	OK	 
REQUEST		request_47	1738306627114	1738306627136	OK	 
REQUEST		request_48	1738306627116	1738306627136	OK	 
REQUEST		IRoC-U_2025high.png.webp	1738306627132	1738306627150	OK	 
REQUEST		request_48	1738306627129	1738306627150	OK	 
REQUEST		request_48	1738306627136	1738306627162	OK	 
REQUEST		feedback.jpg.webp	1738306627117	1738306627168	OK	 
REQUEST		contact.jpg.webp	1738306627117	1738306627171	OK	 
REQUEST		start2025_030125.png.webp	1738306627117	1738306627173	OK	 
REQUEST		vcd15cbe7772f49c399c6a5babf22c1241717689176015	1738306627117	1738306627174	OK	 
REQUEST		askanexpert.png.webp	1738306627117	1738306627174	OK	 
REQUEST		glex2025high.png.webp	1738306627150	1738306627176	OK	 
REQUEST		Respond_Basket_2024_Highlights.png.webp	1738306627117	1738306627176	OK	 
REQUEST		inspace_high010824.png.webp	1738306627174	1738306627195	OK	 
REQUEST		interscienceworkshop.png.webp	1738306627176	1738306627198	OK	 
REQUEST		geoportals300724_high.png.webp	1738306627174	1738306627199	OK	 
REQUEST		request_47	1738306627174	1738306627201	OK	 
REQUEST		spaceday130824_high.png.webp	1738306627171	1738306627201	OK	 
REQUEST		megascience.png.webp	1738306627169	1738306627201	OK	 
REQUEST		NSPD290724_high.png.webp	1738306627176	1738306627202	OK	 
REQUEST		nspd_high.jpg.webp	1738306627195	1738306627221	OK	 
REQUEST		request_48	1738306627201	1738306627222	OK	 
REQUEST		mosdac.jpg.webp	1738306627201	1738306627223	OK	 
REQUEST		spark.png.webp	1738306627201	1738306627224	OK	 
REQUEST		stem.png.webp	1738306627199	1738306627224	OK	 
REQUEST		issdc.png.webp	1738306627202	1738306627225	OK	 
REQUEST		igrasp.png.webp	1738306627198	1738306627226	OK	 
REQUEST		request_47	1738306627205	1738306627228	OK	 
REQUEST		vedas.png.webp	1738306627224	1738306627239	OK	 
REQUEST		bhuvan.png.webp	1738306627223	1738306627241	OK	 
REQUEST		isro1.png.webp	1738306627225	1738306627243	OK	 
REQUEST		bhoonidhi.png.webp	1738306627221	1738306627244	OK	 
REQUEST		spadex_rec.png.webp	1738306627226	1738306627250	OK	 
REQUEST		pslv_c59_rec.png.webp	1738306627227	1738306627262	OK	 
REQUEST		PRL-new_small.jpg.webp	1738306627241	1738306627265	OK	 
REQUEST		iist_small.png.webp	1738306627250	1738306627268	OK	 
REQUEST		narl_small.jpg.webp	1738306627243	1738306627269	OK	 
REQUEST		sslvd3_rec160824.png.webp	1738306627239	1738306627270	OK	 
REQUEST		request_48	1738306627229	1738306627271	OK	 
REQUEST		request_47	1738306627240	1738306627272	OK	 
REQUEST		request_47	1738306627246	1738306627272	OK	 
REQUEST		request_47	1738306627245	1738306627272	OK	 
REQUEST		nesac_small.png.webp	1738306627244	1738306627272	OK	 
REQUEST		VSSC.jpg.webp	1738306627265	1738306627288	OK	 
REQUEST		ursc.jpg.webp	1738306627270	1738306627295	OK	 
REQUEST		isroHQs.jpg.webp	1738306627262	1738306627297	OK	 
REQUEST		LPSC.jpg.webp	1738306627268	1738306627298	OK	 
REQUEST		SHAR.jpg.webp	1738306627269	1738306627299	OK	 
REQUEST		request_48	1738306627272	1738306627300	OK	 
REQUEST		request_48	1738306627273	1738306627300	OK	 
REQUEST		sac.jpg.webp	1738306627273	1738306627300	OK	 
REQUEST		request_48	1738306627272	1738306627300	OK	 
REQUEST		nrsc.jpg.webp	1738306627288	1738306627311	OK	 
REQUEST		HSFC.png.webp	1738306627296	1738306627315	OK	 
REQUEST		MCF.png.webp	1738306627300	1738306627324	OK	 
REQUEST		IISU.jpg.webp	1738306627298	1738306627326	OK	 
REQUEST		istrac.jpg.webp	1738306627299	1738306627328	OK	 
REQUEST		IPRC.jpg.webp	1738306627297	1738306627328	OK	 
REQUEST		LEOS.png.webp	1738306627311	1738306627330	OK	 
REQUEST		IIRS.png.webp	1738306627315	1738306627332	OK	 
REQUEST		menu_1.jpg.webp	1738306627330	1738306627357	OK	 
REQUEST		menu_set.jpg.webp	1738306627329	1738306627357	OK	 
REQUEST		menu_2.jpg.webp	1738306627328	1738306627358	OK	 
REQUEST		inspace_large.jpg.webp	1738306627324	1738306627362	OK	 
REQUEST		menu_img.jpg.webp	1738306627332	1738306627363	OK	 
REQUEST		NSIL_large.jpg.webp	1738306627327	1738306627371	OK	 
REQUEST		menu_edit.jpg.webp	1738306627357	1738306627376	OK	 
REQUEST		request_13	1738306627358	1738306627378	OK	 
REQUEST		request_47	1738306627361	1738306627379	OK	 
REQUEST		menu_new.jpg.webp	1738306627357	1738306627380	OK	 
REQUEST		request_38	1738306627363	1738306627381	OK	 
REQUEST		request_32	1738306627363	1738306627382	OK	 
REQUEST		request_39	1738306627371	1738306627396	OK	 
REQUEST		request_41	1738306627376	1738306627396	OK	 
REQUEST		request_42	1738306627378	1738306627397	OK	 
REQUEST		request_44	1738306627381	1738306627397	OK	 
REQUEST		request_45	1738306627383	1738306627399	OK	 
REQUEST		request_48	1738306627380	1738306627399	OK	 
REQUEST		request_43	1738306627380	1738306627399	OK	 
REQUEST		request_47	1738306627476	1738306627491	OK	 
REQUEST		request_48	1738306627492	1738306627509	OK	 
USER	ISROWebPageSimulation	START	1738306627560
REQUEST		request_0	1738306627560	1738306627647	OK	 
REQUEST		request_47	1738306627629	1738306627668	OK	 
REQUEST		favicon.png.webp	1738306627650	1738306627675	OK	 
REQUEST		request_48	1738306627669	1738306627689	OK	 
REQUEST		IRoC-U_2025high.png.webp	1738306627675	1738306627698	OK	 
REQUEST		vcd15cbe7772f49c399c6a5babf22c1241717689176015	1738306627650	1738306627708	OK	 
REQUEST		feedback.jpg.webp	1738306627651	1738306627709	OK	 
REQUEST		start2025_030125.png.webp	1738306627651	1738306627716	OK	 
REQUEST		contact.jpg.webp	1738306627650	1738306627716	OK	 
REQUEST		askanexpert.png.webp	1738306627650	1738306627717	OK	 
REQUEST		glex2025high.png.webp	1738306627699	1738306627726	OK	 
REQUEST		Respond_Basket_2024_Highlights.png.webp	1738306627651	1738306627728	OK	 
REQUEST		inspace_high010824.png.webp	1738306627717	1738306627735	OK	 
REQUEST		interscienceworkshop.png.webp	1738306627726	1738306627746	OK	 
REQUEST		megascience.png.webp	1738306627709	1738306627747	OK	 
REQUEST		geoportals300724_high.png.webp	1738306627717	1738306627748	OK	 
REQUEST		NSPD290724_high.png.webp	1738306627728	1738306627755	OK	 
REQUEST		nspd_high.jpg.webp	1738306627735	1738306627761	OK	 
REQUEST		igrasp.png.webp	1738306627746	1738306627762	OK	 
REQUEST		stem.png.webp	1738306627747	1738306627764	OK	 
REQUEST		spark.png.webp	1738306627748	1738306627770	OK	 
REQUEST		spaceday130824_high.png.webp	1738306627716	1738306627776	OK	 
REQUEST		issdc.png.webp	1738306627761	1738306627779	OK	 
REQUEST		mosdac.jpg.webp	1738306627755	1738306627781	OK	 
REQUEST		bhoonidhi.png.webp	1738306627762	1738306627782	OK	 
REQUEST		bhuvan.png.webp	1738306627764	1738306627782	OK	 
REQUEST		spadex_rec.png.webp	1738306627779	1738306627798	OK	 
REQUEST		vedas.png.webp	1738306627770	1738306627799	OK	 
REQUEST		sslvd3_rec160824.png.webp	1738306627782	1738306627799	OK	 
REQUEST		PRL-new_small.jpg.webp	1738306627782	1738306627800	OK	 
REQUEST		isro1.png.webp	1738306627776	1738306627801	OK	 
REQUEST		pslv_c59_rec.png.webp	1738306627781	1738306627817	OK	 
REQUEST		narl_small.jpg.webp	1738306627798	1738306627818	OK	 
REQUEST		iist_small.png.webp	1738306627800	1738306627825	OK	 
REQUEST		nesac_small.png.webp	1738306627799	1738306627829	OK	 
REQUEST		isroHQs.jpg.webp	1738306627801	1738306627830	OK	 
REQUEST		VSSC.jpg.webp	1738306627801	1738306627842	OK	 
REQUEST		SHAR.jpg.webp	1738306627818	1738306627843	OK	 
REQUEST		ursc.jpg.webp	1738306627826	1738306627846	OK	 
REQUEST		nrsc.jpg.webp	1738306627830	1738306627849	OK	 
REQUEST		LPSC.jpg.webp	1738306627817	1738306627852	OK	 
REQUEST		sac.jpg.webp	1738306627829	1738306627864	OK	 
REQUEST		IISU.jpg.webp	1738306627846	1738306627873	OK	 
REQUEST		IPRC.jpg.webp	1738306627844	1738306627875	OK	 
REQUEST		istrac.jpg.webp	1738306627849	1738306627877	OK	 
REQUEST		HSFC.png.webp	1738306627842	1738306627878	OK	 
REQUEST		MCF.png.webp	1738306627852	1738306627881	OK	 
REQUEST		LEOS.png.webp	1738306627864	1738306627887	OK	 
REQUEST		IIRS.png.webp	1738306627873	1738306627892	OK	 
REQUEST		inspace_large.jpg.webp	1738306627875	1738306627903	OK	 
REQUEST		NSIL_large.jpg.webp	1738306627877	1738306627908	OK	 
REQUEST		menu_2.jpg.webp	1738306627878	1738306627908	OK	 
REQUEST		menu_set.jpg.webp	1738306627881	1738306627909	OK	 
REQUEST		menu_1.jpg.webp	1738306627887	1738306627911	OK	 
REQUEST		menu_img.jpg.webp	1738306627892	1738306627911	OK	 
REQUEST		menu_new.jpg.webp	1738306627903	1738306627921	OK	 
REQUEST		menu_edit.jpg.webp	1738306627908	1738306627925	OK	 
REQUEST		request_39	1738306627921	1738306627937	OK	 
REQUEST		request_38	1738306627911	1738306627937	OK	 
REQUEST		request_41	1738306627925	1738306627940	OK	 
REQUEST		request_37	1738306627911	1738306627940	OK	 
REQUEST		request_35	1738306627910	1738306627946	OK	 
REQUEST		request_13	1738306627909	1738306627947	OK	 
REQUEST		request_43	1738306627937	1738306627956	OK	 
REQUEST		request_42	1738306627937	1738306627956	OK	 
REQUEST		request_44	1738306627940	1738306627960	OK	 
REQUEST		request_45	1738306627941	1738306627969	OK	 
REQUEST		request_47	1738306627955	1738306627971	OK	 
REQUEST		request_48	1738306627972	1738306627988	OK	 
USER	ISROWebPageSimulation	START	1738306628060
REQUEST		request_0	1738306628060	1738306628132	OK	 
REQUEST		favicon.png.webp	1738306628134	1738306628160	OK	 
REQUEST		start2025_030125.png.webp	1738306628134	1738306628182	OK	 
REQUEST		askanexpert.png.webp	1738306628134	1738306628186	OK	 
REQUEST		feedback.jpg.webp	1738306628134	1738306628190	OK	 
REQUEST		contact.jpg.webp	1738306628134	1738306628190	OK	 
REQUEST		IRoC-U_2025high.png.webp	1738306628160	1738306628195	OK	 
REQUEST		vcd15cbe7772f49c399c6a5babf22c1241717689176015	1738306628133	1738306628197	OK	 
REQUEST		spaceday130824_high.png.webp	1738306628190	1738306628208	OK	 
REQUEST		inspace_high010824.png.webp	1738306628190	1738306628210	OK	 
REQUEST		glex2025high.png.webp	1738306628182	1738306628211	OK	 
REQUEST		megascience.png.webp	1738306628186	1738306628211	OK	 
REQUEST		Respond_Basket_2024_Highlights.png.webp	1738306628134	1738306628212	OK	 
REQUEST		geoportals300724_high.png.webp	1738306628195	1738306628219	OK	 
REQUEST		interscienceworkshop.png.webp	1738306628208	1738306628229	OK	 
REQUEST		nspd_high.jpg.webp	1738306628211	1738306628231	OK	 
REQUEST		stem.png.webp	1738306628212	1738306628231	OK	 
REQUEST		igrasp.png.webp	1738306628212	1738306628231	OK	 
REQUEST		NSPD290724_high.png.webp	1738306628210	1738306628235	OK	 
REQUEST		spark.png.webp	1738306628219	1738306628240	OK	 
REQUEST		isro1.png.webp	1738306628240	1738306628256	OK	 
REQUEST		mosdac.jpg.webp	1738306628229	1738306628257	OK	 
REQUEST		issdc.png.webp	1738306628231	1738306628258	OK	 
REQUEST		vedas.png.webp	1738306628236	1738306628259	OK	 
REQUEST		bhoonidhi.png.webp	1738306628231	1738306628259	OK	 
REQUEST		bhuvan.png.webp	1738306628231	1738306628265	OK	 
REQUEST		spadex_rec.png.webp	1738306628256	1738306628273	OK	 
REQUEST		pslv_c59_rec.png.webp	1738306628257	1738306628279	OK	 
REQUEST		sslvd3_rec160824.png.webp	1738306628259	1738306628280	OK	 
REQUEST		narl_small.jpg.webp	1738306628259	1738306628285	OK	 
REQUEST		PRL-new_small.jpg.webp	1738306628259	1738306628286	OK	 
REQUEST		nesac_small.png.webp	1738306628265	1738306628287	OK	 
REQUEST		iist_small.png.webp	1738306628274	1738306628292	OK	 
REQUEST		isroHQs.jpg.webp	1738306628279	1738306628299	OK	 
REQUEST		LPSC.jpg.webp	1738306628286	1738306628303	OK	 
REQUEST		SHAR.jpg.webp	1738306628286	1738306628309	OK	 
REQUEST		VSSC.jpg.webp	1738306628280	1738306628309	OK	 
REQUEST		ursc.jpg.webp	1738306628287	1738306628310	OK	 
REQUEST		sac.jpg.webp	1738306628292	1738306628317	OK	 
REQUEST		nrsc.jpg.webp	1738306628299	1738306628325	OK	 
REQUEST		HSFC.png.webp	1738306628303	1738306628327	OK	 
REQUEST		IISU.jpg.webp	1738306628310	1738306628333	OK	 
REQUEST		MCF.png.webp	1738306628317	1738306628337	OK	 
REQUEST		istrac.jpg.webp	1738306628310	1738306628338	OK	 
REQUEST		IPRC.jpg.webp	1738306628309	1738306628343	OK	 
REQUEST		LEOS.png.webp	1738306628325	1738306628343	OK	 
REQUEST		IIRS.png.webp	1738306628327	1738306628347	OK	 
REQUEST		menu_2.jpg.webp	1738306628338	1738306628359	OK	 
REQUEST		NSIL_large.jpg.webp	1738306628337	1738306628372	OK	 
REQUEST		menu_set.jpg.webp	1738306628343	1738306628372	OK	 
REQUEST		inspace_large.jpg.webp	1738306628333	1738306628377	OK	 
REQUEST		menu_1.jpg.webp	1738306628343	1738306628378	OK	 
REQUEST		menu_img.jpg.webp	1738306628347	1738306628378	OK	 
REQUEST		menu_new.jpg.webp	1738306628359	1738306628384	OK	 
REQUEST		request_35	1738306628378	1738306628393	OK	 
REQUEST		menu_edit.jpg.webp	1738306628372	1738306628396	OK	 
REQUEST		request_13	1738306628372	1738306628396	OK	 
REQUEST		request_37	1738306628378	1738306628396	OK	 
REQUEST		request_38	1738306628379	1738306628399	OK	 
REQUEST		request_39	1738306628384	1738306628406	OK	 
REQUEST		request_42	1738306628396	1738306628419	OK	 
REQUEST		request_40	1738306628393	1738306628419	OK	 
REQUEST		request_44	1738306628399	1738306628419	OK	 
REQUEST		request_41	1738306628396	1738306628421	OK	 
REQUEST		request_43	1738306628397	1738306628422	OK	 
REQUEST		request_45	1738306628406	1738306628427	OK	 
REQUEST		request_47	1738306628491	1738306628522	OK	 
REQUEST		request_48	1738306628523	1738306628544	OK	 
REQUEST		request_47	1738306628955	1738306628989	OK	 
REQUEST		request_48	1738306628991	1738306629012	OK	 
REQUEST		request_47	1738306629399	1738306629421	OK	 
REQUEST		request_48	1738306629422	1738306629443	OK	 
REQUEST		request_47	1738306629970	1738306629990	OK	 
REQUEST		request_48	1738306629992	1738306630028	OK	 
REQUEST		request_47	1738306630427	1738306630444	OK	 
REQUEST		request_48	1738306630445	1738306630461	OK	 
REQUEST		request_55	1738306632047	1738306632085	OK	 
REQUEST		request_55	1738306632055	1738306632085	OK	 
REQUEST		request_55	1738306632070	1738306632093	OK	 
REQUEST		ISRO_R_D_Eco_System_Magazine_Ad.jpg.webp	1738306632109	1738306632214	OK	 
REQUEST		request_55	1738306632136	1738306632246	OK	 
REQUEST		request_55	1738306632223	1738306632255	OK	 
REQUEST		request_55	1738306632163	1738306632255	OK	 
REQUEST		request_56	1738306632257	1738306632332	OK	 
REQUEST		request_56	1738306632110	1738306632340	OK	 
REQUEST		request_56	1738306632256	1738306632366	OK	 
REQUEST		ISRO_R_D_Eco_System_Magazine_Ad.jpg.webp	1738306632247	1738306632369	OK	 
REQUEST		ISRO_R_D_Eco_System_Magazine_Ad.jpg.webp	1738306632255	1738306632379	OK	 
REQUEST		request_55	1738306632271	1738306632384	OK	 
REQUEST		request_55	1738306632301	1738306632384	OK	 
USER	ISROWebPageSimulation	END	1738306632385
REQUEST		request_55	1738306632301	1738306632385	OK	 
REQUEST		request_55	1738306632301	1738306632386	OK	 
REQUEST		request_56	1738306632247	1738306632418	OK	 
REQUEST		request_55	1738306632151	1738306632419	OK	 
USER	ISROWebPageSimulation	END	1738306632421
REQUEST		request_55	1738306632510	1738306632578	OK	 
REQUEST		request_56	1738306632388	1738306632622	OK	 
REQUEST		ISRO_R_D_Eco_System_Magazine_Ad.jpg.webp	1738306632387	1738306632625	OK	 
REQUEST		ISRO_R_D_Eco_System_Magazine_Ad.jpg.webp	1738306632580	1738306632678	OK	 
REQUEST		request_56	1738306632420	1738306632678	OK	 
REQUEST		ISRO_R_D_Eco_System_Magazine_Ad.jpg.webp	1738306632388	1738306632680	OK	 
USER	ISROWebPageSimulation	END	1738306632681
REQUEST		request_56	1738306632110	1738306632688	OK	 
REQUEST		ISRO_R_D_Eco_System_Magazine_Ad.jpg.webp	1738306632389	1738306632688	OK	 
REQUEST		request_56	1738306632110	1738306632689	OK	 
REQUEST		request_55	1738306632399	1738306632690	OK	 
USER	ISROWebPageSimulation	END	1738306632690
REQUEST		ISRO_R_D_Eco_System_Magazine_Ad.jpg.webp	1738306632420	1738306632701	OK	 
USER	ISROWebPageSimulation	END	1738306632703
REQUEST		request_56	1738306632581	1738306632721	OK	 
REQUEST		request_56	1738306632387	1738306632721	OK	 
USER	ISROWebPageSimulation	END	1738306632722
USER	ISROWebPageSimulation	END	1738306632722
REQUEST		request_55	1738306632689	1738306632739	OK	 
REQUEST		ISRO_R_D_Eco_System_Magazine_Ad.jpg.webp	1738306632386	1738306632762	OK	 
REQUEST		request_56	1738306632691	1738306632764	OK	 
REQUEST		request_56	1738306632386	1738306632818	OK	 
REQUEST		request_56	1738306632740	1738306632818	OK	 
USER	ISROWebPageSimulation	END	1738306632819
REQUEST		ISRO_R_D_Eco_System_Magazine_Ad.jpg.webp	1738306632740	1738306632823	OK	 
USER	ISROWebPageSimulation	END	1738306632824
REQUEST		ISRO_R_D_Eco_System_Magazine_Ad.jpg.webp	1738306632691	1738306632878	OK	 
USER	ISROWebPageSimulation	END	1738306632879
REQUEST		request_56	1738306632389	1738306632890	OK	 
USER	ISROWebPageSimulation	END	1738306632891
REQUEST		ISRO_R_D_Eco_System_Magazine_Ad.jpg.webp	1738306632109	1738306632967	OK	 
USER	ISROWebPageSimulation	END	1738306632970
REQUEST		ISRO_R_D_Eco_System_Magazine_Ad.jpg.webp	1738306632109	1738306633061	OK	 
USER	ISROWebPageSimulation	END	1738306633062
REQUEST		request_55	1738306632989	1738306633070	OK	 
REQUEST		request_56	1738306633071	1738306633176	OK	 
REQUEST		ISRO_R_D_Eco_System_Magazine_Ad.jpg.webp	1738306633071	1738306633192	OK	 
REQUEST		ISRO_R_D_Eco_System_Magazine_Ad.jpg.webp	1738306632256	1738306633192	OK	 
USER	ISROWebPageSimulation	END	1738306633195
USER	ISROWebPageSimulation	END	1738306633195
REQUEST		request_55	1738306633544	1738306633567	OK	 
REQUEST		ISRO_R_D_Eco_System_Magazine_Ad.jpg.webp	1738306633568	1738306633636	OK	 
REQUEST		request_56	1738306633568	1738306633639	OK	 
USER	ISROWebPageSimulation	END	1738306633645
REQUEST		request_55	1738306634013	1738306634044	OK	 
REQUEST		ISRO_R_D_Eco_System_Magazine_Ad.jpg.webp	1738306634046	1738306634136	OK	 
REQUEST		request_56	1738306634046	1738306634137	OK	 
USER	ISROWebPageSimulation	END	1738306634140
REQUEST		request_55	1738306634444	1738306634475	OK	 
REQUEST		request_56	1738306634475	1738306634558	OK	 
REQUEST		ISRO_R_D_Eco_System_Magazine_Ad.jpg.webp	1738306634475	1738306634599	OK	 
USER	ISROWebPageSimulation	END	1738306634603
REQUEST		request_55	1738306635029	1738306635060	OK	 
REQUEST		request_56	1738306635061	1738306635135	OK	 
REQUEST		ISRO_R_D_Eco_System_Magazine_Ad.jpg.webp	1738306635061	1738306635136	OK	 
USER	ISROWebPageSimulation	END	1738306635139
REQUEST		request_55	1738306635462	1738306635491	OK	 
REQUEST		request_56	1738306635492	1738306635548	OK	 
REQUEST		ISRO_R_D_Eco_System_Magazine_Ad.jpg.webp	1738306635492	1738306635567	OK	 
USER	ISROWebPageSimulation	END	1738306635571
