RUN	com.gatling.tests.ISROWebPageSimulation	isrowebpagesimulation	1734000092813	injection profiles	3.6.1
USER	ISROWebPageSimulation	START	1734000097308
USER	ISROWebPageSimulation	START	1734000097308
USER	ISROWebPageSimulation	START	1734000097308
USER	ISROWebPageSimulation	START	1734000097308
USER	ISROWebPageSimulation	START	1734000097308
USER	ISROWebPageSimulation	START	1734000097308
USER	ISROWebPageSimulation	START	1734000097308
USER	ISROWebPageSimulation	START	1734000097308
USER	ISROWebPageSimulation	START	1734000097308
USER	ISROWebPageSimulation	START	1734000097308
USER	ISROWebPageSimulation	START	1734000097308
REQUEST		request_0	1734000097345	1734000097431	OK	 
REQUEST		request_0	1734000097344	1734000097419	OK	 
REQUEST		request_0	1734000097344	1734000097424	OK	 
REQUEST		request_0	1734000097345	1734000097419	OK	 
REQUEST		request_0	1734000097344	1734000097432	OK	 
REQUEST		request_0	1734000097344	1734000097424	OK	 
REQUEST		request_0	1734000097344	1734000097434	OK	 
REQUEST		request_0	1734000097344	1734000097446	OK	 
REQUEST		request_0	1734000097344	1734000097455	OK	 
REQUEST		request_0	1734000097344	1734000097456	OK	 
REQUEST		request_0	1734000097345	1734000097529	OK	 
REQUEST		favicon.png.webp	1734000097709	1734000097734	OK	 
REQUEST		favicon.png.webp	1734000097709	1734000097734	OK	 
REQUEST		favicon.png.webp	1734000097711	1734000097735	OK	 
REQUEST		favicon.png.webp	1734000097713	1734000097735	OK	 
REQUEST		favicon.png.webp	1734000097715	1734000097735	OK	 
REQUEST		favicon.png.webp	1734000097710	1734000097736	OK	 
REQUEST		favicon.png.webp	1734000097709	1734000097734	OK	 
REQUEST		favicon.png.webp	1734000097719	1734000097754	OK	 
REQUEST		favicon.png.webp	1734000097719	1734000097755	OK	 
REQUEST		favicon.png.webp	1734000097726	1734000097759	OK	 
REQUEST		favicon.png.webp	1734000097723	1734000097759	OK	 
REQUEST		spark.png.webp	1734000097739	1734000097775	OK	 
REQUEST		spark.png.webp	1734000097737	1734000097775	OK	 
REQUEST		spark.png.webp	1734000097757	1734000097777	OK	 
REQUEST		spark.png.webp	1734000097736	1734000097777	OK	 
REQUEST		spark.png.webp	1734000097737	1734000097777	OK	 
REQUEST		spark.png.webp	1734000097736	1734000097779	OK	 
REQUEST		spark.png.webp	1734000097754	1734000097780	OK	 
REQUEST		spark.png.webp	1734000097736	1734000097782	OK	 
REQUEST		spark.png.webp	1734000097759	1734000097783	OK	 
REQUEST		spark.png.webp	1734000097738	1734000097785	OK	 
REQUEST		spark.png.webp	1734000097759	1734000097793	OK	 
REQUEST		mosdac.jpg.webp	1734000097779	1734000097795	OK	 
REQUEST		mosdac.jpg.webp	1734000097778	1734000097796	OK	 
REQUEST		mosdac.jpg.webp	1734000097776	1734000097797	OK	 
REQUEST		mosdac.jpg.webp	1734000097783	1734000097798	OK	 
REQUEST		mosdac.jpg.webp	1734000097776	1734000097798	OK	 
REQUEST		mosdac.jpg.webp	1734000097780	1734000097799	OK	 
USER	ISROWebPageSimulation	START	1734000097799
REQUEST		mosdac.jpg.webp	1734000097784	1734000097805	OK	 
REQUEST		mosdac.jpg.webp	1734000097786	1734000097805	OK	 
REQUEST		stem.png.webp	1734000097714	1734000097806	OK	 
REQUEST		mosdac.jpg.webp	1734000097778	1734000097805	OK	 
REQUEST		stem.png.webp	1734000097725	1734000097807	OK	 
REQUEST		feedback.jpg.webp	1734000097712	1734000097807	OK	 
REQUEST		askanexpert.png.webp	1734000097711	1734000097808	OK	 
REQUEST		contact.jpg.webp	1734000097710	1734000097809	OK	 
REQUEST		stem.png.webp	1734000097716	1734000097809	OK	 
REQUEST		feedback.jpg.webp	1734000097712	1734000097810	OK	 
REQUEST		igrasp.png.webp	1734000097713	1734000097810	OK	 
REQUEST		askanexpert.png.webp	1734000097715	1734000097811	OK	 
REQUEST		feedback.jpg.webp	1734000097721	1734000097811	OK	 
REQUEST		contact.jpg.webp	1734000097712	1734000097811	OK	 
REQUEST		askanexpert.png.webp	1734000097720	1734000097813	OK	 
REQUEST		contact.jpg.webp	1734000097711	1734000097813	OK	 
REQUEST		igrasp.png.webp	1734000097712	1734000097814	OK	 
REQUEST		contact.jpg.webp	1734000097720	1734000097814	OK	 
REQUEST		askanexpert.png.webp	1734000097723	1734000097816	OK	 
REQUEST		igrasp.png.webp	1734000097725	1734000097817	OK	 
REQUEST		feedback.jpg.webp	1734000097721	1734000097817	OK	 
REQUEST		igrasp.png.webp	1734000097716	1734000097816	OK	 
REQUEST		igrasp.png.webp	1734000097712	1734000097818	OK	 
REQUEST		contact.jpg.webp	1734000097723	1734000097818	OK	 
REQUEST		igrasp.png.webp	1734000097728	1734000097818	OK	 
REQUEST		askanexpert.png.webp	1734000097715	1734000097819	OK	 
REQUEST		feedback.jpg.webp	1734000097724	1734000097820	OK	 
REQUEST		stem.png.webp	1734000097726	1734000097820	OK	 
REQUEST		issdc.png.webp	1734000097798	1734000097821	OK	 
REQUEST		contact.jpg.webp	1734000097720	1734000097821	OK	 
REQUEST		igrasp.png.webp	1734000097721	1734000097821	OK	 
REQUEST		issdc.png.webp	1734000097798	1734000097822	OK	 
REQUEST		stem.png.webp	1734000097722	1734000097823	OK	 
REQUEST		igrasp.png.webp	1734000097712	1734000097823	OK	 
REQUEST		issdc.png.webp	1734000097800	1734000097823	OK	 
REQUEST		igrasp.png.webp	1734000097721	1734000097824	OK	 
REQUEST		feedback.jpg.webp	1734000097725	1734000097825	OK	 
REQUEST		issdc.png.webp	1734000097797	1734000097825	OK	 
REQUEST		mosdac.jpg.webp	1734000097797	1734000097826	OK	 
REQUEST		issdc.png.webp	1734000097806	1734000097825	OK	 
REQUEST		issdc.png.webp	1734000097799	1734000097827	OK	 
REQUEST		contact.jpg.webp	1734000097714	1734000097827	OK	 
REQUEST		askanexpert.png.webp	1734000097720	1734000097828	OK	 
REQUEST		askanexpert.png.webp	1734000097727	1734000097828	OK	 
REQUEST		issdc.png.webp	1734000097797	1734000097828	OK	 
REQUEST		feedback.jpg.webp	1734000097727	1734000097830	OK	 
REQUEST		igrasp.png.webp	1734000097724	1734000097830	OK	 
REQUEST		bhoonidhi.png.webp	1734000097807	1734000097830	OK	 
REQUEST		feedback.jpg.webp	1734000097715	1734000097830	OK	 
REQUEST		stem.png.webp	1734000097723	1734000097830	OK	 
REQUEST		bhuvan.png.webp	1734000097810	1734000097832	OK	 
REQUEST		contact.jpg.webp	1734000097714	1734000097832	OK	 
REQUEST		vedas.png.webp	1734000097814	1734000097833	OK	 
REQUEST		bhoonidhi.png.webp	1734000097812	1734000097833	OK	 
REQUEST		bhoonidhi.png.webp	1734000097811	1734000097834	OK	 
REQUEST		bhoonidhi.png.webp	1734000097808	1734000097835	OK	 
REQUEST		issdc.png.webp	1734000097809	1734000097838	OK	 
REQUEST		bhoonidhi.png.webp	1734000097810	1734000097838	OK	 
REQUEST		bhoonidhi.png.webp	1734000097817	1734000097838	OK	 
REQUEST		issdc.png.webp	1734000097807	1734000097839	OK	 
REQUEST		feedback.jpg.webp	1734000097715	1734000097839	OK	 
REQUEST		bhuvan.png.webp	1734000097818	1734000097840	OK	 
REQUEST		bhoonidhi.png.webp	1734000097810	1734000097840	OK	 
REQUEST		issdc.png.webp	1734000097806	1734000097840	OK	 
REQUEST		vedas.png.webp	1734000097819	1734000097841	OK	 
REQUEST		bhoonidhi.png.webp	1734000097817	1734000097841	OK	 
REQUEST		bhoonidhi.png.webp	1734000097819	1734000097841	OK	 
REQUEST		bhuvan.png.webp	1734000097813	1734000097841	OK	 
REQUEST		bhuvan.png.webp	1734000097813	1734000097841	OK	 
REQUEST		vedas.png.webp	1734000097815	1734000097842	OK	 
REQUEST		isro1.png.webp	1734000097824	1734000097842	OK	 
REQUEST		isro1.png.webp	1734000097827	1734000097842	OK	 
REQUEST		bhoonidhi.png.webp	1734000097827	1734000097844	OK	 
REQUEST		bhuvan.png.webp	1734000097822	1734000097844	OK	 
REQUEST		bhuvan.png.webp	1734000097826	1734000097844	OK	 
REQUEST		vedas.png.webp	1734000097812	1734000097844	OK	 
REQUEST		issdc.png.webp	1734000097821	1734000097845	OK	 
REQUEST		isro1.png.webp	1734000097822	1734000097846	OK	 
REQUEST		bhuvan.png.webp	1734000097817	1734000097847	OK	 
REQUEST		bhoonidhi.png.webp	1734000097812	1734000097847	OK	 
REQUEST		bhuvan.png.webp	1734000097814	1734000097849	OK	 
REQUEST		vedas.png.webp	1734000097824	1734000097849	OK	 
REQUEST		vedas.png.webp	1734000097823	1734000097849	OK	 
REQUEST		isro1.png.webp	1734000097820	1734000097850	OK	 
REQUEST		isro1.png.webp	1734000097829	1734000097850	OK	 
REQUEST		vedas.png.webp	1734000097820	1734000097851	OK	 
REQUEST		isro1.png.webp	1734000097824	1734000097852	OK	 
REQUEST		bhuvan.png.webp	1734000097829	1734000097852	OK	 
REQUEST		PRL-new_small.jpg.webp	1734000097833	1734000097853	OK	 
REQUEST		PRL-new_small.jpg.webp	1734000097832	1734000097854	OK	 
REQUEST		vedas.png.webp	1734000097831	1734000097856	OK	 
REQUEST		bhuvan.png.webp	1734000097828	1734000097859	OK	 
REQUEST		vedas.png.webp	1734000097826	1734000097860	OK	 
REQUEST		PRL-new_small.jpg.webp	1734000097839	1734000097861	OK	 
REQUEST		vedas.png.webp	1734000097831	1734000097861	OK	 
REQUEST		isro1.png.webp	1734000097833	1734000097862	OK	 
REQUEST		PRL-new_small.jpg.webp	1734000097835	1734000097863	OK	 
REQUEST		pslvc58xposat.jpg.webp	1734000097829	1734000097866	OK	 
REQUEST		nesac_small.png.webp	1734000097840	1734000097866	OK	 
REQUEST		vedas.png.webp	1734000097841	1734000097869	OK	 
REQUEST		narl_small.jpg.webp	1734000097841	1734000097870	OK	 
REQUEST		isro1.png.webp	1734000097844	1734000097870	OK	 
REQUEST		nesac_small.png.webp	1734000097843	1734000097870	OK	 
REQUEST		PRL-new_small.jpg.webp	1734000097843	1734000097871	OK	 
REQUEST		isro1.png.webp	1734000097840	1734000097873	OK	 
REQUEST		narl_small.jpg.webp	1734000097846	1734000097873	OK	 
REQUEST		isro1.png.webp	1734000097845	1734000097873	OK	 
REQUEST		pslvc58xposat.jpg.webp	1734000097841	1734000097873	OK	 
REQUEST		isro1.png.webp	1734000097839	1734000097874	OK	 
REQUEST		narl_small.jpg.webp	1734000097843	1734000097875	OK	 
REQUEST		narl_small.jpg.webp	1734000097839	1734000097875	OK	 
REQUEST		pslvc58xposat.jpg.webp	1734000097826	1734000097876	OK	 
REQUEST		PRL-new_small.jpg.webp	1734000097841	1734000097876	OK	 
REQUEST		nesac_small.png.webp	1734000097845	1734000097877	OK	 
REQUEST		pslvc58xposat.jpg.webp	1734000097834	1734000097877	OK	 
REQUEST		narl_small.jpg.webp	1734000097841	1734000097878	OK	 
REQUEST		narl_small.jpg.webp	1734000097850	1734000097879	OK	 
REQUEST		PRL-new_small.jpg.webp	1734000097842	1734000097878	OK	 
REQUEST		pslvc58xposat.jpg.webp	1734000097834	1734000097879	OK	 
REQUEST		PRL-new_small.jpg.webp	1734000097852	1734000097882	OK	 
REQUEST		bhuvan.png.webp	1734000097821	1734000097883	OK	 
REQUEST		nesac_small.png.webp	1734000097850	1734000097883	OK	 
REQUEST		nesac_small.png.webp	1734000097841	1734000097883	OK	 
REQUEST		nesac_small.png.webp	1734000097860	1734000097884	OK	 
REQUEST		iist_small.png.webp	1734000097844	1734000097884	OK	 
REQUEST		isroHQs.jpg.webp	1734000097852	1734000097885	OK	 
REQUEST		nesac_small.png.webp	1734000097848	1734000097885	OK	 
REQUEST		pslvc58xposat.jpg.webp	1734000097827	1734000097886	OK	 
REQUEST		request_0	1734000097799	1734000097886	OK	 
REQUEST		narl_small.jpg.webp	1734000097856	1734000097887	OK	 
REQUEST		iist_small.png.webp	1734000097864	1734000097888	OK	 
REQUEST		iist_small.png.webp	1734000097847	1734000097889	OK	 
REQUEST		pslvc58xposat.jpg.webp	1734000097831	1734000097889	OK	 
REQUEST		iist_small.png.webp	1734000097851	1734000097891	OK	 
REQUEST		iist_small.png.webp	1734000097854	1734000097892	OK	 
REQUEST		iist_small.png.webp	1734000097849	1734000097892	OK	 
REQUEST		narl_small.jpg.webp	1734000097862	1734000097892	OK	 
REQUEST		isroHQs.jpg.webp	1734000097850	1734000097891	OK	 
REQUEST		pslvc58xposat.jpg.webp	1734000097841	1734000097894	OK	 
REQUEST		isroHQs.jpg.webp	1734000097871	1734000097895	OK	 
REQUEST		PRL-new_small.jpg.webp	1734000097873	1734000097896	OK	 
REQUEST		pslvc58xposat.jpg.webp	1734000097846	1734000097896	OK	 
REQUEST		PRL-new_small.jpg.webp	1734000097860	1734000097896	OK	 
REQUEST		pslvc58xposat.jpg.webp	1734000097828	1734000097897	OK	 
REQUEST		nesac_small.png.webp	1734000097871	1734000097898	OK	 
REQUEST		LPSC.jpg.webp	1734000097867	1734000097900	OK	 
REQUEST		LPSC.jpg.webp	1734000097866	1734000097903	OK	 
REQUEST		VSSC.jpg.webp	1734000097880	1734000097965	OK	 
REQUEST		isroHQs.jpg.webp	1734000097877	1734000097965	OK	 
REQUEST		narl_small.jpg.webp	1734000097873	1734000097966	OK	 
REQUEST		isroHQs.jpg.webp	1734000097876	1734000097966	OK	 
REQUEST		VSSC.jpg.webp	1734000097880	1734000097970	OK	 
REQUEST		LPSC.jpg.webp	1734000097883	1734000097970	OK	 
REQUEST		stem.png.webp	1734000097713	1734000097971	OK	 
REQUEST		LPSC.jpg.webp	1734000097877	1734000097971	OK	 
REQUEST		pslvc58xposat.jpg.webp	1734000097870	1734000097972	OK	 
REQUEST		isroHQs.jpg.webp	1734000097877	1734000097972	OK	 
REQUEST		SHAR.jpg.webp	1734000097872	1734000097973	OK	 
REQUEST		LPSC.jpg.webp	1734000097883	1734000097974	OK	 
REQUEST		isroHQs.jpg.webp	1734000097871	1734000097975	OK	 
REQUEST		SHAR.jpg.webp	1734000097885	1734000097977	OK	 
REQUEST		VSSC.jpg.webp	1734000097876	1734000097978	OK	 
REQUEST		VSSC.jpg.webp	1734000097877	1734000097979	OK	 
REQUEST		LPSC.jpg.webp	1734000097885	1734000097980	OK	 
REQUEST		iist_small.png.webp	1734000097882	1734000097980	OK	 
REQUEST		LPSC.jpg.webp	1734000097889	1734000097981	OK	 
REQUEST		SHAR.jpg.webp	1734000097887	1734000097983	OK	 
REQUEST		iist_small.png.webp	1734000097875	1734000097983	OK	 
REQUEST		VSSC.jpg.webp	1734000097862	1734000097985	OK	 
REQUEST		favicon.png.webp	1734000097891	1734000097987	OK	 
REQUEST		SHAR.jpg.webp	1734000097891	1734000097987	OK	 
REQUEST		ursc.jpg.webp	1734000097892	1734000097989	OK	 
REQUEST		ursc.jpg.webp	1734000097889	1734000097989	OK	 
REQUEST		SHAR.jpg.webp	1734000097888	1734000097990	OK	 
REQUEST		iist_small.png.webp	1734000097863	1734000097992	OK	 
REQUEST		nesac_small.png.webp	1734000097883	1734000097994	OK	 
REQUEST		isroHQs.jpg.webp	1734000097851	1734000097996	OK	 
REQUEST		VSSC.jpg.webp	1734000097896	1734000097998	OK	 
REQUEST		sac.jpg.webp	1734000097885	1734000097999	OK	 
REQUEST		SHAR.jpg.webp	1734000097893	1734000098002	OK	 
REQUEST		isroHQs.jpg.webp	1734000097893	1734000098006	OK	 
REQUEST		sac.jpg.webp	1734000097898	1734000098012	OK	 
REQUEST		sac.jpg.webp	1734000097893	1734000098012	OK	 
REQUEST		sac.jpg.webp	1734000097895	1734000098013	OK	 
REQUEST		isroHQs.jpg.webp	1734000097896	1734000098014	OK	 
REQUEST		LPSC.jpg.webp	1734000097899	1734000098018	OK	 
REQUEST		iist_small.png.webp	1734000097895	1734000098019	OK	 
REQUEST		nrsc.jpg.webp	1734000097904	1734000098021	OK	 
REQUEST		nesac_small.png.webp	1734000097873	1734000098025	OK	 
REQUEST		VSSC.jpg.webp	1734000097873	1734000098058	OK	 
REQUEST		igrasp.png.webp	1734000097716	1734000098060	OK	 
REQUEST		askanexpert.png.webp	1734000097712	1734000098063	OK	 
REQUEST		stem.png.webp	1734000097713	1734000098064	OK	 
REQUEST		SHAR.jpg.webp	1734000097892	1734000098064	OK	 
REQUEST		feedback.jpg.webp	1734000097712	1734000098064	OK	 
REQUEST		nesac_small.png.webp	1734000097973	1734000098070	OK	 
REQUEST		nrsc.jpg.webp	1734000097971	1734000098070	OK	 
REQUEST		nrsc.jpg.webp	1734000097976	1734000098075	OK	 
REQUEST		SHAR.jpg.webp	1734000097981	1734000098076	OK	 
REQUEST		ursc.jpg.webp	1734000097967	1734000098077	OK	 
REQUEST		sac.jpg.webp	1734000097974	1734000098077	OK	 
REQUEST		VSSC.jpg.webp	1734000097967	1734000098077	OK	 
REQUEST		ursc.jpg.webp	1734000097893	1734000098077	OK	 
REQUEST		nrsc.jpg.webp	1734000097971	1734000098079	OK	 
REQUEST		SHAR.jpg.webp	1734000097971	1734000098079	OK	 
REQUEST		ursc.jpg.webp	1734000097982	1734000098081	OK	 
REQUEST		HSFC.png.webp	1734000097982	1734000098082	OK	 
REQUEST		sac.jpg.webp	1734000097984	1734000098083	OK	 
REQUEST		IPRC.jpg.webp	1734000097984	1734000098084	OK	 
REQUEST		HSFC.png.webp	1734000097982	1734000098085	OK	 
REQUEST		spark.png.webp	1734000097988	1734000098085	OK	 
REQUEST		IISU.jpg.webp	1734000097990	1734000098086	OK	 
REQUEST		HSFC.png.webp	1734000097988	1734000098088	OK	 
REQUEST		LPSC.jpg.webp	1734000097970	1734000098089	OK	 
REQUEST		ursc.jpg.webp	1734000097999	1734000098090	OK	 
REQUEST		IISU.jpg.webp	1734000097997	1734000098091	OK	 
REQUEST		narl_small.jpg.webp	1734000097896	1734000098092	OK	 
REQUEST		sac.jpg.webp	1734000098007	1734000098092	OK	 
REQUEST		IPRC.jpg.webp	1734000098015	1734000098093	OK	 
REQUEST		nrsc.jpg.webp	1734000098019	1734000098094	OK	 
REQUEST		nrsc.jpg.webp	1734000097981	1734000098094	OK	 
REQUEST		askanexpert.png.webp	1734000097711	1734000098095	OK	 
REQUEST		sac.jpg.webp	1734000097980	1734000098097	OK	 
REQUEST		askanexpert.png.webp	1734000097892	1734000098098	OK	 
REQUEST		nrsc.jpg.webp	1734000097904	1734000098098	OK	 
REQUEST		VSSC.jpg.webp	1734000097854	1734000098099	OK	 
REQUEST		IISU.jpg.webp	1734000098063	1734000098100	OK	 
REQUEST		istrac.jpg.webp	1734000098000	1734000098101	OK	 
REQUEST		ursc.jpg.webp	1734000097966	1734000098101	OK	 
REQUEST		HSFC.png.webp	1734000097992	1734000098103	OK	 
REQUEST		sac.jpg.webp	1734000097980	1734000098105	OK	 
REQUEST		nrsc.jpg.webp	1734000098026	1734000098107	OK	 
REQUEST		LPSC.jpg.webp	1734000097995	1734000098108	OK	 
REQUEST		HSFC.png.webp	1734000098002	1734000098108	OK	 
REQUEST		nrsc.jpg.webp	1734000097991	1734000098107	OK	 
REQUEST		HSFC.png.webp	1734000097982	1734000098097	OK	 
REQUEST		ursc.jpg.webp	1734000098020	1734000098109	OK	 
REQUEST		IPRC.jpg.webp	1734000098065	1734000098110	OK	 
REQUEST		VSSC.jpg.webp	1734000097880	1734000098110	OK	 
REQUEST		MCF.png.webp	1734000098023	1734000098112	OK	 
REQUEST		ursc.jpg.webp	1734000097879	1734000098113	OK	 
REQUEST		ursc.jpg.webp	1734000097967	1734000098113	OK	 
REQUEST		IPRC.jpg.webp	1734000098060	1734000098115	OK	 
REQUEST		istrac.jpg.webp	1734000098070	1734000098136	OK	 
REQUEST		narl_small.jpg.webp	1734000097834	1734000098139	OK	 
REQUEST		MCF.png.webp	1734000098078	1734000098143	OK	 
REQUEST		mosdac.jpg.webp	1734000098086	1734000098144	OK	 
REQUEST		IPRC.jpg.webp	1734000098065	1734000098143	OK	 
REQUEST		mosdac.jpg.webp	1734000097778	1734000098149	OK	 
REQUEST		istrac.jpg.webp	1734000098077	1734000098150	OK	 
REQUEST		contact.jpg.webp	1734000097891	1734000098150	OK	 
REQUEST		isroHQs.jpg.webp	1734000098070	1734000098149	OK	 
REQUEST		LEOS.png.webp	1734000098085	1734000098151	OK	 
REQUEST		LEOS.png.webp	1734000098089	1734000098151	OK	 
REQUEST		IISU.jpg.webp	1734000098077	1734000098152	OK	 
REQUEST		iist_small.png.webp	1734000098068	1734000098152	OK	 
REQUEST		IIRS.png.webp	1734000098091	1734000098154	OK	 
REQUEST		HSFC.png.webp	1734000098063	1734000098153	OK	 
REQUEST		VSSC.jpg.webp	1734000098093	1734000098154	OK	 
REQUEST		stem.png.webp	1734000097893	1734000098155	OK	 
REQUEST		MCF.png.webp	1734000098080	1734000098155	OK	 
REQUEST		HSFC.png.webp	1734000098077	1734000098156	OK	 
REQUEST		IISU.jpg.webp	1734000098076	1734000098156	OK	 
REQUEST		IPRC.jpg.webp	1734000098091	1734000098157	OK	 
REQUEST		MCF.png.webp	1734000098101	1734000098159	OK	 
REQUEST		IISU.jpg.webp	1734000098093	1734000098159	OK	 
REQUEST		IISU.jpg.webp	1734000098104	1734000098159	OK	 
REQUEST		LEOS.png.webp	1734000098108	1734000098160	OK	 
REQUEST		istrac.jpg.webp	1734000098086	1734000098161	OK	 
REQUEST		MCF.png.webp	1734000098109	1734000098161	OK	 
REQUEST		IISU.jpg.webp	1734000098013	1734000098162	OK	 
REQUEST		IIRS.png.webp	1734000098087	1734000098164	OK	 
REQUEST		IIRS.png.webp	1734000098093	1734000098166	OK	 
REQUEST		sac.jpg.webp	1734000098078	1734000098167	OK	 
REQUEST		MCF.png.webp	1734000098097	1734000098168	OK	 
REQUEST		HSFC.png.webp	1734000098080	1734000098168	OK	 
REQUEST		IPRC.jpg.webp	1734000098082	1734000098169	OK	 
REQUEST		LEOS.png.webp	1734000098082	1734000098171	OK	 
REQUEST		issdc.png.webp	1734000098099	1734000098171	OK	 
REQUEST		nrsc.jpg.webp	1734000098108	1734000098172	OK	 
REQUEST		istrac.jpg.webp	1734000098096	1734000098173	OK	 
REQUEST		IISU.jpg.webp	1734000098088	1734000098173	OK	 
REQUEST		MCF.png.webp	1734000098099	1734000098173	OK	 
REQUEST		istrac.jpg.webp	1734000098090	1734000098174	OK	 
REQUEST		LEOS.png.webp	1734000098100	1734000098174	OK	 
REQUEST		HSFC.png.webp	1734000098109	1734000098175	OK	 
REQUEST		MCF.png.webp	1734000098111	1734000098175	OK	 
REQUEST		istrac.jpg.webp	1734000098094	1734000098176	OK	 
REQUEST		istrac.jpg.webp	1734000098106	1734000098176	OK	 
REQUEST		contact.jpg.webp	1734000097727	1734000098176	OK	 
REQUEST		IIRS.png.webp	1734000098111	1734000098177	OK	 
REQUEST		inspace_large.jpg.webp	1734000098100	1734000098177	OK	 
REQUEST		inspace_large.jpg.webp	1734000098109	1734000098178	OK	 
REQUEST		askanexpert.png.webp	1734000097724	1734000098179	OK	 
REQUEST		bhoonidhi.png.webp	1734000098144	1734000098179	OK	 
REQUEST		NSIL_large.jpg.webp	1734000098137	1734000098179	OK	 
REQUEST		LEOS.png.webp	1734000098144	1734000098180	OK	 
REQUEST		inspace_large.jpg.webp	1734000098116	1734000098177	OK	 
REQUEST		NSIL_large.jpg.webp	1734000098112	1734000098181	OK	 
REQUEST		LPSC.jpg.webp	1734000098096	1734000098182	OK	 
REQUEST		inspace_large.jpg.webp	1734000098102	1734000098182	OK	 
REQUEST		SHAR.jpg.webp	1734000098151	1734000098184	OK	 
REQUEST		menu_2.jpg.webp	1734000098114	1734000098184	OK	 
REQUEST		IIRS.png.webp	1734000098140	1734000098185	OK	 
REQUEST		IPRC.jpg.webp	1734000097989	1734000098186	OK	 
REQUEST		ursc.jpg.webp	1734000098153	1734000098187	OK	 
REQUEST		inspace_large.jpg.webp	1734000098154	1734000098187	OK	 
REQUEST		bhuvan.png.webp	1734000098154	1734000098187	OK	 
REQUEST		IIRS.png.webp	1734000098153	1734000098187	OK	 
REQUEST		NSIL_large.jpg.webp	1734000098155	1734000098190	OK	 
REQUEST		menu_2.jpg.webp	1734000098144	1734000098190	OK	 
REQUEST		LEOS.png.webp	1734000098112	1734000098190	OK	 
REQUEST		menu_set.jpg.webp	1734000098154	1734000098191	OK	 
REQUEST		IIRS.png.webp	1734000098114	1734000098192	OK	 
REQUEST		IPRC.jpg.webp	1734000098168	1734000098192	OK	 
REQUEST		MCF.png.webp	1734000098156	1734000098193	OK	 
REQUEST		LEOS.png.webp	1734000098149	1734000098194	OK	 
REQUEST		menu_set.jpg.webp	1734000098165	1734000098195	OK	 
REQUEST		menu_2.jpg.webp	1734000098161	1734000098196	OK	 
REQUEST		inspace_large.jpg.webp	1734000098161	1734000098198	OK	 
REQUEST		LEOS.png.webp	1734000098158	1734000098198	OK	 
REQUEST		inspace_large.jpg.webp	1734000098167	1734000098199	OK	 
REQUEST		menu_set.jpg.webp	1734000098165	1734000098217	OK	 
REQUEST		NSIL_large.jpg.webp	1734000098159	1734000098217	OK	 
REQUEST		NSIL_large.jpg.webp	1734000098163	1734000098221	OK	 
REQUEST		menu_1.jpg.webp	1734000098166	1734000098222	OK	 
REQUEST		IIRS.png.webp	1734000098169	1734000098222	OK	 
REQUEST		vedas.png.webp	1734000098171	1734000098222	OK	 
REQUEST		NSIL_large.jpg.webp	1734000098157	1734000098223	OK	 
REQUEST		menu_2.jpg.webp	1734000098159	1734000098224	OK	 
REQUEST		menu_set.jpg.webp	1734000098161	1734000098225	OK	 
REQUEST		menu_2.jpg.webp	1734000098174	1734000098228	OK	 
REQUEST		IIRS.png.webp	1734000098159	1734000098228	OK	 
REQUEST		menu_2.jpg.webp	1734000098173	1734000098230	OK	 
REQUEST		menu_1.jpg.webp	1734000098171	1734000098230	OK	 
REQUEST		menu_2.jpg.webp	1734000098163	1734000098231	OK	 
REQUEST		sac.jpg.webp	1734000098154	1734000098232	OK	 
REQUEST		menu_set.jpg.webp	1734000098175	1734000098244	OK	 
REQUEST		menu_set.jpg.webp	1734000098176	1734000098245	OK	 
REQUEST		NSIL_large.jpg.webp	1734000098174	1734000098246	OK	 
REQUEST		NSIL_large.jpg.webp	1734000098168	1734000098246	OK	 
REQUEST		feedback.jpg.webp	1734000097713	1734000098247	OK	 
REQUEST		inspace_large.jpg.webp	1734000098170	1734000098248	OK	 
REQUEST		isro1.png.webp	1734000098172	1734000098249	OK	 
REQUEST		inspace_large.jpg.webp	1734000098176	1734000098249	OK	 
REQUEST		menu_2.jpg.webp	1734000098175	1734000098249	OK	 
REQUEST		istrac.jpg.webp	1734000098178	1734000098249	OK	 
REQUEST		menu_1.jpg.webp	1734000098179	1734000098250	OK	 
REQUEST		NSIL_large.jpg.webp	1734000098177	1734000098251	OK	 
REQUEST		stem.png.webp	1734000097713	1734000098252	OK	 
REQUEST		MCF.png.webp	1734000098180	1734000098253	OK	 
REQUEST		menu_img.jpg.webp	1734000098178	1734000098252	OK	 
REQUEST		menu_1.jpg.webp	1734000098178	1734000098253	OK	 
REQUEST		menu_1.jpg.webp	1734000098185	1734000098255	OK	 
REQUEST		pslvc58xposat.jpg.webp	1734000098180	1734000098255	OK	 
REQUEST		IISU.jpg.webp	1734000098172	1734000098255	OK	 
REQUEST		menu_new.jpg.webp	1734000098189	1734000098255	OK	 
REQUEST		menu_img.jpg.webp	1734000098182	1734000098255	OK	 
REQUEST		menu_img.jpg.webp	1734000098190	1734000098257	OK	 
REQUEST		menu_set.jpg.webp	1734000098180	1734000098257	OK	 
REQUEST		menu_edit.jpg.webp	1734000098185	1734000098258	OK	 
REQUEST		menu_1.jpg.webp	1734000098189	1734000098259	OK	 
REQUEST		LEOS.png.webp	1734000098193	1734000098259	OK	 
REQUEST		PRL-new_small.jpg.webp	1734000098188	1734000098261	OK	 
REQUEST		menu_set.jpg.webp	1734000098186	1734000098261	OK	 
REQUEST		menu_1.jpg.webp	1734000098191	1734000098262	OK	 
REQUEST		menu_new.jpg.webp	1734000098183	1734000098262	OK	 
REQUEST		istrac.jpg.webp	1734000098014	1734000098262	OK	 
REQUEST		menu_edit.jpg.webp	1734000098190	1734000098262	OK	 
REQUEST		menu_img.jpg.webp	1734000098186	1734000098263	OK	 
REQUEST		menu_img.jpg.webp	1734000098192	1734000098264	OK	 
REQUEST		nrsc.jpg.webp	1734000098182	1734000098264	OK	 
REQUEST		menu_new.jpg.webp	1734000098198	1734000098265	OK	 
REQUEST		menu_new.jpg.webp	1734000098195	1734000098265	OK	 
REQUEST		narl_small.jpg.webp	1734000098222	1734000098265	OK	 
REQUEST		HSFC.png.webp	1734000098184	1734000098265	OK	 
REQUEST		menu_2.jpg.webp	1734000098194	1734000098265	OK	 
REQUEST		menu_edit.jpg.webp	1734000098197	1734000098266	OK	 
REQUEST		IPRC.jpg.webp	1734000098189	1734000098266	OK	 
REQUEST		menu_1.jpg.webp	1734000098194	1734000098266	OK	 
REQUEST		menu_set.jpg.webp	1734000098199	1734000098267	OK	 
REQUEST		contact.jpg.webp	1734000097710	1734000098267	OK	 
REQUEST		menu_edit.jpg.webp	1734000098222	1734000098267	OK	 
REQUEST		menu_img.jpg.webp	1734000098222	1734000098268	OK	 
REQUEST		request_35	1734000098220	1734000098267	OK	 
REQUEST		menu_1.jpg.webp	1734000098228	1734000098268	OK	 
REQUEST		request_35	1734000098230	1734000098269	OK	 
REQUEST		IISU.jpg.webp	1734000098232	1734000098269	OK	 
REQUEST		request_26	1734000098193	1734000098270	OK	 
REQUEST		request_37	1734000098245	1734000098270	OK	 
REQUEST		menu_img.jpg.webp	1734000098199	1734000098270	OK	 
REQUEST		request_5	1734000098196	1734000098270	OK	 
REQUEST		IIRS.png.webp	1734000098251	1734000098271	OK	 
REQUEST		nesac_small.png.webp	1734000098249	1734000098271	OK	 
REQUEST		request_37	1734000098232	1734000098271	OK	 
REQUEST		request_37	1734000098224	1734000098271	OK	 
REQUEST		request_37	1734000098247	1734000098272	OK	 
REQUEST		istrac.jpg.webp	1734000098253	1734000098273	OK	 
REQUEST		menu_edit.jpg.webp	1734000098249	1734000098273	OK	 
REQUEST		menu_new.jpg.webp	1734000098231	1734000098273	OK	 
REQUEST		request_38	1734000098256	1734000098275	OK	 
REQUEST		request_38	1734000098255	1734000098276	OK	 
REQUEST		menu_edit.jpg.webp	1734000098247	1734000098274	OK	 
REQUEST		menu_img.jpg.webp	1734000098188	1734000098277	OK	 
REQUEST		request_35	1734000098256	1734000098278	OK	 
REQUEST		menu_new.jpg.webp	1734000098223	1734000098278	OK	 
REQUEST		request_37	1734000098257	1734000098280	OK	 
REQUEST		menu_new.jpg.webp	1734000098217	1734000098280	OK	 
REQUEST		request_38	1734000098253	1734000098281	OK	 
REQUEST		inspace_large.jpg.webp	1734000098253	1734000098281	OK	 
REQUEST		iist_small.png.webp	1734000098260	1734000098281	OK	 
REQUEST		menu_new.jpg.webp	1734000098247	1734000098282	OK	 
REQUEST		menu_edit.jpg.webp	1734000098224	1734000098283	OK	 
REQUEST		menu_2.jpg.webp	1734000098262	1734000098283	OK	 
REQUEST		request_39	1734000098259	1734000098283	OK	 
REQUEST		request_40	1734000098265	1734000098283	OK	 
REQUEST		request_38	1734000098259	1734000098284	OK	 
REQUEST		request_40	1734000098265	1734000098284	OK	 
REQUEST		PRL-new_small.jpg.webp	1734000097831	1734000098285	OK	 
REQUEST		LEOS.png.webp	1734000098265	1734000098284	OK	 
REQUEST		menu_edit.jpg.webp	1734000098232	1734000098286	OK	 
REQUEST		request_39	1734000098268	1734000098286	OK	 
REQUEST		menu_img.jpg.webp	1734000098249	1734000098286	OK	 
REQUEST		request_41	1734000098266	1734000098287	OK	 
REQUEST		request_39	1734000098262	1734000098290	OK	 
REQUEST		NSIL_large.jpg.webp	1734000098258	1734000098290	OK	 
REQUEST		request_41	1734000098269	1734000098290	OK	 
REQUEST		request_39	1734000098264	1734000098291	OK	 
REQUEST		request_42	1734000098271	1734000098291	OK	 
REQUEST		request_42	1734000098271	1734000098291	OK	 
REQUEST		request_39	1734000098264	1734000098292	OK	 
REQUEST		request_41	1734000098268	1734000098293	OK	 
REQUEST		request_14	1734000098256	1734000098293	OK	 
REQUEST		request_42	1734000098269	1734000098293	OK	 
REQUEST		request_43	1734000098275	1734000098294	OK	 
REQUEST		request_28	1734000098258	1734000098294	OK	 
REQUEST		request_2	1734000098226	1734000098295	OK	 
REQUEST		request_41	1734000098263	1734000098295	OK	 
REQUEST		menu_set.jpg.webp	1734000098272	1734000098295	OK	 
REQUEST		request_43	1734000098273	1734000098296	OK	 
REQUEST		request_43	1734000098272	1734000098297	OK	 
REQUEST		request_44	1734000098280	1734000098297	OK	 
REQUEST		request_44	1734000098281	1734000098297	OK	 
REQUEST		request_40	1734000098274	1734000098297	OK	 
REQUEST		request_43	1734000098272	1734000098297	OK	 
REQUEST		request_42	1734000098269	1734000098298	OK	 
REQUEST		request_37	1734000098266	1734000098298	OK	 
REQUEST		inspace_large.jpg.webp	1734000098267	1734000098298	OK	 
REQUEST		request_41	1734000098277	1734000098299	OK	 
REQUEST		MCF.png.webp	1734000098264	1734000098299	OK	 
REQUEST		request_38	1734000098269	1734000098300	OK	 
USER	ISROWebPageSimulation	START	1734000098299
REQUEST		isroHQs.jpg.webp	1734000098264	1734000098301	OK	 
REQUEST		menu_new.jpg.webp	1734000098253	1734000098301	OK	 
REQUEST		request_38	1734000098277	1734000098302	OK	 
REQUEST		request_35	1734000098260	1734000098302	OK	 
REQUEST		request_37	1734000098276	1734000098303	OK	 
REQUEST		request_41	1734000098273	1734000098303	OK	 
REQUEST		VSSC.jpg.webp	1734000098265	1734000098303	OK	 
REQUEST		request_38	1734000098267	1734000098304	OK	 
REQUEST		request_39	1734000098278	1734000098304	OK	 
REQUEST		LPSC.jpg.webp	1734000098274	1734000098305	OK	 
REQUEST		request_39	1734000098272	1734000098306	OK	 
REQUEST		IIRS.png.webp	1734000098266	1734000098306	OK	 
REQUEST		menu_edit.jpg.webp	1734000098266	1734000098306	OK	 
REQUEST		request_42	1734000098278	1734000098306	OK	 
REQUEST		request_5	1734000098267	1734000098307	OK	 
REQUEST		NSIL_large.jpg.webp	1734000098270	1734000098309	OK	 
REQUEST		request_42	1734000098285	1734000098310	OK	 
REQUEST		request_45	1734000098286	1734000098311	OK	 
REQUEST		request_44	1734000098284	1734000098311	OK	 
REQUEST		request_45	1734000098284	1734000098311	OK	 
REQUEST		request_38	1734000098286	1734000098312	OK	 
REQUEST		request_43	1734000098281	1734000098312	OK	 
REQUEST		menu_1.jpg.webp	1734000098282	1734000098313	OK	 
REQUEST		request_41	1734000098286	1734000098313	OK	 
REQUEST		request_45	1734000098286	1734000098313	OK	 
REQUEST		request_40	1734000098285	1734000098314	OK	 
REQUEST		request_45	1734000098291	1734000098314	OK	 
REQUEST		SHAR.jpg.webp	1734000098283	1734000098314	OK	 
REQUEST		menu_2.jpg.webp	1734000098273	1734000098314	OK	 
REQUEST		request_39	1734000098283	1734000098316	OK	 
REQUEST		request_42	1734000098293	1734000098317	OK	 
REQUEST		request_37	1734000098283	1734000098317	OK	 
REQUEST		request_41	1734000098292	1734000098318	OK	 
REQUEST		request_43	1734000098298	1734000098318	OK	 
REQUEST		request_38	1734000098280	1734000098318	OK	 
REQUEST		menu_img.jpg.webp	1734000098285	1734000098319	OK	 
REQUEST		request_43	1734000098294	1734000098319	OK	 
REQUEST		request_44	1734000098276	1734000098319	OK	 
REQUEST		menu_new.jpg.webp	1734000098295	1734000098322	OK	 
REQUEST		ursc.jpg.webp	1734000098302	1734000098324	OK	 
REQUEST		sac.jpg.webp	1734000098304	1734000098325	OK	 
REQUEST		request_45	1734000098302	1734000098327	OK	 
REQUEST		request_39	1734000098302	1734000098327	OK	 
REQUEST		menu_edit.jpg.webp	1734000098296	1734000098329	OK	 
REQUEST		request_1	1734000098313	1734000098330	OK	 
REQUEST		request_44	1734000098298	1734000098332	OK	 
REQUEST		request_44	1734000098298	1734000098332	OK	 
REQUEST		request_42	1734000098307	1734000098333	OK	 
REQUEST		request_43	1734000098303	1734000098334	OK	 
REQUEST		request_44	1734000098304	1734000098335	OK	 
REQUEST		HSFC.png.webp	1734000098315	1734000098336	OK	 
REQUEST		request_45	1734000098316	1734000098336	OK	 
REQUEST		request_44	1734000098315	1734000098336	OK	 
REQUEST		request_42	1734000098296	1734000098336	OK	 
REQUEST		nrsc.jpg.webp	1734000098305	1734000098337	OK	 
REQUEST		request_41	1734000098306	1734000098338	OK	 
REQUEST		request_45	1734000098300	1734000098338	OK	 
REQUEST		request_43	1734000098317	1734000098338	OK	 
REQUEST		request_21	1734000098320	1734000098338	OK	 
REQUEST		request_45	1734000098305	1734000098339	OK	 
REQUEST		menu_set.jpg.webp	1734000098285	1734000098339	OK	 
REQUEST		menu_img.jpg.webp	1734000098300	1734000098340	OK	 
REQUEST		IPRC.jpg.webp	1734000098324	1734000098341	OK	 
REQUEST		request_44	1734000098318	1734000098342	OK	 
REQUEST		IISU.jpg.webp	1734000098326	1734000098344	OK	 
REQUEST		menu_1.jpg.webp	1734000098298	1734000098346	OK	 
REQUEST		request_42	1734000098331	1734000098346	OK	 
REQUEST		menu_edit.jpg.webp	1734000098310	1734000098348	OK	 
REQUEST		request_39	1734000098328	1734000098348	OK	 
REQUEST		request_41	1734000098330	1734000098350	OK	 
REQUEST		menu_new.jpg.webp	1734000098307	1734000098350	OK	 
REQUEST		request_35	1734000098334	1734000098352	OK	 
REQUEST		MCF.png.webp	1734000098338	1734000098354	OK	 
REQUEST		request_43	1734000098339	1734000098356	OK	 
REQUEST		request_45	1734000098332	1734000098357	OK	 
REQUEST		istrac.jpg.webp	1734000098336	1734000098360	OK	 
REQUEST		LEOS.png.webp	1734000098342	1734000098361	OK	 
REQUEST		request_37	1734000098339	1734000098362	OK	 
REQUEST		request_38	1734000098341	1734000098364	OK	 
REQUEST		IIRS.png.webp	1734000098345	1734000098364	OK	 
REQUEST		request_45	1734000098349	1734000098365	OK	 
REQUEST		request_43	1734000098353	1734000098366	OK	 
REQUEST		request_42	1734000098351	1734000098368	OK	 
REQUEST		request_39	1734000098346	1734000098370	OK	 
REQUEST		request_44	1734000098347	1734000098370	OK	 
REQUEST		request_41	1734000098348	1734000098373	OK	 
REQUEST		request_44	1734000098363	1734000098386	OK	 
REQUEST		menu_2.jpg.webp	1734000098362	1734000098386	OK	 
REQUEST		request_45	1734000098364	1734000098387	OK	 
REQUEST		menu_set.jpg.webp	1734000098364	1734000098387	OK	 
REQUEST		request_0	1734000098300	1734000098388	OK	 
REQUEST		NSIL_large.jpg.webp	1734000098360	1734000098390	OK	 
REQUEST		inspace_large.jpg.webp	1734000098354	1734000098391	OK	 
REQUEST		menu_edit.jpg.webp	1734000098391	1734000098408	OK	 
REQUEST		menu_img.jpg.webp	1734000098388	1734000098410	OK	 
REQUEST		menu_new.jpg.webp	1734000098390	1734000098412	OK	 
REQUEST		menu_1.jpg.webp	1734000098387	1734000098415	OK	 
REQUEST		favicon.png.webp	1734000098392	1734000098419	OK	 
REQUEST		request_3	1734000098409	1734000098425	OK	 
REQUEST		IPRC.jpg.webp	1734000097986	1734000098430	OK	 
REQUEST		request_4	1734000098410	1734000098433	OK	 
REQUEST		request_39	1734000098415	1734000098436	OK	 
REQUEST		request_35	1734000098414	1734000098437	OK	 
REQUEST		request_41	1734000098425	1734000098443	OK	 
REQUEST		spark.png.webp	1734000098420	1734000098445	OK	 
REQUEST		request_44	1734000098437	1734000098452	OK	 
REQUEST		igrasp.png.webp	1734000098394	1734000098452	OK	 
REQUEST		request_42	1734000098434	1734000098455	OK	 
REQUEST		askanexpert.png.webp	1734000098393	1734000098456	OK	 
REQUEST		contact.jpg.webp	1734000098393	1734000098458	OK	 
REQUEST		request_43	1734000098436	1734000098458	OK	 
REQUEST		feedback.jpg.webp	1734000098394	1734000098459	OK	 
REQUEST		request_45	1734000098443	1734000098463	OK	 
REQUEST		stem.png.webp	1734000098395	1734000098469	OK	 
REQUEST		mosdac.jpg.webp	1734000098446	1734000098471	OK	 
REQUEST		issdc.png.webp	1734000098452	1734000098479	OK	 
REQUEST		bhoonidhi.png.webp	1734000098457	1734000098480	OK	 
REQUEST		bhuvan.png.webp	1734000098459	1734000098482	OK	 
REQUEST		vedas.png.webp	1734000098460	1734000098484	OK	 
REQUEST		isro1.png.webp	1734000098469	1734000098490	OK	 
REQUEST		nesac_small.png.webp	1734000098483	1734000098515	OK	 
REQUEST		PRL-new_small.jpg.webp	1734000098479	1734000098518	OK	 
REQUEST		narl_small.jpg.webp	1734000098481	1734000098520	OK	 
REQUEST		VSSC.jpg.webp	1734000098516	1734000098553	OK	 
REQUEST		LPSC.jpg.webp	1734000098519	1734000098555	OK	 
REQUEST		SHAR.jpg.webp	1734000098520	1734000098556	OK	 
REQUEST		iist_small.png.webp	1734000098485	1734000098559	OK	 
REQUEST		isroHQs.jpg.webp	1734000098491	1734000098561	OK	 
REQUEST		sac.jpg.webp	1734000098555	1734000098579	OK	 
REQUEST		HSFC.png.webp	1734000098560	1734000098580	OK	 
REQUEST		nrsc.jpg.webp	1734000098557	1734000098586	OK	 
REQUEST		IPRC.jpg.webp	1734000098562	1734000098587	OK	 
REQUEST		askanexpert.png.webp	1734000097711	1734000098587	OK	 
REQUEST		ursc.jpg.webp	1734000098553	1734000098588	OK	 
REQUEST		IISU.jpg.webp	1734000098579	1734000098596	OK	 
REQUEST		istrac.jpg.webp	1734000098580	1734000098603	OK	 
REQUEST		SHAR.jpg.webp	1734000098014	1734000098603	OK	 
REQUEST		IIRS.png.webp	1734000098589	1734000098604	OK	 
REQUEST		MCF.png.webp	1734000098586	1734000098609	OK	 
REQUEST		LEOS.png.webp	1734000098587	1734000098611	OK	 
REQUEST		NSIL_large.jpg.webp	1734000098603	1734000098618	OK	 
REQUEST		menu_2.jpg.webp	1734000098604	1734000098620	OK	 
REQUEST		inspace_large.jpg.webp	1734000098597	1734000098626	OK	 
REQUEST		menu_set.jpg.webp	1734000098609	1734000098628	OK	 
REQUEST		menu_1.jpg.webp	1734000098612	1734000098631	OK	 
REQUEST		menu_img.jpg.webp	1734000098619	1734000098639	OK	 
REQUEST		menu_new.jpg.webp	1734000098621	1734000098646	OK	 
REQUEST		request_13	1734000098629	1734000098647	OK	 
REQUEST		request_37	1734000098633	1734000098653	OK	 
REQUEST		menu_edit.jpg.webp	1734000098627	1734000098655	OK	 
REQUEST		request_38	1734000098640	1734000098657	OK	 
REQUEST		request_40	1734000098648	1734000098666	OK	 
REQUEST		request_39	1734000098646	1734000098668	OK	 
REQUEST		request_41	1734000098654	1734000098669	OK	 
REQUEST		request_43	1734000098658	1734000098670	OK	 
REQUEST		request_42	1734000098656	1734000098675	OK	 
REQUEST		request_44	1734000098667	1734000098680	OK	 
REQUEST		request_45	1734000098668	1734000098688	OK	 
REQUEST		pslvc58xposat.jpg.webp	1734000098478	1734000098752	OK	 
REQUEST		stem.png.webp	1734000097722	1734000098775	OK	 
REQUEST		stem.png.webp	1734000097728	1734000098781	OK	 
REQUEST		contact.jpg.webp	1734000097724	1734000098782	OK	 
USER	ISROWebPageSimulation	START	1734000098798
REQUEST		request_0	1734000098799	1734000098859	OK	 
REQUEST		favicon.png.webp	1734000098861	1734000098881	OK	 
REQUEST		stem.png.webp	1734000098862	1734000098894	OK	 
REQUEST		askanexpert.png.webp	1734000098862	1734000098897	OK	 
REQUEST		spark.png.webp	1734000098882	1734000098900	OK	 
REQUEST		igrasp.png.webp	1734000098862	1734000098901	OK	 
REQUEST		contact.jpg.webp	1734000098861	1734000098902	OK	 
REQUEST		feedback.jpg.webp	1734000098862	1734000098906	OK	 
REQUEST		mosdac.jpg.webp	1734000098895	1734000098911	OK	 
REQUEST		issdc.png.webp	1734000098897	1734000098915	OK	 
REQUEST		bhuvan.png.webp	1734000098901	1734000098915	OK	 
REQUEST		vedas.png.webp	1734000098902	1734000098916	OK	 
REQUEST		bhoonidhi.png.webp	1734000098900	1734000098921	OK	 
REQUEST		isro1.png.webp	1734000098906	1734000098923	OK	 
REQUEST		pslvc58xposat.jpg.webp	1734000098912	1734000098929	OK	 
REQUEST		PRL-new_small.jpg.webp	1734000098915	1734000098936	OK	 
REQUEST		narl_small.jpg.webp	1734000098916	1734000098937	OK	 
REQUEST		nesac_small.png.webp	1734000098916	1734000098938	OK	 
REQUEST		isroHQs.jpg.webp	1734000098923	1734000098943	OK	 
REQUEST		igrasp.png.webp	1734000097893	1734000098945	OK	 
REQUEST		iist_small.png.webp	1734000098921	1734000098946	OK	 
REQUEST		feedback.jpg.webp	1734000097893	1734000098946	OK	 
REQUEST		LPSC.jpg.webp	1734000098936	1734000098958	OK	 
REQUEST		VSSC.jpg.webp	1734000098929	1734000098959	OK	 
REQUEST		ursc.jpg.webp	1734000098938	1734000098960	OK	 
REQUEST		SHAR.jpg.webp	1734000098937	1734000098960	OK	 
REQUEST		sac.jpg.webp	1734000098943	1734000098967	OK	 
REQUEST		nrsc.jpg.webp	1734000098946	1734000098970	OK	 
REQUEST		IISU.jpg.webp	1734000098960	1734000098978	OK	 
REQUEST		IPRC.jpg.webp	1734000098959	1734000098978	OK	 
REQUEST		HSFC.png.webp	1734000098958	1734000098979	OK	 
REQUEST		istrac.jpg.webp	1734000098960	1734000098980	OK	 
REQUEST		MCF.png.webp	1734000098967	1734000098985	OK	 
REQUEST		LEOS.png.webp	1734000098970	1734000098994	OK	 
REQUEST		inspace_large.jpg.webp	1734000098978	1734000099009	OK	 
REQUEST		NSIL_large.jpg.webp	1734000098979	1734000099010	OK	 
REQUEST		IIRS.png.webp	1734000098978	1734000099011	OK	 
REQUEST		menu_set.jpg.webp	1734000098985	1734000099012	OK	 
REQUEST		menu_2.jpg.webp	1734000098980	1734000099013	OK	 
REQUEST		menu_1.jpg.webp	1734000098994	1734000099018	OK	 
REQUEST		request_33	1734000099013	1734000099027	OK	 
REQUEST		menu_img.jpg.webp	1734000099010	1734000099029	OK	 
REQUEST		menu_new.jpg.webp	1734000099010	1734000099030	OK	 
REQUEST		menu_edit.jpg.webp	1734000099011	1734000099031	OK	 
REQUEST		request_35	1734000099014	1734000099035	OK	 
REQUEST		request_37	1734000099018	1734000099040	OK	 
REQUEST		request_38	1734000099027	1734000099042	OK	 
REQUEST		request_39	1734000099030	1734000099045	OK	 
REQUEST		request_40	1734000099030	1734000099046	OK	 
REQUEST		request_41	1734000099031	1734000099047	OK	 
REQUEST		request_42	1734000099035	1734000099053	OK	 
REQUEST		request_44	1734000099043	1734000099060	OK	 
REQUEST		request_45	1734000099046	1734000099061	OK	 
REQUEST		request_43	1734000099040	1734000099072	OK	 
USER	ISROWebPageSimulation	START	1734000099307
REQUEST		request_0	1734000099307	1734000099352	OK	 
REQUEST		favicon.png.webp	1734000099354	1734000099374	OK	 
REQUEST		contact.jpg.webp	1734000099354	1734000099382	OK	 
REQUEST		feedback.jpg.webp	1734000099354	1734000099391	OK	 
REQUEST		spark.png.webp	1734000099374	1734000099393	OK	 
REQUEST		askanexpert.png.webp	1734000099354	1734000099394	OK	 
REQUEST		igrasp.png.webp	1734000099354	1734000099395	OK	 
REQUEST		mosdac.jpg.webp	1734000099382	1734000099403	OK	 
REQUEST		issdc.png.webp	1734000099391	1734000099406	OK	 
REQUEST		bhoonidhi.png.webp	1734000099393	1734000099414	OK	 
REQUEST		bhuvan.png.webp	1734000099394	1734000099416	OK	 
REQUEST		isro1.png.webp	1734000099403	1734000099418	OK	 
REQUEST		vedas.png.webp	1734000099395	1734000099419	OK	 
REQUEST		stem.png.webp	1734000099354	1734000099422	OK	 
REQUEST		pslvc58xposat.jpg.webp	1734000099407	1734000099427	OK	 
REQUEST		PRL-new_small.jpg.webp	1734000099414	1734000099430	OK	 
REQUEST		nesac_small.png.webp	1734000099418	1734000099433	OK	 
REQUEST		narl_small.jpg.webp	1734000099417	1734000099435	OK	 
REQUEST		iist_small.png.webp	1734000099419	1734000099436	OK	 
REQUEST		VSSC.jpg.webp	1734000099428	1734000099445	OK	 
REQUEST		LPSC.jpg.webp	1734000099431	1734000099448	OK	 
REQUEST		isroHQs.jpg.webp	1734000099422	1734000099453	OK	 
REQUEST		SHAR.jpg.webp	1734000099434	1734000099454	OK	 
REQUEST		ursc.jpg.webp	1734000099435	1734000099455	OK	 
REQUEST		nrsc.jpg.webp	1734000099446	1734000099470	OK	 
REQUEST		sac.jpg.webp	1734000099437	1734000099471	OK	 
REQUEST		IISU.jpg.webp	1734000099454	1734000099474	OK	 
REQUEST		HSFC.png.webp	1734000099448	1734000099475	OK	 
REQUEST		IPRC.jpg.webp	1734000099453	1734000099475	OK	 
REQUEST		istrac.jpg.webp	1734000099455	1734000099482	OK	 
REQUEST		MCF.png.webp	1734000099470	1734000099486	OK	 
REQUEST		LEOS.png.webp	1734000099471	1734000099486	OK	 
REQUEST		IIRS.png.webp	1734000099474	1734000099497	OK	 
REQUEST		NSIL_large.jpg.webp	1734000099475	1734000099498	OK	 
REQUEST		menu_2.jpg.webp	1734000099482	1734000099499	OK	 
REQUEST		inspace_large.jpg.webp	1734000099475	1734000099502	OK	 
REQUEST		menu_set.jpg.webp	1734000099486	1734000099503	OK	 
REQUEST		menu_1.jpg.webp	1734000099487	1734000099504	OK	 
REQUEST		menu_img.jpg.webp	1734000099498	1734000099520	OK	 
REQUEST		menu_edit.jpg.webp	1734000099499	1734000099520	OK	 
REQUEST		request_37	1734000099504	1734000099521	OK	 
REQUEST		request_38	1734000099505	1734000099522	OK	 
REQUEST		request_35	1734000099503	1734000099528	OK	 
REQUEST		request_39	1734000099520	1734000099533	OK	 
REQUEST		request_42	1734000099521	1734000099534	OK	 
REQUEST		request_41	1734000099521	1734000099534	OK	 
REQUEST		menu_new.jpg.webp	1734000099499	1734000099535	OK	 
REQUEST		request_43	1734000099522	1734000099538	OK	 
REQUEST		request_45	1734000099534	1734000099546	OK	 
REQUEST		request_44	1734000099528	1734000099547	OK	 
USER	ISROWebPageSimulation	START	1734000099799
REQUEST		request_0	1734000099799	1734000099976	OK	 
REQUEST		favicon.png.webp	1734000099979	1734000099992	OK	 
REQUEST		spark.png.webp	1734000099993	1734000100014	OK	 
REQUEST		igrasp.png.webp	1734000099979	1734000100021	OK	 
REQUEST		stem.png.webp	1734000099979	1734000100021	OK	 
REQUEST		feedback.jpg.webp	1734000099979	1734000100022	OK	 
REQUEST		contact.jpg.webp	1734000099979	1734000100023	OK	 
REQUEST		mosdac.jpg.webp	1734000100014	1734000100030	OK	 
REQUEST		vedas.png.webp	1734000100023	1734000100037	OK	 
REQUEST		bhoonidhi.png.webp	1734000100022	1734000100037	OK	 
REQUEST		bhuvan.png.webp	1734000100022	1734000100040	OK	 
REQUEST		askanexpert.png.webp	1734000099979	1734000100043	OK	 
REQUEST		issdc.png.webp	1734000100021	1734000100044	OK	 
REQUEST		isro1.png.webp	1734000100030	1734000100049	OK	 
REQUEST		pslvc58xposat.jpg.webp	1734000100037	1734000100054	OK	 
REQUEST		PRL-new_small.jpg.webp	1734000100038	1734000100055	OK	 
REQUEST		narl_small.jpg.webp	1734000100040	1734000100057	OK	 
REQUEST		nesac_small.png.webp	1734000100044	1734000100058	OK	 
REQUEST		iist_small.png.webp	1734000100044	1734000100060	OK	 
REQUEST		isroHQs.jpg.webp	1734000100049	1734000100064	OK	 
REQUEST		LPSC.jpg.webp	1734000100056	1734000100072	OK	 
REQUEST		SHAR.jpg.webp	1734000100057	1734000100074	OK	 
REQUEST		VSSC.jpg.webp	1734000100055	1734000100074	OK	 
REQUEST		ursc.jpg.webp	1734000100058	1734000100075	OK	 
REQUEST		sac.jpg.webp	1734000100060	1734000100076	OK	 
REQUEST		nrsc.jpg.webp	1734000100064	1734000100081	OK	 
REQUEST		HSFC.png.webp	1734000100073	1734000100088	OK	 
REQUEST		IISU.jpg.webp	1734000100074	1734000100091	OK	 
REQUEST		IPRC.jpg.webp	1734000100074	1734000100094	OK	 
REQUEST		istrac.jpg.webp	1734000100075	1734000100098	OK	 
REQUEST		LEOS.png.webp	1734000100081	1734000100099	OK	 
REQUEST		MCF.png.webp	1734000100076	1734000100103	OK	 
REQUEST		IIRS.png.webp	1734000100089	1734000100104	OK	 
REQUEST		inspace_large.jpg.webp	1734000100091	1734000100122	OK	 
REQUEST		NSIL_large.jpg.webp	1734000100094	1734000100124	OK	 
REQUEST		menu_set.jpg.webp	1734000100099	1734000100124	OK	 
REQUEST		menu_1.jpg.webp	1734000100103	1734000100125	OK	 
REQUEST		menu_2.jpg.webp	1734000100098	1734000100126	OK	 
REQUEST		menu_img.jpg.webp	1734000100104	1734000100126	OK	 
REQUEST		menu_edit.jpg.webp	1734000100124	1734000100138	OK	 
REQUEST		request_37	1734000100125	1734000100138	OK	 
REQUEST		request_33	1734000100125	1734000100141	OK	 
REQUEST		menu_new.jpg.webp	1734000100123	1734000100142	OK	 
REQUEST		request_38	1734000100126	1734000100142	OK	 
REQUEST		request_39	1734000100126	1734000100145	OK	 
REQUEST		request_41	1734000100138	1734000100154	OK	 
REQUEST		request_42	1734000100138	1734000100155	OK	 
REQUEST		request_43	1734000100142	1734000100157	OK	 
REQUEST		request_44	1734000100142	1734000100157	OK	 
REQUEST		request_45	1734000100142	1734000100167	OK	 
USER	ISROWebPageSimulation	START	1734000100299
REQUEST		request_47	1734000100317	1734000100336	OK	 
REQUEST		request_47	1734000100319	1734000100337	OK	 
REQUEST		request_0	1734000100299	1734000100342	OK	 
REQUEST		request_48	1734000100338	1734000100350	OK	 
REQUEST		request_47	1734000100338	1734000100350	OK	 
REQUEST		request_47	1734000100333	1734000100351	OK	 
REQUEST		request_48	1734000100337	1734000100356	OK	 
REQUEST		request_47	1734000100337	1734000100357	OK	 
REQUEST		favicon.png.webp	1734000100343	1734000100359	OK	 
REQUEST		request_48	1734000100351	1734000100364	OK	 
REQUEST		request_48	1734000100351	1734000100367	OK	 
REQUEST		stem.png.webp	1734000100343	1734000100372	OK	 
REQUEST		request_48	1734000100358	1734000100375	OK	 
REQUEST		spark.png.webp	1734000100359	1734000100375	OK	 
REQUEST		feedback.jpg.webp	1734000100343	1734000100378	OK	 
REQUEST		contact.jpg.webp	1734000100343	1734000100384	OK	 
REQUEST		igrasp.png.webp	1734000100343	1734000100385	OK	 
REQUEST		mosdac.jpg.webp	1734000100372	1734000100387	OK	 
REQUEST		issdc.png.webp	1734000100376	1734000100389	OK	 
REQUEST		askanexpert.png.webp	1734000100343	1734000100391	OK	 
REQUEST		bhoonidhi.png.webp	1734000100378	1734000100394	OK	 
REQUEST		bhuvan.png.webp	1734000100384	1734000100397	OK	 
REQUEST		isro1.png.webp	1734000100387	1734000100399	OK	 
REQUEST		request_47	1734000100387	1734000100399	OK	 
REQUEST		pslvc58xposat.jpg.webp	1734000100390	1734000100417	OK	 
REQUEST		request_48	1734000100400	1734000100417	OK	 
REQUEST		PRL-new_small.jpg.webp	1734000100391	1734000100418	OK	 
REQUEST		narl_small.jpg.webp	1734000100394	1734000100418	OK	 
REQUEST		nesac_small.png.webp	1734000100397	1734000100418	OK	 
REQUEST		iist_small.png.webp	1734000100399	1734000100419	OK	 
REQUEST		vedas.png.webp	1734000100385	1734000100421	OK	 
REQUEST		ursc.jpg.webp	1734000100419	1734000100432	OK	 
REQUEST		SHAR.jpg.webp	1734000100418	1734000100433	OK	 
REQUEST		isroHQs.jpg.webp	1734000100417	1734000100434	OK	 
REQUEST		LPSC.jpg.webp	1734000100418	1734000100435	OK	 
REQUEST		sac.jpg.webp	1734000100421	1734000100436	OK	 
REQUEST		VSSC.jpg.webp	1734000100418	1734000100439	OK	 
REQUEST		request_47	1734000100430	1734000100445	OK	 
REQUEST		nrsc.jpg.webp	1734000100432	1734000100447	OK	 
REQUEST		IPRC.jpg.webp	1734000100434	1734000100447	OK	 
REQUEST		HSFC.png.webp	1734000100433	1734000100447	OK	 
REQUEST		istrac.jpg.webp	1734000100436	1734000100451	OK	 
REQUEST		MCF.png.webp	1734000100439	1734000100452	OK	 
REQUEST		IISU.jpg.webp	1734000100436	1734000100454	OK	 
REQUEST		IIRS.png.webp	1734000100447	1734000100460	OK	 
REQUEST		LEOS.png.webp	1734000100447	1734000100461	OK	 
REQUEST		request_48	1734000100445	1734000100464	OK	 
REQUEST		inspace_large.jpg.webp	1734000100448	1734000100465	OK	 
REQUEST		NSIL_large.jpg.webp	1734000100451	1734000100467	OK	 
REQUEST		menu_2.jpg.webp	1734000100452	1734000100467	OK	 
REQUEST		menu_set.jpg.webp	1734000100454	1734000100469	OK	 
REQUEST		menu_img.jpg.webp	1734000100461	1734000100478	OK	 
REQUEST		menu_1.jpg.webp	1734000100460	1734000100478	OK	 
REQUEST		menu_edit.jpg.webp	1734000100467	1734000100486	OK	 
REQUEST		menu_new.jpg.webp	1734000100465	1734000100486	OK	 
REQUEST		request_37	1734000100470	1734000100487	OK	 
REQUEST		request_35	1734000100467	1734000100488	OK	 
REQUEST		request_39	1734000100478	1734000100498	OK	 
REQUEST		request_42	1734000100486	1734000100501	OK	 
REQUEST		request_41	1734000100486	1734000100501	OK	 
REQUEST		request_38	1734000100478	1734000100503	OK	 
REQUEST		request_44	1734000100488	1734000100504	OK	 
REQUEST		request_43	1734000100488	1734000100507	OK	 
REQUEST		request_45	1734000100498	1734000100513	OK	 
REQUEST		request_47	1734000100588	1734000100601	OK	 
REQUEST		request_48	1734000100602	1734000100624	OK	 
REQUEST		request_47	1734000100753	1734000100767	OK	 
REQUEST		request_48	1734000100768	1734000100781	OK	 
REQUEST		request_47	1734000100782	1734000100795	OK	 
REQUEST		request_47	1734000100782	1734000100796	OK	 
USER	ISROWebPageSimulation	START	1734000100798
REQUEST		request_48	1734000100796	1734000100809	OK	 
REQUEST		request_48	1734000100797	1734000100811	OK	 
REQUEST		request_47	1734000100776	1734000100818	OK	 
REQUEST		request_48	1734000100819	1734000100832	OK	 
REQUEST		request_0	1734000100798	1734000100839	OK	 
REQUEST		favicon.png.webp	1734000100840	1734000100854	OK	 
REQUEST		spark.png.webp	1734000100854	1734000100869	OK	 
REQUEST		askanexpert.png.webp	1734000100840	1734000100878	OK	 
REQUEST		stem.png.webp	1734000100840	1734000100879	OK	 
REQUEST		igrasp.png.webp	1734000100840	1734000100880	OK	 
REQUEST		feedback.jpg.webp	1734000100840	1734000100881	OK	 
REQUEST		contact.jpg.webp	1734000100840	1734000100881	OK	 
REQUEST		mosdac.jpg.webp	1734000100869	1734000100884	OK	 
REQUEST		issdc.png.webp	1734000100878	1734000100893	OK	 
REQUEST		bhuvan.png.webp	1734000100880	1734000100895	OK	 
REQUEST		bhoonidhi.png.webp	1734000100879	1734000100895	OK	 
REQUEST		vedas.png.webp	1734000100881	1734000100897	OK	 
REQUEST		isro1.png.webp	1734000100881	1734000100899	OK	 
REQUEST		narl_small.jpg.webp	1734000100895	1734000100909	OK	 
REQUEST		PRL-new_small.jpg.webp	1734000100893	1734000100912	OK	 
REQUEST		nesac_small.png.webp	1734000100895	1734000100917	OK	 
REQUEST		pslvc58xposat.jpg.webp	1734000100884	1734000100919	OK	 
REQUEST		iist_small.png.webp	1734000100898	1734000100920	OK	 
REQUEST		isroHQs.jpg.webp	1734000100900	1734000100923	OK	 
REQUEST		VSSC.jpg.webp	1734000100909	1734000100926	OK	 
REQUEST		LPSC.jpg.webp	1734000100913	1734000100931	OK	 
REQUEST		ursc.jpg.webp	1734000100919	1734000100934	OK	 
REQUEST		sac.jpg.webp	1734000100920	1734000100936	OK	 
REQUEST		SHAR.jpg.webp	1734000100917	1734000100940	OK	 
REQUEST		nrsc.jpg.webp	1734000100923	1734000100942	OK	 
REQUEST		HSFC.png.webp	1734000100927	1734000100943	OK	 
REQUEST		IPRC.jpg.webp	1734000100931	1734000100951	OK	 
REQUEST		IISU.jpg.webp	1734000100935	1734000100952	OK	 
REQUEST		istrac.jpg.webp	1734000100937	1734000100957	OK	 
REQUEST		IIRS.png.webp	1734000100943	1734000100959	OK	 
REQUEST		LEOS.png.webp	1734000100942	1734000100961	OK	 
REQUEST		MCF.png.webp	1734000100941	1734000100962	OK	 
REQUEST		request_47	1734000100946	1734000100963	OK	 
REQUEST		inspace_large.jpg.webp	1734000100951	1734000100971	OK	 
REQUEST		NSIL_large.jpg.webp	1734000100952	1734000100972	OK	 
REQUEST		menu_set.jpg.webp	1734000100959	1734000100975	OK	 
REQUEST		request_48	1734000100964	1734000100979	OK	 
REQUEST		menu_2.jpg.webp	1734000100958	1734000100983	OK	 
REQUEST		menu_1.jpg.webp	1734000100962	1734000100983	OK	 
REQUEST		menu_img.jpg.webp	1734000100962	1734000100985	OK	 
REQUEST		menu_new.jpg.webp	1734000100971	1734000100986	OK	 
REQUEST		menu_edit.jpg.webp	1734000100973	1734000100990	OK	 
REQUEST		request_33	1734000100976	1734000100990	OK	 
REQUEST		request_35	1734000100983	1734000101002	OK	 
REQUEST		request_39	1734000100987	1734000101003	OK	 
REQUEST		request_38	1734000100985	1734000101004	OK	 
REQUEST		request_41	1734000100990	1734000101005	OK	 
REQUEST		request_42	1734000100990	1734000101006	OK	 
REQUEST		request_37	1734000100984	1734000101006	OK	 
REQUEST		request_43	1734000101002	1734000101023	OK	 
REQUEST		request_44	1734000101003	1734000101023	OK	 
REQUEST		request_45	1734000101004	1734000101023	OK	 
REQUEST		request_47	1734000101072	1734000101085	OK	 
REQUEST		request_48	1734000101085	1734000101105	OK	 
USER	ISROWebPageSimulation	START	1734000101298
REQUEST		request_0	1734000101298	1734000101339	OK	 
REQUEST		favicon.png.webp	1734000101340	1734000101357	OK	 
REQUEST		contact.jpg.webp	1734000101340	1734000101369	OK	 
REQUEST		spark.png.webp	1734000101357	1734000101371	OK	 
REQUEST		askanexpert.png.webp	1734000101340	1734000101375	OK	 
REQUEST		stem.png.webp	1734000101340	1734000101382	OK	 
REQUEST		mosdac.jpg.webp	1734000101369	1734000101383	OK	 
REQUEST		feedback.jpg.webp	1734000101340	1734000101383	OK	 
REQUEST		issdc.png.webp	1734000101371	1734000101386	OK	 
REQUEST		igrasp.png.webp	1734000101340	1734000101391	OK	 
REQUEST		bhoonidhi.png.webp	1734000101375	1734000101395	OK	 
REQUEST		vedas.png.webp	1734000101383	1734000101399	OK	 
REQUEST		bhuvan.png.webp	1734000101382	1734000101400	OK	 
REQUEST		isro1.png.webp	1734000101383	1734000101401	OK	 
REQUEST		pslvc58xposat.jpg.webp	1734000101386	1734000101401	OK	 
REQUEST		PRL-new_small.jpg.webp	1734000101391	1734000101413	OK	 
REQUEST		iist_small.png.webp	1734000101400	1734000101415	OK	 
REQUEST		VSSC.jpg.webp	1734000101401	1734000101430	OK	 
REQUEST		isroHQs.jpg.webp	1734000101401	1734000101431	OK	 
REQUEST		narl_small.jpg.webp	1734000101395	1734000101433	OK	 
REQUEST		nesac_small.png.webp	1734000101400	1734000101434	OK	 
REQUEST		LPSC.jpg.webp	1734000101414	1734000101435	OK	 
REQUEST		SHAR.jpg.webp	1734000101415	1734000101437	OK	 
REQUEST		ursc.jpg.webp	1734000101430	1734000101448	OK	 
REQUEST		sac.jpg.webp	1734000101432	1734000101450	OK	 
REQUEST		IISU.jpg.webp	1734000101437	1734000101457	OK	 
REQUEST		HSFC.png.webp	1734000101434	1734000101458	OK	 
REQUEST		IPRC.jpg.webp	1734000101436	1734000101461	OK	 
REQUEST		nrsc.jpg.webp	1734000101433	1734000101463	OK	 
REQUEST		istrac.jpg.webp	1734000101449	1734000101471	OK	 
REQUEST		MCF.png.webp	1734000101450	1734000101472	OK	 
REQUEST		LEOS.png.webp	1734000101457	1734000101474	OK	 
REQUEST		IIRS.png.webp	1734000101459	1734000101475	OK	 
REQUEST		inspace_large.jpg.webp	1734000101461	1734000101488	OK	 
REQUEST		menu_set.jpg.webp	1734000101473	1734000101490	OK	 
REQUEST		menu_2.jpg.webp	1734000101471	1734000101491	OK	 
REQUEST		menu_1.jpg.webp	1734000101474	1734000101493	OK	 
REQUEST		menu_img.jpg.webp	1734000101475	1734000101495	OK	 
REQUEST		NSIL_large.jpg.webp	1734000101463	1734000101499	OK	 
REQUEST		menu_edit.jpg.webp	1734000101490	1734000101503	OK	 
REQUEST		request_32	1734000101492	1734000101506	OK	 
REQUEST		request_38	1734000101495	1734000101510	OK	 
REQUEST		menu_new.jpg.webp	1734000101488	1734000101511	OK	 
REQUEST		request_37	1734000101494	1734000101511	OK	 
REQUEST		request_41	1734000101503	1734000101519	OK	 
REQUEST		request_39	1734000101499	1734000101520	OK	 
REQUEST		request_42	1734000101506	1734000101524	OK	 
REQUEST		request_43	1734000101510	1734000101525	OK	 
REQUEST		request_45	1734000101511	1734000101525	OK	 
REQUEST		request_44	1734000101511	1734000101532	OK	 
REQUEST		request_47	1734000101548	1734000101562	OK	 
REQUEST		request_48	1734000101563	1734000101577	OK	 
USER	ISROWebPageSimulation	START	1734000101798
REQUEST		request_0	1734000101799	1734000101838	OK	 
REQUEST		favicon.png.webp	1734000101839	1734000101854	OK	 
REQUEST		spark.png.webp	1734000101854	1734000101868	OK	 
REQUEST		askanexpert.png.webp	1734000101840	1734000101875	OK	 
REQUEST		feedback.jpg.webp	1734000101840	1734000101881	OK	 
REQUEST		igrasp.png.webp	1734000101840	1734000101882	OK	 
REQUEST		stem.png.webp	1734000101840	1734000101882	OK	 
REQUEST		mosdac.jpg.webp	1734000101868	1734000101882	OK	 
REQUEST		contact.jpg.webp	1734000101839	1734000101887	OK	 
REQUEST		issdc.png.webp	1734000101876	1734000101891	OK	 
REQUEST		isro1.png.webp	1734000101882	1734000101894	OK	 
REQUEST		bhuvan.png.webp	1734000101882	1734000101896	OK	 
REQUEST		bhoonidhi.png.webp	1734000101881	1734000101896	OK	 
REQUEST		vedas.png.webp	1734000101882	1734000101896	OK	 
REQUEST		pslvc58xposat.jpg.webp	1734000101887	1734000101912	OK	 
REQUEST		PRL-new_small.jpg.webp	1734000101891	1734000101913	OK	 
REQUEST		narl_small.jpg.webp	1734000101895	1734000101914	OK	 
REQUEST		iist_small.png.webp	1734000101896	1734000101914	OK	 
REQUEST		nesac_small.png.webp	1734000101896	1734000101915	OK	 
REQUEST		isroHQs.jpg.webp	1734000101896	1734000101915	OK	 
REQUEST		SHAR.jpg.webp	1734000101914	1734000101929	OK	 
REQUEST		sac.jpg.webp	1734000101915	1734000101929	OK	 
REQUEST		VSSC.jpg.webp	1734000101913	1734000101930	OK	 
REQUEST		LPSC.jpg.webp	1734000101913	1734000101930	OK	 
REQUEST		ursc.jpg.webp	1734000101914	1734000101931	OK	 
REQUEST		nrsc.jpg.webp	1734000101915	1734000101932	OK	 
REQUEST		istrac.jpg.webp	1734000101930	1734000101945	OK	 
REQUEST		MCF.png.webp	1734000101931	1734000101945	OK	 
REQUEST		HSFC.png.webp	1734000101929	1734000101946	OK	 
REQUEST		IPRC.jpg.webp	1734000101929	1734000101946	OK	 
REQUEST		IISU.jpg.webp	1734000101930	1734000101947	OK	 
REQUEST		LEOS.png.webp	1734000101933	1734000101947	OK	 
REQUEST		IIRS.png.webp	1734000101945	1734000101961	OK	 
REQUEST		menu_2.jpg.webp	1734000101947	1734000101964	OK	 
REQUEST		inspace_large.jpg.webp	1734000101945	1734000101964	OK	 
REQUEST		menu_set.jpg.webp	1734000101947	1734000101964	OK	 
REQUEST		NSIL_large.jpg.webp	1734000101946	1734000101966	OK	 
REQUEST		menu_1.jpg.webp	1734000101947	1734000101979	OK	 
REQUEST		menu_new.jpg.webp	1734000101964	1734000101980	OK	 
REQUEST		request_35	1734000101967	1734000101980	OK	 
REQUEST		request_32	1734000101965	1734000101982	OK	 
REQUEST		menu_img.jpg.webp	1734000101962	1734000101984	OK	 
REQUEST		menu_edit.jpg.webp	1734000101964	1734000101984	OK	 
REQUEST		request_39	1734000101980	1734000101993	OK	 
REQUEST		request_40	1734000101980	1734000101994	OK	 
REQUEST		request_41	1734000101982	1734000101996	OK	 
REQUEST		request_37	1734000101980	1734000101998	OK	 
REQUEST		request_42	1734000101984	1734000101999	OK	 
REQUEST		request_43	1734000101984	1734000102002	OK	 
REQUEST		request_44	1734000101994	1734000102007	OK	 
REQUEST		request_45	1734000101994	1734000102010	OK	 
REQUEST		request_47	1734000102167	1734000102182	OK	 
REQUEST		request_48	1734000102184	1734000102233	OK	 
REQUEST		request_47	1734000102513	1734000102528	OK	 
REQUEST		request_48	1734000102528	1734000102548	OK	 
REQUEST		request_47	1734000103024	1734000103045	OK	 
REQUEST		request_48	1734000103047	1734000103064	OK	 
REQUEST		request_47	1734000103533	1734000103555	OK	 
REQUEST		request_48	1734000103556	1734000103572	OK	 
REQUEST		request_47	1734000104011	1734000104034	OK	 
REQUEST		request_48	1734000104035	1734000104052	OK	 
REQUEST		request_55	1734000105351	1734000105372	OK	 
REQUEST		request_55	1734000105357	1734000105377	OK	 
REQUEST		request_55	1734000105364	1734000105382	OK	 
REQUEST		request_55	1734000105368	1734000105384	OK	 
REQUEST		request_55	1734000105376	1734000105394	OK	 
REQUEST		request_56	1734000105384	1734000105471	OK	 
REQUEST		request_56	1734000105382	1734000105498	OK	 
REQUEST		request_56	1734000105384	1734000105500	OK	 
REQUEST		request_55	1734000105418	1734000105509	OK	 
REQUEST		ISRO_R_D_Eco_System_Magazine_Ad.jpg.webp	1734000105395	1734000105509	OK	 
REQUEST		ISRO_R_D_Eco_System_Magazine_Ad.jpg.webp	1734000105385	1734000105536	OK	 
REQUEST		request_55	1734000105464	1734000105537	OK	 
REQUEST		ISRO_R_D_Eco_System_Magazine_Ad.jpg.webp	1734000105383	1734000105554	OK	 
REQUEST		request_56	1734000105385	1734000105554	OK	 
REQUEST		request_56	1734000105395	1734000105555	OK	 
USER	ISROWebPageSimulation	END	1734000105557
USER	ISROWebPageSimulation	END	1734000105557
USER	ISROWebPageSimulation	END	1734000105557
REQUEST		request_56	1734000105509	1734000105612	OK	 
REQUEST		ISRO_R_D_Eco_System_Magazine_Ad.jpg.webp	1734000105538	1734000105612	OK	 
REQUEST		ISRO_R_D_Eco_System_Magazine_Ad.jpg.webp	1734000105509	1734000105622	OK	 
USER	ISROWebPageSimulation	END	1734000105623
REQUEST		ISRO_R_D_Eco_System_Magazine_Ad.jpg.webp	1734000105382	1734000105627	OK	 
USER	ISROWebPageSimulation	END	1734000105629
REQUEST		request_56	1734000105538	1734000105646	OK	 
USER	ISROWebPageSimulation	END	1734000105647
REQUEST		ISRO_R_D_Eco_System_Magazine_Ad.jpg.webp	1734000105383	1734000105648	OK	 
USER	ISROWebPageSimulation	END	1734000105649
REQUEST		request_55	1734000105624	1734000105652	OK	 
REQUEST		request_56	1734000105653	1734000105692	OK	 
REQUEST		ISRO_R_D_Eco_System_Magazine_Ad.jpg.webp	1734000105653	1734000105701	OK	 
USER	ISROWebPageSimulation	END	1734000105701
REQUEST		request_55	1734000105782	1734000105800	OK	 
REQUEST		request_56	1734000105801	1734000105838	OK	 
REQUEST		request_55	1734000105812	1734000105839	OK	 
REQUEST		request_55	1734000105810	1734000105839	OK	 
REQUEST		request_55	1734000105832	1734000105852	OK	 
REQUEST		ISRO_R_D_Eco_System_Magazine_Ad.jpg.webp	1734000105801	1734000105887	OK	 
USER	ISROWebPageSimulation	END	1734000105888
REQUEST		request_56	1734000105853	1734000105905	OK	 
REQUEST		ISRO_R_D_Eco_System_Magazine_Ad.jpg.webp	1734000105853	1734000105937	OK	 
USER	ISROWebPageSimulation	END	1734000105938
REQUEST		request_56	1734000105840	1734000105951	OK	 
REQUEST		request_56	1734000105840	1734000105953	OK	 
REQUEST		ISRO_R_D_Eco_System_Magazine_Ad.jpg.webp	1734000105840	1734000105955	OK	 
USER	ISROWebPageSimulation	END	1734000105956
REQUEST		ISRO_R_D_Eco_System_Magazine_Ad.jpg.webp	1734000105840	1734000105964	OK	 
USER	ISROWebPageSimulation	END	1734000105964
REQUEST		request_55	1734000105979	1734000106000	OK	 
REQUEST		ISRO_R_D_Eco_System_Magazine_Ad.jpg.webp	1734000106001	1734000106038	OK	 
REQUEST		request_56	1734000106001	1734000106061	OK	 
USER	ISROWebPageSimulation	END	1734000106062
REQUEST		request_55	1734000106106	1734000106129	OK	 
REQUEST		request_56	1734000106130	1734000106175	OK	 
REQUEST		ISRO_R_D_Eco_System_Magazine_Ad.jpg.webp	1734000106130	1734000106187	OK	 
USER	ISROWebPageSimulation	END	1734000106188
REQUEST		request_55	1734000106577	1734000106598	OK	 
REQUEST		request_56	1734000106600	1734000106647	OK	 
REQUEST		ISRO_R_D_Eco_System_Magazine_Ad.jpg.webp	1734000106599	1734000106656	OK	 
USER	ISROWebPageSimulation	END	1734000106659
REQUEST		request_55	1734000107234	1734000107257	OK	 
REQUEST		request_56	1734000107260	1734000107292	OK	 
REQUEST		ISRO_R_D_Eco_System_Magazine_Ad.jpg.webp	1734000107259	1734000107309	OK	 
USER	ISROWebPageSimulation	END	1734000107313
REQUEST		request_55	1734000107549	1734000107567	OK	 
REQUEST		request_56	1734000107570	1734000107616	OK	 
REQUEST		ISRO_R_D_Eco_System_Magazine_Ad.jpg.webp	1734000107569	1734000107627	OK	 
USER	ISROWebPageSimulation	END	1734000107630
REQUEST		request_55	1734000108065	1734000108086	OK	 
REQUEST		request_56	1734000108088	1734000108151	OK	 
REQUEST		ISRO_R_D_Eco_System_Magazine_Ad.jpg.webp	1734000108088	1734000108158	OK	 
USER	ISROWebPageSimulation	END	1734000108161
REQUEST		request_55	1734000108573	1734000108592	OK	 
REQUEST		request_56	1734000108593	1734000108652	OK	 
REQUEST		ISRO_R_D_Eco_System_Magazine_Ad.jpg.webp	1734000108593	1734000108665	OK	 
USER	ISROWebPageSimulation	END	1734000108666
REQUEST		request_55	1734000109053	1734000109075	OK	 
REQUEST		ISRO_R_D_Eco_System_Magazine_Ad.jpg.webp	1734000109078	1734000109146	OK	 
REQUEST		request_56	1734000109078	1734000109159	OK	 
USER	ISROWebPageSimulation	END	1734000109162
