RUN	com.gatling.tests.ComputerDatabase	computerdatabase	1733469318369	Load Test for 100 Users	3.6.1
USER	ComputerDatabase	START	1733469319102
USER	ComputerDatabase	START	1733469319104
USER	ComputerDatabase	START	1733469319101
USER	ComputerDatabase	START	1733469319107
USER	ComputerDatabase	START	1733469319101
USER	ComputerDatabase	START	1733469319102
USER	ComputerDatabase	START	1733469319104
USER	ComputerDatabase	START	1733469319132
USER	ComputerDatabase	START	1733469319102
USER	ComputerDatabase	START	1733469319132
USER	ComputerDatabase	START	1733469319132
USER	ComputerDatabase	START	1733469319132
USER	ComputerDatabase	START	1733469319101
USER	ComputerDatabase	START	1733469319132
USER	ComputerDatabase	START	1733469319133
USER	ComputerDatabase	START	1733469319133
USER	ComputerDatabase	START	1733469319133
USER	ComputerDatabase	START	1733469319133
USER	ComputerDatabase	START	1733469319134
USER	ComputerDatabase	START	1733469319134
USER	ComputerDatabase	START	1733469319134
USER	ComputerDatabase	START	1733469319134
USER	ComputerDatabase	START	1733469319134
USER	ComputerDatabase	START	1733469319133
USER	ComputerDatabase	START	1733469319133
USER	ComputerDatabase	START	1733469319134
USER	ComputerDatabase	START	1733469319135
USER	ComputerDatabase	START	1733469319136
USER	ComputerDatabase	START	1733469319134
USER	ComputerDatabase	START	1733469319137
USER	ComputerDatabase	START	1733469319137
USER	ComputerDatabase	START	1733469319134
USER	ComputerDatabase	START	1733469319104
USER	ComputerDatabase	START	1733469319138
USER	ComputerDatabase	START	1733469319104
USER	ComputerDatabase	START	1733469319102
USER	ComputerDatabase	START	1733469319101
USER	ComputerDatabase	START	1733469319138
USER	ComputerDatabase	START	1733469319105
USER	ComputerDatabase	START	1733469319101
USER	ComputerDatabase	START	1733469319138
USER	ComputerDatabase	START	1733469319140
USER	ComputerDatabase	START	1733469319140
USER	ComputerDatabase	START	1733469319141
USER	ComputerDatabase	START	1733469319141
USER	ComputerDatabase	START	1733469319142
USER	ComputerDatabase	START	1733469319142
USER	ComputerDatabase	START	1733469319141
USER	ComputerDatabase	START	1733469319142
USER	ComputerDatabase	START	1733469319102
USER	ComputerDatabase	START	1733469319143
USER	ComputerDatabase	START	1733469319144
USER	ComputerDatabase	START	1733469319144
USER	ComputerDatabase	START	1733469319145
USER	ComputerDatabase	START	1733469319145
USER	ComputerDatabase	START	1733469319135
USER	ComputerDatabase	START	1733469319136
USER	ComputerDatabase	START	1733469319147
USER	ComputerDatabase	START	1733469319136
USER	ComputerDatabase	START	1733469319148
USER	ComputerDatabase	START	1733469319148
USER	ComputerDatabase	START	1733469319141
USER	ComputerDatabase	START	1733469319143
USER	ComputerDatabase	START	1733469319140
USER	ComputerDatabase	START	1733469319148
USER	ComputerDatabase	START	1733469319149
USER	ComputerDatabase	START	1733469319149
USER	ComputerDatabase	START	1733469319139
USER	ComputerDatabase	START	1733469319141
USER	ComputerDatabase	START	1733469319149
USER	ComputerDatabase	START	1733469319150
USER	ComputerDatabase	START	1733469319150
USER	ComputerDatabase	START	1733469319151
USER	ComputerDatabase	START	1733469319151
USER	ComputerDatabase	START	1733469319151
USER	ComputerDatabase	START	1733469319152
USER	ComputerDatabase	START	1733469319152
USER	ComputerDatabase	START	1733469319144
USER	ComputerDatabase	START	1733469319153
USER	ComputerDatabase	START	1733469319141
USER	ComputerDatabase	START	1733469319152
USER	ComputerDatabase	START	1733469319154
USER	ComputerDatabase	START	1733469319135
USER	ComputerDatabase	START	1733469319153
USER	ComputerDatabase	START	1733469319149
USER	ComputerDatabase	START	1733469319154
USER	ComputerDatabase	START	1733469319156
USER	ComputerDatabase	START	1733469319156
USER	ComputerDatabase	START	1733469319157
USER	ComputerDatabase	START	1733469319157
USER	ComputerDatabase	START	1733469319158
USER	ComputerDatabase	START	1733469319158
USER	ComputerDatabase	START	1733469319156
USER	ComputerDatabase	START	1733469319159
USER	ComputerDatabase	START	1733469319156
USER	ComputerDatabase	START	1733469319155
USER	ComputerDatabase	START	1733469319159
USER	ComputerDatabase	START	1733469319160
USER	ComputerDatabase	START	1733469319161
USER	ComputerDatabase	START	1733469319162
REQUEST		request_0	1733469319162	1733469320004	OK	 
REQUEST		request_0	1733469319145	1733469320010	OK	 
REQUEST		request_0	1733469319136	1733469320009	OK	 
REQUEST		request_0	1733469319125	1733469320030	OK	 
REQUEST		request_0	1733469319134	1733469320051	OK	 
REQUEST		request_0	1733469319157	1733469320058	OK	 
REQUEST		request_0	1733469319148	1733469320058	OK	 
REQUEST		request_0	1733469319125	1733469320058	OK	 
REQUEST		request_0	1733469319125	1733469320065	OK	 
REQUEST		request_0	1733469319125	1733469320066	OK	 
REQUEST		request_0	1733469319149	1733469320080	OK	 
REQUEST		request_0	1733469319148	1733469320088	OK	 
REQUEST		request_0	1733469319141	1733469320093	OK	 
REQUEST		request_0	1733469319150	1733469320101	OK	 
REQUEST		request_0	1733469319135	1733469320139	OK	 
REQUEST		request_0	1733469319144	1733469320139	OK	 
REQUEST		request_0	1733469319135	1733469320139	OK	 
REQUEST		request_0	1733469319148	1733469320139	OK	 
REQUEST		request_0	1733469319160	1733469320140	OK	 
REQUEST		request_0	1733469319125	1733469320141	OK	 
REQUEST		request_0	1733469319153	1733469320142	OK	 
REQUEST		request_0	1733469319125	1733469320143	OK	 
REQUEST		request_0	1733469319125	1733469320143	OK	 
REQUEST		request_0	1733469319139	1733469320144	OK	 
REQUEST		request_0	1733469319154	1733469320144	OK	 
REQUEST		request_0	1733469319133	1733469320145	OK	 
REQUEST		request_0	1733469319125	1733469320145	OK	 
REQUEST		request_0	1733469319149	1733469320145	OK	 
REQUEST		request_0	1733469319159	1733469320146	OK	 
REQUEST		request_0	1733469319151	1733469320146	OK	 
REQUEST		request_0	1733469319125	1733469320148	OK	 
REQUEST		request_0	1733469319141	1733469320149	OK	 
REQUEST		request_0	1733469319134	1733469320149	OK	 
REQUEST		request_0	1733469319150	1733469320150	OK	 
REQUEST		request_0	1733469319136	1733469320151	OK	 
REQUEST		request_0	1733469319135	1733469320153	OK	 
REQUEST		request_0	1733469319133	1733469320153	OK	 
REQUEST		request_0	1733469319138	1733469320155	OK	 
REQUEST		request_0	1733469319142	1733469320476	OK	 
REQUEST		request_0	1733469319140	1733469320496	OK	 
REQUEST		request_0	1733469319155	1733469320497	OK	 
REQUEST		request_0	1733469319134	1733469320499	OK	 
REQUEST		request_0	1733469319132	1733469320506	OK	 
REQUEST		request_0	1733469319142	1733469320507	OK	 
REQUEST		request_0	1733469319150	1733469320509	OK	 
REQUEST		request_0	1733469319143	1733469320510	OK	 
REQUEST		request_0	1733469319149	1733469320510	OK	 
REQUEST		request_0	1733469319133	1733469320510	OK	 
REQUEST		request_0	1733469319159	1733469320515	OK	 
REQUEST		request_0	1733469319156	1733469320515	OK	 
REQUEST		request_0	1733469319125	1733469320527	OK	 
REQUEST		request_0	1733469319138	1733469320530	OK	 
REQUEST		request_0	1733469319148	1733469320530	OK	 
REQUEST		request_0	1733469319161	1733469320533	OK	 
REQUEST		request_0	1733469319139	1733469320536	OK	 
REQUEST		request_0	1733469319158	1733469320538	OK	 
REQUEST		request_0	1733469319161	1733469320538	OK	 
REQUEST		request_0	1733469319160	1733469320539	OK	 
REQUEST		request_0	1733469319133	1733469320540	OK	 
REQUEST		request_0	1733469319153	1733469320542	OK	 
REQUEST		request_0	1733469319155	1733469320542	OK	 
REQUEST		request_0	1733469319134	1733469320542	OK	 
REQUEST		request_0	1733469319136	1733469320544	OK	 
REQUEST		request_0	1733469319125	1733469320545	OK	 
REQUEST		request_0	1733469319134	1733469320545	OK	 
REQUEST		request_0	1733469319142	1733469320548	OK	 
REQUEST		request_0	1733469319137	1733469320549	OK	 
REQUEST		request_0	1733469319147	1733469320551	OK	 
REQUEST		request_0	1733469319149	1733469320552	OK	 
REQUEST		request_0	1733469319134	1733469320553	OK	 
REQUEST		request_0	1733469319141	1733469320561	OK	 
REQUEST		request_0	1733469319144	1733469320561	OK	 
REQUEST		request_0	1733469319146	1733469320561	OK	 
REQUEST		request_0	1733469319156	1733469320564	OK	 
REQUEST		request_0	1733469319136	1733469320568	OK	 
REQUEST		request_0	1733469319154	1733469320571	OK	 
REQUEST		request_0	1733469319125	1733469320571	OK	 
REQUEST		request_0	1733469319159	1733469320576	OK	 
REQUEST		request_0	1733469319133	1733469320576	OK	 
REQUEST		request_0	1733469319133	1733469320582	OK	 
REQUEST		request_0	1733469319137	1733469320654	OK	 
REQUEST		request_0	1733469319150	1733469320670	OK	 
REQUEST		request_0	1733469319148	1733469320908	OK	 
REQUEST		request_0	1733469319135	1733469321045	OK	 
REQUEST		request_0	1733469319141	1733469321057	OK	 
REQUEST		request_0	1733469319143	1733469321100	OK	 
REQUEST		request_0	1733469319159	1733469321108	OK	 
REQUEST		request_0	1733469319152	1733469321192	OK	 
REQUEST		request_0	1733469319147	1733469321678	OK	 
REQUEST		request_0	1733469319145	1733469321985	OK	 
REQUEST		request_0	1733469319126	1733469321985	OK	 
REQUEST		request_0	1733469319125	1733469321985	OK	 
REQUEST		request_0	1733469319151	1733469321985	OK	 
REQUEST		request_0	1733469319152	1733469321985	OK	 
REQUEST		request_0	1733469319157	1733469321987	OK	 
REQUEST		request_0	1733469319156	1733469322291	OK	 
REQUEST		request_0	1733469319139	1733469322291	OK	 
REQUEST		request_0	1733469319135	1733469322291	OK	 
REQUEST		request_0	1733469319125	1733469322292	OK	 
REQUEST		request_0	1733469319125	1733469324031	OK	 
REQUEST		request_1	1733469356147	1733469356484	OK	 
REQUEST		request_1	1733469356149	1733469356483	OK	 
REQUEST		request_1	1733469356151	1733469356484	OK	 
REQUEST		request_1	1733469356148	1733469356484	OK	 
REQUEST		request_1	1733469356153	1733469356484	OK	 
REQUEST		request_1	1733469356147	1733469356483	OK	 
REQUEST		request_1	1733469356150	1733469356484	OK	 
REQUEST		request_1	1733469356151	1733469356483	OK	 
REQUEST		request_1	1733469356148	1733469356483	OK	 
REQUEST		request_1	1733469356151	1733469356483	OK	 
REQUEST		request_1	1733469356148	1733469356484	OK	 
REQUEST		request_1	1733469356150	1733469356484	OK	 
REQUEST		request_1	1733469356150	1733469356484	OK	 
REQUEST		request_1	1733469356147	1733469356483	OK	 
REQUEST		request_1	1733469356153	1733469356495	OK	 
REQUEST		request_1	1733469356153	1733469356495	OK	 
REQUEST		request_1	1733469356150	1733469356495	OK	 
REQUEST		request_1	1733469356147	1733469356495	OK	 
REQUEST		request_1	1733469356152	1733469356495	OK	 
REQUEST		request_1	1733469356147	1733469356496	OK	 
REQUEST		request_1	1733469356148	1733469356496	OK	 
REQUEST		request_1	1733469356148	1733469356496	OK	 
REQUEST		request_1	1733469356149	1733469356495	OK	 
REQUEST		request_1	1733469356152	1733469356496	OK	 
REQUEST		request_1	1733469356151	1733469356496	OK	 
REQUEST		request_1	1733469356151	1733469356497	OK	 
REQUEST		request_1	1733469356152	1733469356497	OK	 
REQUEST		request_1	1733469356156	1733469356497	OK	 
REQUEST		request_1	1733469356148	1733469356498	OK	 
REQUEST		request_1	1733469356154	1733469356499	OK	 
REQUEST		request_1	1733469356154	1733469356500	OK	 
REQUEST		request_1	1733469356152	1733469356500	OK	 
REQUEST		request_1	1733469356153	1733469356500	OK	 
REQUEST		request_1	1733469356147	1733469356501	OK	 
REQUEST		request_1	1733469356150	1733469356502	OK	 
REQUEST		request_1	1733469356479	1733469356746	OK	 
REQUEST		request_1 Redirect 1	1733469356493	1733469356762	OK	 
REQUEST		request_1 Redirect 1	1733469356493	1733469356764	OK	 
REQUEST		request_1 Redirect 1	1733469356493	1733469356766	OK	 
REQUEST		request_1 Redirect 1	1733469356499	1733469356769	OK	 
REQUEST		request_1 Redirect 1	1733469356502	1733469356772	OK	 
REQUEST		request_1 Redirect 1	1733469356497	1733469356772	OK	 
REQUEST		request_1	1733469356503	1733469356774	OK	 
REQUEST		request_1 Redirect 1	1733469356497	1733469356776	OK	 
REQUEST		request_1	1733469356498	1733469356780	OK	 
REQUEST		request_1	1733469356507	1733469356781	OK	 
REQUEST		request_1 Redirect 1	1733469356495	1733469356782	OK	 
REQUEST		request_1	1733469356498	1733469356784	OK	 
REQUEST		request_1 Redirect 1	1733469356497	1733469356787	OK	 
REQUEST		request_1 Redirect 1	1733469356493	1733469356787	OK	 
REQUEST		request_1 Redirect 1	1733469356498	1733469356787	OK	 
REQUEST		request_1 Redirect 1	1733469356496	1733469356786	OK	 
REQUEST		request_1	1733469356509	1733469356788	OK	 
REQUEST		request_1 Redirect 1	1733469356497	1733469356790	OK	 
REQUEST		request_1	1733469356510	1733469356790	OK	 
REQUEST		request_1 Redirect 1	1733469356494	1733469356791	OK	 
REQUEST		request_1 Redirect 1	1733469356494	1733469356791	OK	 
REQUEST		request_1	1733469356529	1733469356792	OK	 
REQUEST		request_1 Redirect 1	1733469356493	1733469356793	OK	 
REQUEST		request_1 Redirect 1	1733469356501	1733469356794	OK	 
REQUEST		request_1	1733469356512	1733469356796	OK	 
REQUEST		request_1 Redirect 1	1733469356493	1733469356796	OK	 
REQUEST		request_1 Redirect 1	1733469356503	1733469356797	OK	 
REQUEST		request_1 Redirect 1	1733469356497	1733469356796	OK	 
REQUEST		request_1 Redirect 1	1733469356496	1733469356799	OK	 
REQUEST		request_1 Redirect 1	1733469356494	1733469356800	OK	 
REQUEST		request_1 Redirect 1	1733469356501	1733469356800	OK	 
REQUEST		request_1	1733469356512	1733469356801	OK	 
REQUEST		request_1	1733469356534	1733469356801	OK	 
REQUEST		request_1	1733469356512	1733469356801	OK	 
REQUEST		request_1 Redirect 1	1733469356494	1733469356801	OK	 
REQUEST		request_1	1733469356517	1733469356803	OK	 
REQUEST		request_1 Redirect 1	1733469356500	1733469356804	OK	 
REQUEST		request_1 Redirect 1	1733469356498	1733469356804	OK	 
REQUEST		request_1 Redirect 1	1733469356493	1733469356804	OK	 
REQUEST		request_1 Redirect 1	1733469356494	1733469356804	OK	 
REQUEST		request_1 Redirect 1	1733469356495	1733469356805	OK	 
REQUEST		request_1 Redirect 1	1733469356500	1733469356805	OK	 
REQUEST		request_1 Redirect 1	1733469356500	1733469356806	OK	 
REQUEST		request_1	1733469356532	1733469356803	OK	 
REQUEST		request_1 Redirect 1	1733469356496	1733469356806	OK	 
REQUEST		request_1 Redirect 1	1733469356493	1733469356808	OK	 
REQUEST		request_1 Redirect 1	1733469356494	1733469356811	OK	 
REQUEST		request_1	1733469356538	1733469356811	OK	 
REQUEST		request_1	1733469356541	1733469356813	OK	 
REQUEST		request_1 Redirect 1	1733469356496	1733469356813	OK	 
REQUEST		request_1	1733469356541	1733469356814	OK	 
REQUEST		request_1	1733469356532	1733469356814	OK	 
REQUEST		request_1	1733469356543	1733469356815	OK	 
REQUEST		request_1	1733469356517	1733469356815	OK	 
REQUEST		request_1	1733469356541	1733469356816	OK	 
REQUEST		request_1	1733469356544	1733469356816	OK	 
REQUEST		request_1	1733469356545	1733469356816	OK	 
REQUEST		request_1	1733469356546	1733469356818	OK	 
REQUEST		request_1	1733469356546	1733469356818	OK	 
REQUEST		request_1	1733469356549	1733469356819	OK	 
REQUEST		request_1	1733469356541	1733469356821	OK	 
REQUEST		request_1	1733469356544	1733469356826	OK	 
REQUEST		request_1	1733469356554	1733469356827	OK	 
REQUEST		request_1	1733469356552	1733469356835	OK	 
REQUEST		request_1	1733469356550	1733469356838	OK	 
REQUEST		request_1	1733469356554	1733469356838	OK	 
REQUEST		request_1	1733469356562	1733469356841	OK	 
REQUEST		request_1	1733469356565	1733469356842	OK	 
REQUEST		request_1	1733469356562	1733469356845	OK	 
REQUEST		request_1	1733469356562	1733469356847	OK	 
REQUEST		request_1	1733469356569	1733469356851	OK	 
REQUEST		request_1	1733469356573	1733469356856	OK	 
REQUEST		request_1	1733469356573	1733469356860	OK	 
REQUEST		request_1	1733469356577	1733469356860	OK	 
REQUEST		request_1	1733469356577	1733469356863	OK	 
REQUEST		request_1	1733469356584	1733469356867	OK	 
REQUEST		request_1	1733469356657	1733469356931	OK	 
REQUEST		request_1	1733469356673	1733469356950	OK	 
REQUEST		request_1 Redirect 1	1733469356747	1733469357014	OK	 
REQUEST		request_1 Redirect 1	1733469356782	1733469357045	OK	 
REQUEST		request_1 Redirect 1	1733469356775	1733469357050	OK	 
REQUEST		request_1 Redirect 1	1733469356788	1733469357055	OK	 
REQUEST		request_1 Redirect 1	1733469356785	1733469357056	OK	 
REQUEST		request_1 Redirect 1	1733469356793	1733469357059	OK	 
REQUEST		request_1 Redirect 1	1733469356781	1733469357059	OK	 
REQUEST		request_1 Redirect 1	1733469356792	1733469357063	OK	 
REQUEST		request_1 Redirect 1	1733469356797	1733469357066	OK	 
REQUEST		request_1 Redirect 1	1733469356802	1733469357075	OK	 
REQUEST		request_1 Redirect 1	1733469356802	1733469357076	OK	 
REQUEST		request_1 Redirect 1	1733469356801	1733469357077	OK	 
REQUEST		request_1 Redirect 1	1733469356804	1733469357081	OK	 
REQUEST		request_1 Redirect 1	1733469356807	1733469357083	OK	 
REQUEST		request_1 Redirect 1	1733469356812	1733469357085	OK	 
REQUEST		request_1 Redirect 1	1733469356816	1733469357087	OK	 
REQUEST		request_1 Redirect 1	1733469356819	1733469357092	OK	 
REQUEST		request_1 Redirect 1	1733469356817	1733469357093	OK	 
REQUEST		request_1 Redirect 1	1733469356813	1733469357093	OK	 
REQUEST		request_1 Redirect 1	1733469356817	1733469357094	OK	 
REQUEST		request_1 Redirect 1	1733469356822	1733469357099	OK	 
REQUEST		request_1 Redirect 1	1733469356816	1733469357099	OK	 
REQUEST		request_1 Redirect 1	1733469356819	1733469357100	OK	 
REQUEST		request_1 Redirect 1	1733469356815	1733469357100	OK	 
REQUEST		request_1 Redirect 1	1733469356816	1733469357101	OK	 
REQUEST		request_1 Redirect 1	1733469356821	1733469357105	OK	 
REQUEST		request_1 Redirect 1	1733469356828	1733469357108	OK	 
REQUEST		request_1 Redirect 1	1733469356827	1733469357108	OK	 
REQUEST		request_1 Redirect 1	1733469356836	1733469357109	OK	 
REQUEST		request_1 Redirect 1	1733469356842	1733469357117	OK	 
REQUEST		request_1 Redirect 1	1733469356843	1733469357118	OK	 
REQUEST		request_1 Redirect 1	1733469356839	1733469357120	OK	 
REQUEST		request_1 Redirect 1	1733469356846	1733469357126	OK	 
REQUEST		request_1 Redirect 1	1733469356838	1733469357127	OK	 
REQUEST		request_1 Redirect 1	1733469356851	1733469357134	OK	 
REQUEST		request_1 Redirect 1	1733469356856	1733469357149	OK	 
REQUEST		request_1 Redirect 1	1733469356815	1733469357152	OK	 
REQUEST		request_1 Redirect 1	1733469356860	1733469357152	OK	 
REQUEST		request_1 Redirect 1	1733469356860	1733469357152	OK	 
REQUEST		request_1 Redirect 1	1733469356867	1733469357161	OK	 
REQUEST		request_1 Redirect 1	1733469356864	1733469357165	OK	 
REQUEST		request_1	1733469356147	1733469357177	OK	 
REQUEST		request_1	1733469356911	1733469357205	OK	 
REQUEST		request_1 Redirect 1	1733469356932	1733469357214	OK	 
REQUEST		request_1	1733469356151	1733469357214	OK	 
REQUEST		request_1	1733469356153	1733469357216	OK	 
REQUEST		request_1 Redirect 1	1733469356951	1733469357232	OK	 
REQUEST		request_1	1733469357058	1733469357325	OK	 
REQUEST		request_1	1733469357046	1733469357327	OK	 
REQUEST		request_1	1733469357101	1733469357381	OK	 
REQUEST		request_1	1733469357109	1733469357388	OK	 
REQUEST		request_1 Redirect 1	1733469357178	1733469357442	OK	 
REQUEST		request_1	1733469357195	1733469357460	OK	 
REQUEST		request_1 Redirect 1	1733469357216	1733469357489	OK	 
REQUEST		request_1 Redirect 1	1733469357215	1733469357489	OK	 
REQUEST		request_1 Redirect 1	1733469357206	1733469357491	OK	 
REQUEST		request_1 Redirect 1	1733469357327	1733469357685	OK	 
REQUEST		request_1 Redirect 1	1733469357382	1733469357685	OK	 
REQUEST		request_1 Redirect 1	1733469357389	1733469357685	OK	 
REQUEST		request_1 Redirect 1	1733469357328	1733469357685	OK	 
REQUEST		request_1 Redirect 1	1733469357460	1733469357725	OK	 
REQUEST		request_1	1733469357681	1733469357992	OK	 
REQUEST		request_1	1733469357989	1733469358296	OK	 
REQUEST		request_1	1733469357987	1733469358296	OK	 
REQUEST		request_1	1733469357987	1733469358296	OK	 
REQUEST		request_1	1733469357987	1733469358296	OK	 
REQUEST		request_1	1733469357988	1733469358297	OK	 
REQUEST		request_1	1733469357988	1733469358297	OK	 
REQUEST		request_1 Redirect 1	1733469357993	1733469358298	OK	 
REQUEST		request_1	1733469358292	1733469358644	OK	 
REQUEST		request_1	1733469358294	1733469358644	OK	 
REQUEST		request_1 Redirect 1	1733469358297	1733469358645	OK	 
REQUEST		request_1 Redirect 1	1733469358297	1733469358646	OK	 
REQUEST		request_1 Redirect 1	1733469358297	1733469358648	OK	 
REQUEST		request_1	1733469358292	1733469358648	OK	 
REQUEST		request_1 Redirect 1	1733469358297	1733469358650	OK	 
REQUEST		request_1 Redirect 1	1733469358297	1733469358652	OK	 
REQUEST		request_1 Redirect 1	1733469358297	1733469358653	OK	 
REQUEST		request_1	1733469358292	1733469358654	OK	 
REQUEST		request_1 Redirect 1	1733469358646	1733469358951	OK	 
REQUEST		request_1 Redirect 1	1733469358645	1733469358951	OK	 
REQUEST		request_1 Redirect 1	1733469358655	1733469358951	OK	 
REQUEST		request_1 Redirect 1	1733469358649	1733469358953	OK	 
REQUEST		request_1 Redirect 1	1733469356848	1733469360125	OK	 
REQUEST		request_1	1733469360032	1733469360384	OK	 
REQUEST		request_1 Redirect 1	1733469360386	1733469360692	OK	 
REQUEST		request_2	1733469371774	1733469372031	OK	 
REQUEST		request_2	1733469371770	1733469372033	OK	 
USER	ComputerDatabase	END	1733469372034
USER	ComputerDatabase	END	1733469372034
REQUEST		request_2	1733469371768	1733469372037	OK	 
USER	ComputerDatabase	END	1733469372038
REQUEST		request_2	1733469371765	1733469372038	OK	 
USER	ComputerDatabase	END	1733469372039
REQUEST		request_2	1733469371774	1733469372042	OK	 
USER	ComputerDatabase	END	1733469372043
REQUEST		request_2	1733469371766	1733469372044	OK	 
USER	ComputerDatabase	END	1733469372045
REQUEST		request_2	1733469371778	1733469372048	OK	 
USER	ComputerDatabase	END	1733469372049
REQUEST		request_2	1733469371783	1733469372049	OK	 
USER	ComputerDatabase	END	1733469372050
REQUEST		request_2	1733469371789	1733469372051	OK	 
USER	ComputerDatabase	END	1733469372052
REQUEST		request_2	1733469371789	1733469372054	OK	 
USER	ComputerDatabase	END	1733469372055
REQUEST		request_2	1733469371799	1733469372066	OK	 
REQUEST		request_2	1733469371801	1733469372066	OK	 
USER	ComputerDatabase	END	1733469372067
USER	ComputerDatabase	END	1733469372067
REQUEST		request_2	1733469371788	1733469372070	OK	 
REQUEST		request_2	1733469371799	1733469372070	OK	 
REQUEST		request_2	1733469371790	1733469372070	OK	 
USER	ComputerDatabase	END	1733469372071
USER	ComputerDatabase	END	1733469372071
USER	ComputerDatabase	END	1733469372071
REQUEST		request_2	1733469371796	1733469372071	OK	 
REQUEST		request_2	1733469371793	1733469372071	OK	 
USER	ComputerDatabase	END	1733469372072
USER	ComputerDatabase	END	1733469372072
REQUEST		request_2	1733469371801	1733469372074	OK	 
USER	ComputerDatabase	END	1733469372075
REQUEST		request_2	1733469371793	1733469372076	OK	 
REQUEST		request_2	1733469371794	1733469372076	OK	 
REQUEST		request_2	1733469371808	1733469372076	OK	 
REQUEST		request_2	1733469371805	1733469372076	OK	 
USER	ComputerDatabase	END	1733469372077
USER	ComputerDatabase	END	1733469372077
USER	ComputerDatabase	END	1733469372077
REQUEST		request_2	1733469371798	1733469372077	OK	 
USER	ComputerDatabase	END	1733469372078
USER	ComputerDatabase	END	1733469372079
REQUEST		request_2	1733469371808	1733469372079	OK	 
USER	ComputerDatabase	END	1733469372080
REQUEST		request_2	1733469371810	1733469372083	OK	 
REQUEST		request_2	1733469371791	1733469372083	OK	 
REQUEST		request_2	1733469371805	1733469372083	OK	 
REQUEST		request_2	1733469371808	1733469372083	OK	 
USER	ComputerDatabase	END	1733469372084
USER	ComputerDatabase	END	1733469372084
USER	ComputerDatabase	END	1733469372084
USER	ComputerDatabase	END	1733469372084
REQUEST		request_2	1733469371803	1733469372085	OK	 
USER	ComputerDatabase	END	1733469372086
REQUEST		request_2	1733469371801	1733469372086	OK	 
USER	ComputerDatabase	END	1733469372087
REQUEST		request_2	1733469371805	1733469372088	OK	 
USER	ComputerDatabase	END	1733469372090
REQUEST		request_2	1733469371812	1733469372092	OK	 
USER	ComputerDatabase	END	1733469372093
REQUEST		request_2	1733469371807	1733469372097	OK	 
REQUEST		request_2	1733469371807	1733469372097	OK	 
USER	ComputerDatabase	END	1733469372098
USER	ComputerDatabase	END	1733469372098
REQUEST		request_2	1733469371815	1733469372104	OK	 
USER	ComputerDatabase	END	1733469372105
REQUEST		request_2	1733469372016	1733469372278	OK	 
USER	ComputerDatabase	END	1733469372278
REQUEST		request_2	1733469372046	1733469372308	OK	 
USER	ComputerDatabase	END	1733469372309
REQUEST		request_2	1733469372051	1733469372316	OK	 
USER	ComputerDatabase	END	1733469372317
REQUEST		request_2	1733469372060	1733469372318	OK	 
REQUEST		request_2	1733469372057	1733469372318	OK	 
REQUEST		request_2	1733469372056	1733469372318	OK	 
USER	ComputerDatabase	END	1733469372319
USER	ComputerDatabase	END	1733469372319
USER	ComputerDatabase	END	1733469372319
REQUEST		request_2	1733469372060	1733469372323	OK	 
USER	ComputerDatabase	END	1733469372324
REQUEST		request_2	1733469372064	1733469372326	OK	 
USER	ComputerDatabase	END	1733469372327
REQUEST		request_2	1733469372067	1733469372330	OK	 
USER	ComputerDatabase	END	1733469372331
REQUEST		request_2	1733469372077	1733469372344	OK	 
REQUEST		request_2	1733469372077	1733469372344	OK	 
USER	ComputerDatabase	END	1733469372345
USER	ComputerDatabase	END	1733469372345
REQUEST		request_2	1733469372078	1733469372348	OK	 
USER	ComputerDatabase	END	1733469372349
REQUEST		request_2	1733469372083	1733469372351	OK	 
USER	ComputerDatabase	END	1733469372352
REQUEST		request_2	1733469372085	1733469372354	OK	 
USER	ComputerDatabase	END	1733469372354
REQUEST		request_2	1733469372094	1733469372359	OK	 
USER	ComputerDatabase	END	1733469372359
REQUEST		request_2	1733469372088	1733469372362	OK	 
REQUEST		request_2	1733469372086	1733469372362	OK	 
USER	ComputerDatabase	END	1733469372362
USER	ComputerDatabase	END	1733469372362
REQUEST		request_2	1733469372095	1733469372363	OK	 
REQUEST		request_2	1733469372093	1733469372364	OK	 
USER	ComputerDatabase	END	1733469372364
USER	ComputerDatabase	END	1733469372364
REQUEST		request_2	1733469372101	1733469372368	OK	 
USER	ComputerDatabase	END	1733469372368
REQUEST		request_2	1733469372094	1733469372369	OK	 
USER	ComputerDatabase	END	1733469372369
REQUEST		request_2	1733469372102	1733469372371	OK	 
REQUEST		request_2	1733469372100	1733469372371	OK	 
USER	ComputerDatabase	END	1733469372372
USER	ComputerDatabase	END	1733469372372
REQUEST		request_2	1733469372100	1733469372375	OK	 
REQUEST		request_2	1733469372106	1733469372375	OK	 
REQUEST		request_2	1733469372109	1733469372375	OK	 
USER	ComputerDatabase	END	1733469372376
USER	ComputerDatabase	END	1733469372376
USER	ComputerDatabase	END	1733469372376
REQUEST		request_2	1733469372101	1733469372378	OK	 
REQUEST		request_2	1733469372109	1733469372378	OK	 
USER	ComputerDatabase	END	1733469372379
USER	ComputerDatabase	END	1733469372379
REQUEST		request_2	1733469372110	1733469372382	OK	 
USER	ComputerDatabase	END	1733469372383
REQUEST		request_2	1733469372122	1733469372391	OK	 
USER	ComputerDatabase	END	1733469372391
REQUEST		request_2	1733469372119	1733469372395	OK	 
REQUEST		request_2	1733469372118	1733469372395	OK	 
USER	ComputerDatabase	END	1733469372396
USER	ComputerDatabase	END	1733469372396
REQUEST		request_2	1733469372127	1733469372398	OK	 
USER	ComputerDatabase	END	1733469372399
REQUEST		request_2	1733469372135	1733469372404	OK	 
USER	ComputerDatabase	END	1733469372405
REQUEST		request_2	1733469372127	1733469372410	OK	 
USER	ComputerDatabase	END	1733469372411
REQUEST		request_2	1733469372150	1733469372429	OK	 
REQUEST		request_2	1733469372153	1733469372429	OK	 
USER	ComputerDatabase	END	1733469372429
USER	ComputerDatabase	END	1733469372429
REQUEST		request_2	1733469372153	1733469372430	OK	 
USER	ComputerDatabase	END	1733469372430
REQUEST		request_2	1733469372153	1733469372431	OK	 
USER	ComputerDatabase	END	1733469372431
REQUEST		request_2	1733469372162	1733469372437	OK	 
USER	ComputerDatabase	END	1733469372438
REQUEST		request_2	1733469372166	1733469372451	OK	 
USER	ComputerDatabase	END	1733469372452
REQUEST		request_2	1733469372215	1733469372487	OK	 
USER	ComputerDatabase	END	1733469372488
REQUEST		request_2	1733469372234	1733469372513	OK	 
USER	ComputerDatabase	END	1733469372514
REQUEST		request_2	1733469372443	1733469372707	OK	 
USER	ComputerDatabase	END	1733469372708
REQUEST		request_2	1733469372490	1733469372770	OK	 
REQUEST		request_2	1733469372491	1733469372770	OK	 
USER	ComputerDatabase	END	1733469372771
USER	ComputerDatabase	END	1733469372771
REQUEST		request_2	1733469372490	1733469372772	OK	 
USER	ComputerDatabase	END	1733469372772
REQUEST		request_2	1733469372687	1733469373094	OK	 
REQUEST		request_2	1733469372687	1733469373094	OK	 
REQUEST		request_2	1733469372687	1733469373094	OK	 
REQUEST		request_2	1733469372687	1733469373094	OK	 
REQUEST		request_2	1733469372726	1733469373094	OK	 
USER	ComputerDatabase	END	1733469373096
USER	ComputerDatabase	END	1733469373096
USER	ComputerDatabase	END	1733469373097
USER	ComputerDatabase	END	1733469373097
USER	ComputerDatabase	END	1733469373097
REQUEST		request_2	1733469373300	1733469373654	OK	 
USER	ComputerDatabase	END	1733469373656
REQUEST		request_2	1733469373649	1733469373959	OK	 
REQUEST		request_2	1733469373655	1733469373959	OK	 
REQUEST		request_2	1733469373657	1733469373959	OK	 
REQUEST		request_2	1733469373651	1733469373959	OK	 
REQUEST		request_2	1733469373653	1733469373959	OK	 
REQUEST		request_2	1733469373654	1733469373959	OK	 
USER	ComputerDatabase	END	1733469373960
USER	ComputerDatabase	END	1733469373960
USER	ComputerDatabase	END	1733469373960
USER	ComputerDatabase	END	1733469373960
USER	ComputerDatabase	END	1733469373960
USER	ComputerDatabase	END	1733469373960
REQUEST		request_2	1733469373953	1733469374312	OK	 
REQUEST		request_2	1733469373953	1733469374312	OK	 
REQUEST		request_2	1733469373953	1733469374312	OK	 
USER	ComputerDatabase	END	1733469374314
USER	ComputerDatabase	END	1733469374314
USER	ComputerDatabase	END	1733469374314
REQUEST		request_2	1733469373955	1733469374316	OK	 
USER	ComputerDatabase	END	1733469374318
REQUEST		request_2	1733469375126	1733469375705	OK	 
USER	ComputerDatabase	END	1733469375706
REQUEST		request_2	1733469375694	1733469376053	OK	 
USER	ComputerDatabase	END	1733469376054
